[0.011s] Invoking command in '/home/robohan-ros2-5/test_gui/build/gakurobo_msgs': CMAKE_PREFIX_PATH=/opt/ros/foxy /usr/local/bin/cmake /home/robohan-ros2-5/test_gui/gakurobo_msgs -DCMAKE_INSTALL_PREFIX=/home/robohan-ros2-5/test_gui/install/gakurobo_msgs
[0.047s] -- The C compiler identification is GNU 9.4.0
[0.084s] -- The CXX compiler identification is GNU 9.4.0
[0.095s] -- Detecting C compiler ABI info
[0.138s] -- Detecting C compiler ABI info - done
[0.145s] -- Check for working C compiler: /usr/bin/cc - skipped
[0.145s] -- Detecting C compile features
[0.145s] -- Detecting C compile features - done
[0.152s] -- Detecting CXX compiler ABI info
[0.201s] -- Detecting CXX compiler ABI info - done
[0.210s] -- Check for working CXX compiler: /usr/bin/c++ - skipped
[0.210s] -- Detecting CXX compile features
[0.210s] -- Detecting CXX compile features - done
[0.212s] -- Found ament_cmake: 0.9.12 (/opt/ros/foxy/share/ament_cmake/cmake)
[0.214s] [33mCMake Warning (dev) at /opt/ros/foxy/share/ament_cmake_core/cmake/core/python.cmake:22 (find_package):
[0.215s]   Policy CMP0148 is not set: The FindPythonInterp and FindPythonLibs modules
[0.215s]   are removed.  Run "cmake --help-policy CMP0148" for policy details.  Use
[0.215s]   the cmake_policy command to set the policy and suppress this warning.
[0.215s] 
[0.215s] Call Stack (most recent call first):
[0.215s]   /opt/ros/foxy/share/ament_cmake_core/cmake/core/all.cmake:53 (include)
[0.215s]   /opt/ros/foxy/share/ament_cmake_core/cmake/ament_cmake_core-extras.cmake:17 (include)
[0.215s]   /opt/ros/foxy/share/ament_cmake_core/cmake/ament_cmake_coreConfig.cmake:41 (include)
[0.215s]   /opt/ros/foxy/share/ament_cmake/cmake/ament_cmake_export_dependencies-extras.cmake:15 (find_package)
[0.215s]   /opt/ros/foxy/share/ament_cmake/cmake/ament_cmakeConfig.cmake:41 (include)
[0.215s]   CMakeLists.txt:9 (find_package)
[0.215s] This warning is for project developers.  Use -Wno-dev to suppress it.
[0.215s] [0m
[0.228s] -- Found PythonInterp: /usr/bin/python3 (found suitable version "3.8.10", minimum required is "3") 
[0.228s] -- Using PYTHON_EXECUTABLE: /usr/bin/python3
[0.368s] -- Found rosidl_default_generators: 1.0.1 (/opt/ros/foxy/share/rosidl_default_generators/cmake)
[0.370s] -- Using all available rosidl_typesupport_c: rosidl_typesupport_fastrtps_c;rosidl_typesupport_introspection_c
[0.374s] -- Found rosidl_adapter: 1.3.1 (/opt/ros/foxy/share/rosidl_adapter/cmake)
[0.439s] -- Found OpenSSL: /usr/lib/x86_64-linux-gnu/libcrypto.so (found version "1.1.1f")  
[0.462s] -- Found FastRTPS: /opt/ros/foxy/include  
[0.516s] -- Using all available rosidl_typesupport_cpp: rosidl_typesupport_fastrtps_cpp;rosidl_typesupport_introspection_cpp
[0.534s] [33mCMake Warning (dev) at /opt/ros/foxy/share/rosidl_adapter/cmake/rosidl_adapt_interfaces.cmake:40 (find_package):
[0.534s]   Policy CMP0148 is not set: The FindPythonInterp and FindPythonLibs modules
[0.534s]   are removed.  Run "cmake --help-policy CMP0148" for policy details.  Use
[0.534s]   the cmake_policy command to set the policy and suppress this warning.
[0.534s] 
[0.534s] Call Stack (most recent call first):
[0.534s]   /opt/ros/foxy/share/rosidl_cmake/cmake/rosidl_generate_interfaces.cmake:130 (rosidl_adapt_interfaces)
[0.534s]   CMakeLists.txt:14 (rosidl_generate_interfaces)
[0.534s] This warning is for project developers.  Use -Wno-dev to suppress it.
[0.534s] [0m
[0.549s] -- Found PythonInterp: /usr/bin/python3 (found version "3.8.10") 
[0.654s] -- Found ament_cmake_ros: 0.9.2 (/opt/ros/foxy/share/ament_cmake_ros/cmake)
[0.721s] -- Using all available rosidl_typesupport_c: rosidl_typesupport_fastrtps_c;rosidl_typesupport_introspection_c
[0.726s] -- Using all available rosidl_typesupport_cpp: rosidl_typesupport_fastrtps_cpp;rosidl_typesupport_introspection_cpp
[0.728s] [33mCMake Warning (dev) at /opt/ros/foxy/share/rosidl_generator_py/cmake/rosidl_generator_py_generate_interfaces.cmake:20 (find_package):
[0.728s]   Policy CMP0148 is not set: The FindPythonInterp and FindPythonLibs modules
[0.728s]   are removed.  Run "cmake --help-policy CMP0148" for policy details.  Use
[0.728s]   the cmake_policy command to set the policy and suppress this warning.
[0.728s] 
[0.728s] Call Stack (most recent call first):
[0.728s]   /opt/ros/foxy/share/ament_cmake_core/cmake/core/ament_execute_extensions.cmake:48 (include)
[0.728s]   /opt/ros/foxy/share/rosidl_cmake/cmake/rosidl_generate_interfaces.cmake:286 (ament_execute_extensions)
[0.729s]   CMakeLists.txt:14 (rosidl_generate_interfaces)
[0.729s] This warning is for project developers.  Use -Wno-dev to suppress it.
[0.729s] [0m
[0.741s] -- Found PythonInterp: /usr/bin/python3 (found suitable version "3.8.10", minimum required is "3.5") 
[0.743s] -- Found python_cmake_module: 0.8.1 (/opt/ros/foxy/share/python_cmake_module/cmake)
[0.743s] [33mCMake Warning (dev) at /opt/ros/foxy/share/python_cmake_module/cmake/Modules/FindPythonExtra.cmake:45 (find_package):
[0.743s]   Policy CMP0148 is not set: The FindPythonInterp and FindPythonLibs modules
[0.743s]   are removed.  Run "cmake --help-policy CMP0148" for policy details.  Use
[0.743s]   the cmake_policy command to set the policy and suppress this warning.
[0.743s] 
[0.743s] Call Stack (most recent call first):
[0.743s]   /opt/ros/foxy/share/rosidl_generator_py/cmake/rosidl_generator_py_generate_interfaces.cmake:23 (find_package)
[0.743s]   /opt/ros/foxy/share/ament_cmake_core/cmake/core/ament_execute_extensions.cmake:48 (include)
[0.743s]   /opt/ros/foxy/share/rosidl_cmake/cmake/rosidl_generate_interfaces.cmake:286 (ament_execute_extensions)
[0.743s]   CMakeLists.txt:14 (rosidl_generate_interfaces)
[0.743s] This warning is for project developers.  Use -Wno-dev to suppress it.
[0.743s] [0m
[0.757s] [33mCMake Warning (dev) at /opt/ros/foxy/share/python_cmake_module/cmake/Modules/FindPythonExtra.cmake:133 (find_package):
[0.757s]   Policy CMP0148 is not set: The FindPythonInterp and FindPythonLibs modules
[0.757s]   are removed.  Run "cmake --help-policy CMP0148" for policy details.  Use
[0.757s]   the cmake_policy command to set the policy and suppress this warning.
[0.757s] 
[0.757s] Call Stack (most recent call first):
[0.757s]   /opt/ros/foxy/share/rosidl_generator_py/cmake/rosidl_generator_py_generate_interfaces.cmake:23 (find_package)
[0.758s]   /opt/ros/foxy/share/ament_cmake_core/cmake/core/ament_execute_extensions.cmake:48 (include)
[0.758s]   /opt/ros/foxy/share/rosidl_cmake/cmake/rosidl_generate_interfaces.cmake:286 (ament_execute_extensions)
[0.758s]   CMakeLists.txt:14 (rosidl_generate_interfaces)
[0.758s] This warning is for project developers.  Use -Wno-dev to suppress it.
[0.758s] [0m
[0.761s] -- Found PythonLibs: /usr/lib/x86_64-linux-gnu/libpython3.8.so (found suitable version "3.8.10", minimum required is "3.5") 
[0.762s] -- Using PYTHON_EXECUTABLE: /usr/bin/python3
[0.762s] -- Using PYTHON_INCLUDE_DIRS: /usr/include/python3.8
[0.762s] -- Using PYTHON_LIBRARIES: /usr/lib/x86_64-linux-gnu/libpython3.8.so
[0.776s] -- Found PythonExtra: .so  
[0.802s] -- Found ament_lint_auto: 0.9.8 (/opt/ros/foxy/share/ament_lint_auto/cmake)
[0.817s] -- Added test 'copyright' to check source files copyright and LICENSE
[0.820s] -- Added test 'cppcheck' to perform static code analysis on C / C++ code
[0.821s] -- Configured cppcheck include dirs: 
[0.821s] -- Configured cppcheck exclude dirs and/or files: 
[0.825s] -- Added test 'cpplint' to check C / C++ code against the Google style
[0.825s] -- Configured cpplint exclude dirs and/or files: 
[0.825s] -- Added test 'flake8' to check Python code syntax and style conventions
[0.827s] -- Added test 'lint_cmake' to check CMake code style
[0.827s] -- Added test 'pep257' to check Python code against some of the style conventions in PEP 257
[0.831s] -- Added test 'uncrustify' to check C / C++ code style
[0.831s] -- Configured uncrustify additional arguments: 
[0.831s] -- Added test 'xmllint' to check XML markup files
[0.833s] -- Configuring done (0.8s)
[0.876s] -- Generating done (0.0s)
[0.879s] -- Build files have been written to: /home/robohan-ros2-5/test_gui/build/gakurobo_msgs
