[0.135s] DEBUG:colcon:Command line arguments: ['/usr/bin/colcon', 'build', '--packages-select', 'gakurobo_msgs']
[0.135s] DEBUG:colcon:Parsed command line arguments: Namespace(allow_overriding=[], ament_cmake_args=None, base_paths=['.'], build_base='build', catkin_cmake_args=None, catkin_skip_building_tests=False, cmake_args=None, cmake_clean_cache=False, cmake_clean_first=False, cmake_force_configure=False, cmake_target=None, cmake_target_skip_unavailable=False, continue_on_error=False, event_handlers=None, executor='parallel', ignore_user_meta=False, install_base='install', log_base=None, log_level=None, main=<bound method BuildVerb.main of <colcon_core.verb.build.BuildVerb object at 0x7efec9a01700>>, merge_install=False, metas=['./colcon.meta'], packages_above=None, packages_above_and_dependencies=None, packages_above_depth=None, packages_end=None, packages_ignore=None, packages_ignore_regex=None, packages_select=['gakurobo_msgs'], packages_select_build_failed=False, packages_select_by_dep=None, packages_select_regex=None, packages_select_test_failures=False, packages_skip=None, packages_skip_build_finished=False, packages_skip_by_dep=None, packages_skip_regex=None, packages_skip_test_passed=False, packages_skip_up_to=None, packages_start=None, packages_up_to=None, packages_up_to_regex=None, parallel_workers=8, paths=None, symlink_install=False, test_result_base=None, verb_extension=<colcon_core.verb.build.BuildVerb object at 0x7efec9a01700>, verb_name='build', verb_parser=<colcon_defaults.argument_parser.defaults.DefaultArgumentsDecorator object at 0x7efec9a01b50>)
[0.234s] Level 1:colcon.colcon_core.package_discovery:discover_packages(colcon_meta) check parameters
[0.235s] Level 1:colcon.colcon_core.package_discovery:discover_packages(recursive) check parameters
[0.235s] Level 1:colcon.colcon_core.package_discovery:discover_packages(ignore) check parameters
[0.235s] Level 1:colcon.colcon_core.package_discovery:discover_packages(path) check parameters
[0.235s] Level 1:colcon.colcon_core.package_discovery:discover_packages(colcon_meta) discover
[0.235s] Level 1:colcon.colcon_core.package_discovery:discover_packages(recursive) discover
[0.235s] INFO:colcon.colcon_core.package_discovery:Crawling recursively for packages in '/home/robohan-ros2-5/test_gui'
[0.235s] Level 1:colcon.colcon_core.package_identification:_identify(.) by extensions ['ignore', 'ignore_ament_install']
[0.235s] Level 1:colcon.colcon_core.package_identification:_identify(.) by extension 'ignore'
[0.235s] Level 1:colcon.colcon_core.package_identification:_identify(.) by extension 'ignore_ament_install'
[0.235s] Level 1:colcon.colcon_core.package_identification:_identify(.) by extensions ['colcon_pkg']
[0.235s] Level 1:colcon.colcon_core.package_identification:_identify(.) by extension 'colcon_pkg'
[0.235s] Level 1:colcon.colcon_core.package_identification:_identify(.) by extensions ['colcon_meta']
[0.235s] Level 1:colcon.colcon_core.package_identification:_identify(.) by extension 'colcon_meta'
[0.235s] Level 1:colcon.colcon_core.package_identification:_identify(.) by extensions ['ros']
[0.235s] Level 1:colcon.colcon_core.package_identification:_identify(.) by extension 'ros'
[0.242s] Level 1:colcon.colcon_core.package_identification:_identify(.) by extensions ['cmake', 'python']
[0.242s] Level 1:colcon.colcon_core.package_identification:_identify(.) by extension 'cmake'
[0.242s] Level 1:colcon.colcon_core.package_identification:_identify(.) by extension 'python'
[0.242s] Level 1:colcon.colcon_core.package_identification:_identify(.) by extensions ['python_setup_py']
[0.242s] Level 1:colcon.colcon_core.package_identification:_identify(.) by extension 'python_setup_py'
[0.242s] Level 1:colcon.colcon_core.package_identification:_identify(__pycache__) by extensions ['ignore', 'ignore_ament_install']
[0.242s] Level 1:colcon.colcon_core.package_identification:_identify(__pycache__) by extension 'ignore'
[0.242s] Level 1:colcon.colcon_core.package_identification:_identify(__pycache__) by extension 'ignore_ament_install'
[0.242s] Level 1:colcon.colcon_core.package_identification:_identify(__pycache__) by extensions ['colcon_pkg']
[0.242s] Level 1:colcon.colcon_core.package_identification:_identify(__pycache__) by extension 'colcon_pkg'
[0.242s] Level 1:colcon.colcon_core.package_identification:_identify(__pycache__) by extensions ['colcon_meta']
[0.242s] Level 1:colcon.colcon_core.package_identification:_identify(__pycache__) by extension 'colcon_meta'
[0.242s] Level 1:colcon.colcon_core.package_identification:_identify(__pycache__) by extensions ['ros']
[0.242s] Level 1:colcon.colcon_core.package_identification:_identify(__pycache__) by extension 'ros'
[0.242s] Level 1:colcon.colcon_core.package_identification:_identify(__pycache__) by extensions ['cmake', 'python']
[0.242s] Level 1:colcon.colcon_core.package_identification:_identify(__pycache__) by extension 'cmake'
[0.242s] Level 1:colcon.colcon_core.package_identification:_identify(__pycache__) by extension 'python'
[0.242s] Level 1:colcon.colcon_core.package_identification:_identify(__pycache__) by extensions ['python_setup_py']
[0.242s] Level 1:colcon.colcon_core.package_identification:_identify(__pycache__) by extension 'python_setup_py'
[0.243s] Level 1:colcon.colcon_core.package_identification:_identify(build) by extensions ['ignore', 'ignore_ament_install']
[0.243s] Level 1:colcon.colcon_core.package_identification:_identify(build) by extension 'ignore'
[0.243s] Level 1:colcon.colcon_core.package_identification:_identify(build) ignored
[0.243s] Level 1:colcon.colcon_core.package_identification:_identify(gakurobo_msgs) by extensions ['ignore', 'ignore_ament_install']
[0.243s] Level 1:colcon.colcon_core.package_identification:_identify(gakurobo_msgs) by extension 'ignore'
[0.243s] Level 1:colcon.colcon_core.package_identification:_identify(gakurobo_msgs) by extension 'ignore_ament_install'
[0.243s] Level 1:colcon.colcon_core.package_identification:_identify(gakurobo_msgs) by extensions ['colcon_pkg']
[0.243s] Level 1:colcon.colcon_core.package_identification:_identify(gakurobo_msgs) by extension 'colcon_pkg'
[0.243s] Level 1:colcon.colcon_core.package_identification:_identify(gakurobo_msgs) by extensions ['colcon_meta']
[0.243s] Level 1:colcon.colcon_core.package_identification:_identify(gakurobo_msgs) by extension 'colcon_meta'
[0.243s] Level 1:colcon.colcon_core.package_identification:_identify(gakurobo_msgs) by extensions ['ros']
[0.243s] Level 1:colcon.colcon_core.package_identification:_identify(gakurobo_msgs) by extension 'ros'
[0.244s] DEBUG:colcon.colcon_core.package_identification:Package 'gakurobo_msgs' with type 'ros.ament_cmake' and name 'gakurobo_msgs'
[0.245s] Level 1:colcon.colcon_core.package_identification:_identify(install) by extensions ['ignore', 'ignore_ament_install']
[0.245s] Level 1:colcon.colcon_core.package_identification:_identify(install) by extension 'ignore'
[0.245s] Level 1:colcon.colcon_core.package_identification:_identify(install) ignored
[0.245s] Level 1:colcon.colcon_core.package_identification:_identify(log) by extensions ['ignore', 'ignore_ament_install']
[0.245s] Level 1:colcon.colcon_core.package_identification:_identify(log) by extension 'ignore'
[0.245s] Level 1:colcon.colcon_core.package_identification:_identify(log) ignored
[0.245s] Level 1:colcon.colcon_core.package_identification:_identify(src) by extensions ['ignore', 'ignore_ament_install']
[0.245s] Level 1:colcon.colcon_core.package_identification:_identify(src) by extension 'ignore'
[0.245s] Level 1:colcon.colcon_core.package_identification:_identify(src) by extension 'ignore_ament_install'
[0.245s] Level 1:colcon.colcon_core.package_identification:_identify(src) by extensions ['colcon_pkg']
[0.245s] Level 1:colcon.colcon_core.package_identification:_identify(src) by extension 'colcon_pkg'
[0.245s] Level 1:colcon.colcon_core.package_identification:_identify(src) by extensions ['colcon_meta']
[0.245s] Level 1:colcon.colcon_core.package_identification:_identify(src) by extension 'colcon_meta'
[0.245s] Level 1:colcon.colcon_core.package_identification:_identify(src) by extensions ['ros']
[0.245s] Level 1:colcon.colcon_core.package_identification:_identify(src) by extension 'ros'
[0.245s] Level 1:colcon.colcon_core.package_identification:_identify(src) by extensions ['cmake', 'python']
[0.245s] Level 1:colcon.colcon_core.package_identification:_identify(src) by extension 'cmake'
[0.245s] Level 1:colcon.colcon_core.package_identification:_identify(src) by extension 'python'
[0.245s] Level 1:colcon.colcon_core.package_identification:_identify(src) by extensions ['python_setup_py']
[0.245s] Level 1:colcon.colcon_core.package_identification:_identify(src) by extension 'python_setup_py'
[0.389s] DEBUG:colcon.colcon_core.package_identification:Package 'src' with type 'python' and name 'move'
[0.389s] Level 1:colcon.colcon_core.package_discovery:discover_packages(recursive) using defaults
[0.389s] Level 1:colcon.colcon_core.package_discovery:discover_packages(ignore) discover
[0.389s] Level 1:colcon.colcon_core.package_discovery:discover_packages(ignore) using defaults
[0.389s] Level 1:colcon.colcon_core.package_discovery:discover_packages(path) discover
[0.389s] Level 1:colcon.colcon_core.package_discovery:discover_packages(path) using defaults
[0.400s] INFO:colcon.colcon_core.package_selection:Skipping not selected package 'move' in 'src'
[0.400s] Level 1:colcon.colcon_core.package_discovery:discover_packages(prefix_path) check parameters
[0.400s] Level 1:colcon.colcon_core.package_discovery:discover_packages(prefix_path) discover
[0.402s] DEBUG:colcon.colcon_installed_package_information.package_discovery:Found 327 installed packages in /opt/ros/foxy
[0.410s] Level 1:colcon.colcon_core.package_discovery:discover_packages(prefix_path) using defaults
[0.447s] Level 5:colcon.colcon_core.verb:set package 'gakurobo_msgs' build argument 'cmake_args' from command line to 'None'
[0.448s] Level 5:colcon.colcon_core.verb:set package 'gakurobo_msgs' build argument 'cmake_target' from command line to 'None'
[0.448s] Level 5:colcon.colcon_core.verb:set package 'gakurobo_msgs' build argument 'cmake_target_skip_unavailable' from command line to 'False'
[0.448s] Level 5:colcon.colcon_core.verb:set package 'gakurobo_msgs' build argument 'cmake_clean_cache' from command line to 'False'
[0.448s] Level 5:colcon.colcon_core.verb:set package 'gakurobo_msgs' build argument 'cmake_clean_first' from command line to 'False'
[0.448s] Level 5:colcon.colcon_core.verb:set package 'gakurobo_msgs' build argument 'cmake_force_configure' from command line to 'False'
[0.448s] Level 5:colcon.colcon_core.verb:set package 'gakurobo_msgs' build argument 'ament_cmake_args' from command line to 'None'
[0.448s] Level 5:colcon.colcon_core.verb:set package 'gakurobo_msgs' build argument 'catkin_cmake_args' from command line to 'None'
[0.448s] Level 5:colcon.colcon_core.verb:set package 'gakurobo_msgs' build argument 'catkin_skip_building_tests' from command line to 'False'
[0.448s] DEBUG:colcon.colcon_core.verb:Building package 'gakurobo_msgs' with the following arguments: {'ament_cmake_args': None, 'build_base': '/home/robohan-ros2-5/test_gui/build/gakurobo_msgs', 'catkin_cmake_args': None, 'catkin_skip_building_tests': False, 'cmake_args': None, 'cmake_clean_cache': False, 'cmake_clean_first': False, 'cmake_force_configure': False, 'cmake_target': None, 'cmake_target_skip_unavailable': False, 'install_base': '/home/robohan-ros2-5/test_gui/install/gakurobo_msgs', 'merge_install': False, 'path': '/home/robohan-ros2-5/test_gui/gakurobo_msgs', 'symlink_install': False, 'test_result_base': None}
[0.448s] INFO:colcon.colcon_core.executor:Executing jobs using 'parallel' executor
[0.449s] DEBUG:colcon.colcon_parallel_executor.executor.parallel:run_until_complete
[0.449s] INFO:colcon.colcon_ros.task.ament_cmake.build:Building ROS package in '/home/robohan-ros2-5/test_gui/gakurobo_msgs' with build type 'ament_cmake'
[0.449s] INFO:colcon.colcon_cmake.task.cmake.build:Building CMake package in '/home/robohan-ros2-5/test_gui/gakurobo_msgs'
[0.450s] INFO:colcon.colcon_core.plugin_system:Skipping extension 'colcon_core.shell.bat': Not used on non-Windows systems
[0.450s] INFO:colcon.colcon_core.shell:Skip shell extension 'powershell' for command environment: Not usable outside of PowerShell
[0.450s] DEBUG:colcon.colcon_core.shell:Skip shell extension 'dsv' for command environment
[0.458s] DEBUG:colcon.colcon_core.event_handler.log_command:Invoking command in '/home/robohan-ros2-5/test_gui/build/gakurobo_msgs': CMAKE_PREFIX_PATH=/opt/ros/foxy /usr/local/bin/cmake --build /home/robohan-ros2-5/test_gui/build/gakurobo_msgs -- -j8 -l8
[5.244s] DEBUG:colcon.colcon_core.event_handler.log_command:Invoked command in '/home/robohan-ros2-5/test_gui/build/gakurobo_msgs' returned '0': CMAKE_PREFIX_PATH=/opt/ros/foxy /usr/local/bin/cmake --build /home/robohan-ros2-5/test_gui/build/gakurobo_msgs -- -j8 -l8
[5.343s] DEBUG:colcon.colcon_core.event_handler.log_command:Invoking command in '/home/robohan-ros2-5/test_gui/build/gakurobo_msgs': CMAKE_PREFIX_PATH=/opt/ros/foxy /usr/local/bin/cmake --install /home/robohan-ros2-5/test_gui/build/gakurobo_msgs
[5.391s] Level 1:colcon.colcon_core.environment:create_environment_scripts_only(gakurobo_msgs)
[5.391s] DEBUG:colcon.colcon_core.event_handler.log_command:Invoked command in '/home/robohan-ros2-5/test_gui/build/gakurobo_msgs' returned '0': CMAKE_PREFIX_PATH=/opt/ros/foxy /usr/local/bin/cmake --install /home/robohan-ros2-5/test_gui/build/gakurobo_msgs
[5.392s] Level 1:colcon.colcon_core.environment:checking '/home/robohan-ros2-5/test_gui/install/gakurobo_msgs' for CMake module files
[5.393s] Level 1:colcon.colcon_core.environment:checking '/home/robohan-ros2-5/test_gui/install/gakurobo_msgs' for CMake config files
[5.393s] Level 1:colcon.colcon_core.shell:create_environment_hook('gakurobo_msgs', 'cmake_prefix_path')
[5.393s] INFO:colcon.colcon_core.shell:Creating environment hook '/home/robohan-ros2-5/test_gui/install/gakurobo_msgs/share/gakurobo_msgs/hook/cmake_prefix_path.ps1'
[5.394s] INFO:colcon.colcon_core.shell:Creating environment descriptor '/home/robohan-ros2-5/test_gui/install/gakurobo_msgs/share/gakurobo_msgs/hook/cmake_prefix_path.dsv'
[5.394s] INFO:colcon.colcon_core.shell:Creating environment hook '/home/robohan-ros2-5/test_gui/install/gakurobo_msgs/share/gakurobo_msgs/hook/cmake_prefix_path.sh'
[5.395s] Level 1:colcon.colcon_core.environment:checking '/home/robohan-ros2-5/test_gui/install/gakurobo_msgs/lib'
[5.395s] Level 1:colcon.colcon_core.shell:create_environment_hook('gakurobo_msgs', 'ld_library_path_lib')
[5.395s] INFO:colcon.colcon_core.shell:Creating environment hook '/home/robohan-ros2-5/test_gui/install/gakurobo_msgs/share/gakurobo_msgs/hook/ld_library_path_lib.ps1'
[5.395s] INFO:colcon.colcon_core.shell:Creating environment descriptor '/home/robohan-ros2-5/test_gui/install/gakurobo_msgs/share/gakurobo_msgs/hook/ld_library_path_lib.dsv'
[5.395s] INFO:colcon.colcon_core.shell:Creating environment hook '/home/robohan-ros2-5/test_gui/install/gakurobo_msgs/share/gakurobo_msgs/hook/ld_library_path_lib.sh'
[5.395s] Level 1:colcon.colcon_core.environment:checking '/home/robohan-ros2-5/test_gui/install/gakurobo_msgs/bin'
[5.395s] Level 1:colcon.colcon_core.environment:checking '/home/robohan-ros2-5/test_gui/install/gakurobo_msgs/lib/pkgconfig/gakurobo_msgs.pc'
[5.396s] Level 1:colcon.colcon_core.environment:checking '/home/robohan-ros2-5/test_gui/install/gakurobo_msgs/lib/python3.8/site-packages'
[5.396s] Level 1:colcon.colcon_core.shell:create_environment_hook('gakurobo_msgs', 'pythonpath')
[5.396s] INFO:colcon.colcon_core.shell:Creating environment hook '/home/robohan-ros2-5/test_gui/install/gakurobo_msgs/share/gakurobo_msgs/hook/pythonpath.ps1'
[5.396s] INFO:colcon.colcon_core.shell:Creating environment descriptor '/home/robohan-ros2-5/test_gui/install/gakurobo_msgs/share/gakurobo_msgs/hook/pythonpath.dsv'
[5.396s] INFO:colcon.colcon_core.shell:Creating environment hook '/home/robohan-ros2-5/test_gui/install/gakurobo_msgs/share/gakurobo_msgs/hook/pythonpath.sh'
[5.396s] Level 1:colcon.colcon_core.environment:checking '/home/robohan-ros2-5/test_gui/install/gakurobo_msgs/bin'
[5.397s] INFO:colcon.colcon_core.shell:Creating package script '/home/robohan-ros2-5/test_gui/install/gakurobo_msgs/share/gakurobo_msgs/package.ps1'
[5.397s] INFO:colcon.colcon_core.shell:Creating package descriptor '/home/robohan-ros2-5/test_gui/install/gakurobo_msgs/share/gakurobo_msgs/package.dsv'
[5.397s] INFO:colcon.colcon_core.shell:Creating package script '/home/robohan-ros2-5/test_gui/install/gakurobo_msgs/share/gakurobo_msgs/package.sh'
[5.398s] INFO:colcon.colcon_core.shell:Creating package script '/home/robohan-ros2-5/test_gui/install/gakurobo_msgs/share/gakurobo_msgs/package.bash'
[5.398s] INFO:colcon.colcon_core.shell:Creating package script '/home/robohan-ros2-5/test_gui/install/gakurobo_msgs/share/gakurobo_msgs/package.zsh'
[5.399s] Level 1:colcon.colcon_core.environment:create_file_with_runtime_dependencies(/home/robohan-ros2-5/test_gui/install/gakurobo_msgs/share/colcon-core/packages/gakurobo_msgs)
[5.494s] Level 1:colcon.colcon_core.environment:create_environment_scripts_only(gakurobo_msgs)
[5.494s] Level 1:colcon.colcon_core.environment:checking '/home/robohan-ros2-5/test_gui/install/gakurobo_msgs' for CMake module files
[5.495s] Level 1:colcon.colcon_core.environment:checking '/home/robohan-ros2-5/test_gui/install/gakurobo_msgs' for CMake config files
[5.495s] Level 1:colcon.colcon_core.shell:create_environment_hook('gakurobo_msgs', 'cmake_prefix_path')
[5.495s] INFO:colcon.colcon_core.shell:Creating environment hook '/home/robohan-ros2-5/test_gui/install/gakurobo_msgs/share/gakurobo_msgs/hook/cmake_prefix_path.ps1'
[5.496s] INFO:colcon.colcon_core.shell:Creating environment descriptor '/home/robohan-ros2-5/test_gui/install/gakurobo_msgs/share/gakurobo_msgs/hook/cmake_prefix_path.dsv'
[5.496s] INFO:colcon.colcon_core.shell:Creating environment hook '/home/robohan-ros2-5/test_gui/install/gakurobo_msgs/share/gakurobo_msgs/hook/cmake_prefix_path.sh'
[5.496s] Level 1:colcon.colcon_core.environment:checking '/home/robohan-ros2-5/test_gui/install/gakurobo_msgs/lib'
[5.496s] Level 1:colcon.colcon_core.shell:create_environment_hook('gakurobo_msgs', 'ld_library_path_lib')
[5.497s] INFO:colcon.colcon_core.shell:Creating environment hook '/home/robohan-ros2-5/test_gui/install/gakurobo_msgs/share/gakurobo_msgs/hook/ld_library_path_lib.ps1'
[5.497s] INFO:colcon.colcon_core.shell:Creating environment descriptor '/home/robohan-ros2-5/test_gui/install/gakurobo_msgs/share/gakurobo_msgs/hook/ld_library_path_lib.dsv'
[5.497s] INFO:colcon.colcon_core.shell:Creating environment hook '/home/robohan-ros2-5/test_gui/install/gakurobo_msgs/share/gakurobo_msgs/hook/ld_library_path_lib.sh'
[5.497s] Level 1:colcon.colcon_core.environment:checking '/home/robohan-ros2-5/test_gui/install/gakurobo_msgs/bin'
[5.497s] Level 1:colcon.colcon_core.environment:checking '/home/robohan-ros2-5/test_gui/install/gakurobo_msgs/lib/pkgconfig/gakurobo_msgs.pc'
[5.497s] Level 1:colcon.colcon_core.environment:checking '/home/robohan-ros2-5/test_gui/install/gakurobo_msgs/lib/python3.8/site-packages'
[5.497s] Level 1:colcon.colcon_core.shell:create_environment_hook('gakurobo_msgs', 'pythonpath')
[5.498s] INFO:colcon.colcon_core.shell:Creating environment hook '/home/robohan-ros2-5/test_gui/install/gakurobo_msgs/share/gakurobo_msgs/hook/pythonpath.ps1'
[5.498s] INFO:colcon.colcon_core.shell:Creating environment descriptor '/home/robohan-ros2-5/test_gui/install/gakurobo_msgs/share/gakurobo_msgs/hook/pythonpath.dsv'
[5.498s] INFO:colcon.colcon_core.shell:Creating environment hook '/home/robohan-ros2-5/test_gui/install/gakurobo_msgs/share/gakurobo_msgs/hook/pythonpath.sh'
[5.498s] Level 1:colcon.colcon_core.environment:checking '/home/robohan-ros2-5/test_gui/install/gakurobo_msgs/bin'
[5.498s] INFO:colcon.colcon_core.shell:Creating package script '/home/robohan-ros2-5/test_gui/install/gakurobo_msgs/share/gakurobo_msgs/package.ps1'
[5.499s] INFO:colcon.colcon_core.shell:Creating package descriptor '/home/robohan-ros2-5/test_gui/install/gakurobo_msgs/share/gakurobo_msgs/package.dsv'
[5.499s] INFO:colcon.colcon_core.shell:Creating package script '/home/robohan-ros2-5/test_gui/install/gakurobo_msgs/share/gakurobo_msgs/package.sh'
[5.499s] INFO:colcon.colcon_core.shell:Creating package script '/home/robohan-ros2-5/test_gui/install/gakurobo_msgs/share/gakurobo_msgs/package.bash'
[5.500s] INFO:colcon.colcon_core.shell:Creating package script '/home/robohan-ros2-5/test_gui/install/gakurobo_msgs/share/gakurobo_msgs/package.zsh'
[5.500s] Level 1:colcon.colcon_core.environment:create_file_with_runtime_dependencies(/home/robohan-ros2-5/test_gui/install/gakurobo_msgs/share/colcon-core/packages/gakurobo_msgs)
[5.500s] DEBUG:colcon.colcon_parallel_executor.executor.parallel:closing loop
[5.500s] DEBUG:colcon.colcon_parallel_executor.executor.parallel:loop closed
[5.500s] DEBUG:colcon.colcon_parallel_executor.executor.parallel:run_until_complete finished with '0'
[5.500s] DEBUG:colcon.colcon_core.event_reactor:joining thread
[5.512s] INFO:colcon.colcon_core.plugin_system:Skipping extension 'colcon_notification.desktop_notification.terminal_notifier': Not used on non-Darwin systems
[5.512s] INFO:colcon.colcon_core.plugin_system:Skipping extension 'colcon_notification.desktop_notification.win32': Not used on non-Windows systems
[5.512s] INFO:colcon.colcon_notification.desktop_notification:Sending desktop notification using 'notify2'
[5.523s] DEBUG:colcon.colcon_core.event_reactor:joined thread
[5.524s] INFO:colcon.colcon_core.shell:Creating prefix script '/home/robohan-ros2-5/test_gui/install/local_setup.ps1'
[5.524s] INFO:colcon.colcon_core.shell:Creating prefix util module '/home/robohan-ros2-5/test_gui/install/_local_setup_util_ps1.py'
[5.525s] INFO:colcon.colcon_core.shell:Creating prefix chain script '/home/robohan-ros2-5/test_gui/install/setup.ps1'
[5.526s] INFO:colcon.colcon_core.shell:Creating prefix script '/home/robohan-ros2-5/test_gui/install/local_setup.sh'
[5.526s] INFO:colcon.colcon_core.shell:Creating prefix util module '/home/robohan-ros2-5/test_gui/install/_local_setup_util_sh.py'
[5.527s] INFO:colcon.colcon_core.shell:Creating prefix chain script '/home/robohan-ros2-5/test_gui/install/setup.sh'
[5.527s] INFO:colcon.colcon_core.shell:Creating prefix script '/home/robohan-ros2-5/test_gui/install/local_setup.bash'
[5.528s] INFO:colcon.colcon_core.shell:Creating prefix chain script '/home/robohan-ros2-5/test_gui/install/setup.bash'
[5.528s] INFO:colcon.colcon_core.shell:Creating prefix script '/home/robohan-ros2-5/test_gui/install/local_setup.zsh'
[5.528s] INFO:colcon.colcon_core.shell:Creating prefix chain script '/home/robohan-ros2-5/test_gui/install/setup.zsh'
