[  1%] [34m[1mGenerating C code for ROS interfaces[0m
[  1%] [34m[1mGenerating C++ code for ROS interfaces[0m
[  1%] Built target gakurobo_msgs__cpp
[  4%] [34m[1mGenerating C++ introspection for ROS interfaces[0m
[  4%] [34m[1mGenerating C++ type support dispatch for ROS interfaces[0m
[  4%] [34m[1mGenerating C++ type support for eProsima Fast-RTPS[0m
[  6%] [32mBuilding C object CMakeFiles/gakurobo_msgs__rosidl_generator_c.dir/rosidl_generator_c/gakurobo_msgs/msg/detail/setpower__functions.c.o[0m
[  7%] [32mBuilding C object CMakeFiles/gakurobo_msgs__rosidl_generator_c.dir/rosidl_generator_c/gakurobo_msgs/msg/detail/aims__functions.c.o[0m
[  8%] [32mBuilding C object CMakeFiles/gakurobo_msgs__rosidl_generator_c.dir/rosidl_generator_c/gakurobo_msgs/msg/detail/serch_ball__functions.c.o[0m
[  9%] [32mBuilding C object CMakeFiles/gakurobo_msgs__rosidl_generator_c.dir/rosidl_generator_c/gakurobo_msgs/msg/detail/from_f7__functions.c.o[0m
[  9%] [32mBuilding C object CMakeFiles/gakurobo_msgs__rosidl_generator_c.dir/rosidl_generator_c/gakurobo_msgs/msg/detail/serch_sairo__functions.c.o[0m
[ 10%] [32mBuilding C object CMakeFiles/gakurobo_msgs__rosidl_generator_c.dir/rosidl_generator_c/gakurobo_msgs/msg/detail/pid__functions.c.o[0m
[ 11%] [32mBuilding C object CMakeFiles/gakurobo_msgs__rosidl_generator_c.dir/rosidl_generator_c/gakurobo_msgs/msg/detail/emergency__functions.c.o[0m
[ 12%] [32mBuilding C object CMakeFiles/gakurobo_msgs__rosidl_generator_c.dir/rosidl_generator_c/gakurobo_msgs/msg/detail/in_sairo__functions.c.o[0m
[ 13%] [32mBuilding C object CMakeFiles/gakurobo_msgs__rosidl_generator_c.dir/rosidl_generator_c/gakurobo_msgs/msg/detail/kiki_udp__functions.c.o[0m
[ 14%] [32mBuilding C object CMakeFiles/gakurobo_msgs__rosidl_generator_c.dir/rosidl_generator_c/gakurobo_msgs/msg/detail/odom__functions.c.o[0m
[ 15%] [32m[1mLinking C shared library libgakurobo_msgs__rosidl_generator_c.so[0m
[ 15%] Built target gakurobo_msgs__rosidl_generator_c
[ 16%] [34m[1mGenerating C type support dispatch for ROS interfaces[0m
[ 17%] [34m[1mGenerating C introspection for ROS interfaces[0m
[ 19%] [32mBuilding CXX object CMakeFiles/gakurobo_msgs__rosidl_typesupport_cpp.dir/rosidl_typesupport_cpp/gakurobo_msgs/msg/aims__type_support.cpp.o[0m
[ 19%] [32mBuilding CXX object CMakeFiles/gakurobo_msgs__rosidl_typesupport_cpp.dir/rosidl_typesupport_cpp/gakurobo_msgs/msg/serch_sairo__type_support.cpp.o[0m
[ 20%] [32mBuilding CXX object CMakeFiles/gakurobo_msgs__rosidl_typesupport_cpp.dir/rosidl_typesupport_cpp/gakurobo_msgs/msg/from_f7__type_support.cpp.o[0m
[ 21%] [32mBuilding CXX object CMakeFiles/gakurobo_msgs__rosidl_typesupport_cpp.dir/rosidl_typesupport_cpp/gakurobo_msgs/msg/serch_ball__type_support.cpp.o[0m
[ 22%] [32mBuilding CXX object CMakeFiles/gakurobo_msgs__rosidl_typesupport_fastrtps_cpp.dir/rosidl_typesupport_fastrtps_cpp/gakurobo_msgs/msg/detail/dds_fastrtps/serch_ball__type_support.cpp.o[0m
[ 23%] [32mBuilding CXX object CMakeFiles/gakurobo_msgs__rosidl_typesupport_introspection_cpp.dir/rosidl_typesupport_introspection_cpp/gakurobo_msgs/msg/detail/serch_ball__type_support.cpp.o[0m
[ 24%] [32mBuilding CXX object CMakeFiles/gakurobo_msgs__rosidl_typesupport_c.dir/rosidl_typesupport_c/gakurobo_msgs/msg/serch_ball__type_support.cpp.o[0m
[ 25%] [32mBuilding CXX object CMakeFiles/gakurobo_msgs__rosidl_typesupport_c.dir/rosidl_typesupport_c/gakurobo_msgs/msg/serch_sairo__type_support.cpp.o[0m
[ 26%] [32mBuilding CXX object CMakeFiles/gakurobo_msgs__rosidl_typesupport_c.dir/rosidl_typesupport_c/gakurobo_msgs/msg/from_f7__type_support.cpp.o[0m
[ 27%] [32mBuilding CXX object CMakeFiles/gakurobo_msgs__rosidl_typesupport_cpp.dir/rosidl_typesupport_cpp/gakurobo_msgs/msg/setpower__type_support.cpp.o[0m
[ 28%] [32mBuilding CXX object CMakeFiles/gakurobo_msgs__rosidl_typesupport_cpp.dir/rosidl_typesupport_cpp/gakurobo_msgs/msg/pid__type_support.cpp.o[0m
[ 29%] [32mBuilding CXX object CMakeFiles/gakurobo_msgs__rosidl_typesupport_cpp.dir/rosidl_typesupport_cpp/gakurobo_msgs/msg/emergency__type_support.cpp.o[0m
[ 30%] [32mBuilding CXX object CMakeFiles/gakurobo_msgs__rosidl_typesupport_c.dir/rosidl_typesupport_c/gakurobo_msgs/msg/aims__type_support.cpp.o[0m
[ 31%] [32mBuilding CXX object CMakeFiles/gakurobo_msgs__rosidl_typesupport_introspection_cpp.dir/rosidl_typesupport_introspection_cpp/gakurobo_msgs/msg/detail/serch_sairo__type_support.cpp.o[0m
[ 32%] [32mBuilding CXX object CMakeFiles/gakurobo_msgs__rosidl_typesupport_c.dir/rosidl_typesupport_c/gakurobo_msgs/msg/setpower__type_support.cpp.o[0m
[ 33%] [32mBuilding CXX object CMakeFiles/gakurobo_msgs__rosidl_typesupport_c.dir/rosidl_typesupport_c/gakurobo_msgs/msg/pid__type_support.cpp.o[0m
[ 34%] [32mBuilding CXX object CMakeFiles/gakurobo_msgs__rosidl_typesupport_c.dir/rosidl_typesupport_c/gakurobo_msgs/msg/emergency__type_support.cpp.o[0m
[ 35%] [32mBuilding C object CMakeFiles/gakurobo_msgs__rosidl_typesupport_introspection_c.dir/rosidl_typesupport_introspection_c/gakurobo_msgs/msg/detail/serch_ball__type_support.c.o[0m
[ 36%] [32mBuilding CXX object CMakeFiles/gakurobo_msgs__rosidl_typesupport_c.dir/rosidl_typesupport_c/gakurobo_msgs/msg/in_sairo__type_support.cpp.o[0m
[ 37%] [32mBuilding C object CMakeFiles/gakurobo_msgs__rosidl_typesupport_introspection_c.dir/rosidl_typesupport_introspection_c/gakurobo_msgs/msg/detail/serch_sairo__type_support.c.o[0m
[ 38%] [32mBuilding C object CMakeFiles/gakurobo_msgs__rosidl_typesupport_introspection_c.dir/rosidl_typesupport_introspection_c/gakurobo_msgs/msg/detail/from_f7__type_support.c.o[0m
[ 39%] [32mBuilding C object CMakeFiles/gakurobo_msgs__rosidl_typesupport_introspection_c.dir/rosidl_typesupport_introspection_c/gakurobo_msgs/msg/detail/aims__type_support.c.o[0m
[ 39%] [32mBuilding CXX object CMakeFiles/gakurobo_msgs__rosidl_typesupport_c.dir/rosidl_typesupport_c/gakurobo_msgs/msg/kiki_udp__type_support.cpp.o[0m
[ 40%] [32mBuilding CXX object CMakeFiles/gakurobo_msgs__rosidl_typesupport_fastrtps_cpp.dir/rosidl_typesupport_fastrtps_cpp/gakurobo_msgs/msg/detail/dds_fastrtps/serch_sairo__type_support.cpp.o[0m
[ 41%] [32mBuilding C object CMakeFiles/gakurobo_msgs__rosidl_typesupport_introspection_c.dir/rosidl_typesupport_introspection_c/gakurobo_msgs/msg/detail/setpower__type_support.c.o[0m
[ 42%] [32mBuilding CXX object CMakeFiles/gakurobo_msgs__rosidl_typesupport_c.dir/rosidl_typesupport_c/gakurobo_msgs/msg/odom__type_support.cpp.o[0m
[ 43%] [32mBuilding C object CMakeFiles/gakurobo_msgs__rosidl_typesupport_introspection_c.dir/rosidl_typesupport_introspection_c/gakurobo_msgs/msg/detail/pid__type_support.c.o[0m
[ 44%] [32m[1mLinking CXX shared library libgakurobo_msgs__rosidl_typesupport_c.so[0m
[ 45%] [32mBuilding C object CMakeFiles/gakurobo_msgs__rosidl_typesupport_introspection_c.dir/rosidl_typesupport_introspection_c/gakurobo_msgs/msg/detail/emergency__type_support.c.o[0m
[ 45%] Built target gakurobo_msgs__rosidl_typesupport_c
[ 46%] [32mBuilding C object CMakeFiles/gakurobo_msgs__rosidl_typesupport_introspection_c.dir/rosidl_typesupport_introspection_c/gakurobo_msgs/msg/detail/in_sairo__type_support.c.o[0m
[ 47%] [32mBuilding C object CMakeFiles/gakurobo_msgs__rosidl_typesupport_introspection_c.dir/rosidl_typesupport_introspection_c/gakurobo_msgs/msg/detail/kiki_udp__type_support.c.o[0m
[ 47%] [32mBuilding CXX object CMakeFiles/gakurobo_msgs__rosidl_typesupport_fastrtps_cpp.dir/rosidl_typesupport_fastrtps_cpp/gakurobo_msgs/msg/detail/dds_fastrtps/from_f7__type_support.cpp.o[0m
[ 48%] [32mBuilding CXX object CMakeFiles/gakurobo_msgs__rosidl_typesupport_cpp.dir/rosidl_typesupport_cpp/gakurobo_msgs/msg/kiki_udp__type_support.cpp.o[0m
[ 49%] [32mBuilding CXX object CMakeFiles/gakurobo_msgs__rosidl_typesupport_cpp.dir/rosidl_typesupport_cpp/gakurobo_msgs/msg/in_sairo__type_support.cpp.o[0m
[ 50%] [32mBuilding CXX object CMakeFiles/gakurobo_msgs__rosidl_typesupport_cpp.dir/rosidl_typesupport_cpp/gakurobo_msgs/msg/odom__type_support.cpp.o[0m
[ 51%] [32mBuilding CXX object CMakeFiles/gakurobo_msgs__rosidl_typesupport_introspection_cpp.dir/rosidl_typesupport_introspection_cpp/gakurobo_msgs/msg/detail/from_f7__type_support.cpp.o[0m
[ 52%] [32mBuilding CXX object CMakeFiles/gakurobo_msgs__rosidl_typesupport_introspection_cpp.dir/rosidl_typesupport_introspection_cpp/gakurobo_msgs/msg/detail/aims__type_support.cpp.o[0m
[ 53%] [32mBuilding C object CMakeFiles/gakurobo_msgs__rosidl_typesupport_introspection_c.dir/rosidl_typesupport_introspection_c/gakurobo_msgs/msg/detail/odom__type_support.c.o[0m
[ 54%] [32m[1mLinking C shared library libgakurobo_msgs__rosidl_typesupport_introspection_c.so[0m
[ 54%] Built target gakurobo_msgs__rosidl_typesupport_introspection_c
[ 55%] [32mBuilding CXX object CMakeFiles/gakurobo_msgs__rosidl_typesupport_introspection_cpp.dir/rosidl_typesupport_introspection_cpp/gakurobo_msgs/msg/detail/setpower__type_support.cpp.o[0m
[ 56%] [32mBuilding CXX object CMakeFiles/gakurobo_msgs__rosidl_typesupport_introspection_cpp.dir/rosidl_typesupport_introspection_cpp/gakurobo_msgs/msg/detail/pid__type_support.cpp.o[0m
[ 57%] [32mBuilding CXX object CMakeFiles/gakurobo_msgs__rosidl_typesupport_introspection_cpp.dir/rosidl_typesupport_introspection_cpp/gakurobo_msgs/msg/detail/emergency__type_support.cpp.o[0m
[ 58%] [32mBuilding CXX object CMakeFiles/gakurobo_msgs__rosidl_typesupport_introspection_cpp.dir/rosidl_typesupport_introspection_cpp/gakurobo_msgs/msg/detail/in_sairo__type_support.cpp.o[0m
[ 59%] [32mBuilding CXX object CMakeFiles/gakurobo_msgs__rosidl_typesupport_fastrtps_cpp.dir/rosidl_typesupport_fastrtps_cpp/gakurobo_msgs/msg/detail/dds_fastrtps/aims__type_support.cpp.o[0m
[ 60%] [32m[1mLinking CXX shared library libgakurobo_msgs__rosidl_typesupport_cpp.so[0m
[ 60%] Built target gakurobo_msgs__rosidl_typesupport_cpp
[ 61%] [32mBuilding CXX object CMakeFiles/gakurobo_msgs__rosidl_typesupport_fastrtps_cpp.dir/rosidl_typesupport_fastrtps_cpp/gakurobo_msgs/msg/detail/dds_fastrtps/setpower__type_support.cpp.o[0m
[ 62%] [32mBuilding CXX object CMakeFiles/gakurobo_msgs__rosidl_typesupport_fastrtps_cpp.dir/rosidl_typesupport_fastrtps_cpp/gakurobo_msgs/msg/detail/dds_fastrtps/pid__type_support.cpp.o[0m
[ 63%] [32mBuilding CXX object CMakeFiles/gakurobo_msgs__rosidl_typesupport_introspection_cpp.dir/rosidl_typesupport_introspection_cpp/gakurobo_msgs/msg/detail/kiki_udp__type_support.cpp.o[0m
[ 64%] [32mBuilding CXX object CMakeFiles/gakurobo_msgs__rosidl_typesupport_fastrtps_cpp.dir/rosidl_typesupport_fastrtps_cpp/gakurobo_msgs/msg/detail/dds_fastrtps/emergency__type_support.cpp.o[0m
[ 65%] [32mBuilding CXX object CMakeFiles/gakurobo_msgs__rosidl_typesupport_introspection_cpp.dir/rosidl_typesupport_introspection_cpp/gakurobo_msgs/msg/detail/odom__type_support.cpp.o[0m
[ 66%] [32mBuilding CXX object CMakeFiles/gakurobo_msgs__rosidl_typesupport_fastrtps_cpp.dir/rosidl_typesupport_fastrtps_cpp/gakurobo_msgs/msg/detail/dds_fastrtps/in_sairo__type_support.cpp.o[0m
[ 67%] [32mBuilding CXX object CMakeFiles/gakurobo_msgs__rosidl_typesupport_fastrtps_cpp.dir/rosidl_typesupport_fastrtps_cpp/gakurobo_msgs/msg/detail/dds_fastrtps/kiki_udp__type_support.cpp.o[0m
[ 68%] [32mBuilding CXX object CMakeFiles/gakurobo_msgs__rosidl_typesupport_fastrtps_cpp.dir/rosidl_typesupport_fastrtps_cpp/gakurobo_msgs/msg/detail/dds_fastrtps/odom__type_support.cpp.o[0m
[ 69%] [32m[1mLinking CXX shared library libgakurobo_msgs__rosidl_typesupport_introspection_cpp.so[0m
[ 69%] Built target gakurobo_msgs__rosidl_typesupport_introspection_cpp
[ 70%] [32m[1mLinking CXX shared library libgakurobo_msgs__rosidl_typesupport_fastrtps_cpp.so[0m
[ 70%] Built target gakurobo_msgs__rosidl_typesupport_fastrtps_cpp
[ 71%] [34m[1mGenerating C type support for eProsima Fast-RTPS[0m
[ 73%] [32mBuilding CXX object CMakeFiles/gakurobo_msgs__rosidl_typesupport_fastrtps_c.dir/rosidl_typesupport_fastrtps_c/gakurobo_msgs/msg/detail/serch_sairo__type_support_c.cpp.o[0m
[ 74%] [32mBuilding CXX object CMakeFiles/gakurobo_msgs__rosidl_typesupport_fastrtps_c.dir/rosidl_typesupport_fastrtps_c/gakurobo_msgs/msg/detail/from_f7__type_support_c.cpp.o[0m
[ 75%] [32mBuilding CXX object CMakeFiles/gakurobo_msgs__rosidl_typesupport_fastrtps_c.dir/rosidl_typesupport_fastrtps_c/gakurobo_msgs/msg/detail/aims__type_support_c.cpp.o[0m
[ 76%] [32mBuilding CXX object CMakeFiles/gakurobo_msgs__rosidl_typesupport_fastrtps_c.dir/rosidl_typesupport_fastrtps_c/gakurobo_msgs/msg/detail/setpower__type_support_c.cpp.o[0m
[ 77%] [32mBuilding CXX object CMakeFiles/gakurobo_msgs__rosidl_typesupport_fastrtps_c.dir/rosidl_typesupport_fastrtps_c/gakurobo_msgs/msg/detail/pid__type_support_c.cpp.o[0m
[ 78%] [32mBuilding CXX object CMakeFiles/gakurobo_msgs__rosidl_typesupport_fastrtps_c.dir/rosidl_typesupport_fastrtps_c/gakurobo_msgs/msg/detail/emergency__type_support_c.cpp.o[0m
[ 79%] [32mBuilding CXX object CMakeFiles/gakurobo_msgs__rosidl_typesupport_fastrtps_c.dir/rosidl_typesupport_fastrtps_c/gakurobo_msgs/msg/detail/in_sairo__type_support_c.cpp.o[0m
[ 79%] [32mBuilding CXX object CMakeFiles/gakurobo_msgs__rosidl_typesupport_fastrtps_c.dir/rosidl_typesupport_fastrtps_c/gakurobo_msgs/msg/detail/serch_ball__type_support_c.cpp.o[0m
[ 80%] [32mBuilding CXX object CMakeFiles/gakurobo_msgs__rosidl_typesupport_fastrtps_c.dir/rosidl_typesupport_fastrtps_c/gakurobo_msgs/msg/detail/kiki_udp__type_support_c.cpp.o[0m
[ 81%] [32mBuilding CXX object CMakeFiles/gakurobo_msgs__rosidl_typesupport_fastrtps_c.dir/rosidl_typesupport_fastrtps_c/gakurobo_msgs/msg/detail/odom__type_support_c.cpp.o[0m
[ 82%] [32m[1mLinking CXX shared library libgakurobo_msgs__rosidl_typesupport_fastrtps_c.so[0m
[ 82%] Built target gakurobo_msgs__rosidl_typesupport_fastrtps_c
[ 82%] Built target gakurobo_msgs
[ 83%] [34m[1mGenerating Python code for ROS interfaces[0m
[ 83%] Built target gakurobo_msgs__py
[ 85%] [32mBuilding C object CMakeFiles/gakurobo_msgs__python.dir/rosidl_generator_py/gakurobo_msgs/msg/_serch_sairo_s.c.o[0m
[ 86%] [32mBuilding C object CMakeFiles/gakurobo_msgs__python.dir/rosidl_generator_py/gakurobo_msgs/msg/_from_f7_s.c.o[0m
[ 87%] [32mBuilding C object CMakeFiles/gakurobo_msgs__python.dir/rosidl_generator_py/gakurobo_msgs/msg/_setpower_s.c.o[0m
[ 88%] [32mBuilding C object CMakeFiles/gakurobo_msgs__python.dir/rosidl_generator_py/gakurobo_msgs/msg/_pid_s.c.o[0m
[ 89%] [32mBuilding C object CMakeFiles/gakurobo_msgs__python.dir/rosidl_generator_py/gakurobo_msgs/msg/_aims_s.c.o[0m
[ 90%] [32mBuilding C object CMakeFiles/gakurobo_msgs__python.dir/rosidl_generator_py/gakurobo_msgs/msg/_emergency_s.c.o[0m
[ 91%] [32mBuilding C object CMakeFiles/gakurobo_msgs__python.dir/rosidl_generator_py/gakurobo_msgs/msg/_in_sairo_s.c.o[0m
[ 91%] [32mBuilding C object CMakeFiles/gakurobo_msgs__python.dir/rosidl_generator_py/gakurobo_msgs/msg/_serch_ball_s.c.o[0m
[ 92%] [32mBuilding C object CMakeFiles/gakurobo_msgs__python.dir/rosidl_generator_py/gakurobo_msgs/msg/_kiki_udp_s.c.o[0m
[ 93%] [32mBuilding C object CMakeFiles/gakurobo_msgs__python.dir/rosidl_generator_py/gakurobo_msgs/msg/_odom_s.c.o[0m
[ 94%] [32m[1mLinking C shared library rosidl_generator_py/gakurobo_msgs/libgakurobo_msgs__python.so[0m
[ 94%] Built target gakurobo_msgs__python
[ 95%] [32mBuilding C object CMakeFiles/gakurobo_msgs__rosidl_typesupport_c__pyext.dir/rosidl_generator_py/gakurobo_msgs/_gakurobo_msgs_s.ep.rosidl_typesupport_c.c.o[0m
[ 96%] [32mBuilding C object CMakeFiles/gakurobo_msgs__rosidl_typesupport_introspection_c__pyext.dir/rosidl_generator_py/gakurobo_msgs/_gakurobo_msgs_s.ep.rosidl_typesupport_introspection_c.c.o[0m
[ 97%] [32mBuilding C object CMakeFiles/gakurobo_msgs__rosidl_typesupport_fastrtps_c__pyext.dir/rosidl_generator_py/gakurobo_msgs/_gakurobo_msgs_s.ep.rosidl_typesupport_fastrtps_c.c.o[0m
[ 98%] [32m[1mLinking C shared library rosidl_generator_py/gakurobo_msgs/gakurobo_msgs_s__rosidl_typesupport_introspection_c.cpython-38-x86_64-linux-gnu.so[0m
[ 99%] [32m[1mLinking CXX shared library rosidl_generator_py/gakurobo_msgs/gakurobo_msgs_s__rosidl_typesupport_fastrtps_c.cpython-38-x86_64-linux-gnu.so[0m
[100%] [32m[1mLinking C shared library rosidl_generator_py/gakurobo_msgs/gakurobo_msgs_s__rosidl_typesupport_c.cpython-38-x86_64-linux-gnu.so[0m
[100%] Built target gakurobo_msgs__rosidl_typesupport_introspection_c__pyext
[100%] Built target gakurobo_msgs__rosidl_typesupport_c__pyext
[100%] Built target gakurobo_msgs__rosidl_typesupport_fastrtps_c__pyext
-- Install configuration: ""
-- Installing: /home/robohan-ros2-5/test_gui/install/gakurobo_msgs/share/ament_index/resource_index/rosidl_interfaces/gakurobo_msgs
-- Installing: /home/robohan-ros2-5/test_gui/install/gakurobo_msgs/include/gakurobo_msgs
-- Installing: /home/robohan-ros2-5/test_gui/install/gakurobo_msgs/include/gakurobo_msgs/msg
-- Installing: /home/robohan-ros2-5/test_gui/install/gakurobo_msgs/include/gakurobo_msgs/msg/pid.h
-- Installing: /home/robohan-ros2-5/test_gui/install/gakurobo_msgs/include/gakurobo_msgs/msg/serch_ball.h
-- Installing: /home/robohan-ros2-5/test_gui/install/gakurobo_msgs/include/gakurobo_msgs/msg/aims.h
-- Installing: /home/robohan-ros2-5/test_gui/install/gakurobo_msgs/include/gakurobo_msgs/msg/rosidl_generator_c__visibility_control.h
-- Installing: /home/robohan-ros2-5/test_gui/install/gakurobo_msgs/include/gakurobo_msgs/msg/setpower.h
-- Installing: /home/robohan-ros2-5/test_gui/install/gakurobo_msgs/include/gakurobo_msgs/msg/odom.h
-- Installing: /home/robohan-ros2-5/test_gui/install/gakurobo_msgs/include/gakurobo_msgs/msg/kiki_udp.h
-- Installing: /home/robohan-ros2-5/test_gui/install/gakurobo_msgs/include/gakurobo_msgs/msg/serch_sairo.h
-- Installing: /home/robohan-ros2-5/test_gui/install/gakurobo_msgs/include/gakurobo_msgs/msg/from_f7.h
-- Installing: /home/robohan-ros2-5/test_gui/install/gakurobo_msgs/include/gakurobo_msgs/msg/detail
-- Installing: /home/robohan-ros2-5/test_gui/install/gakurobo_msgs/include/gakurobo_msgs/msg/detail/serch_ball__functions.h
-- Installing: /home/robohan-ros2-5/test_gui/install/gakurobo_msgs/include/gakurobo_msgs/msg/detail/kiki_udp__struct.h
-- Installing: /home/robohan-ros2-5/test_gui/install/gakurobo_msgs/include/gakurobo_msgs/msg/detail/serch_sairo__functions.c
-- Installing: /home/robohan-ros2-5/test_gui/install/gakurobo_msgs/include/gakurobo_msgs/msg/detail/serch_ball__type_support.h
-- Installing: /home/robohan-ros2-5/test_gui/install/gakurobo_msgs/include/gakurobo_msgs/msg/detail/pid__type_support.h
-- Installing: /home/robohan-ros2-5/test_gui/install/gakurobo_msgs/include/gakurobo_msgs/msg/detail/odom__functions.c
-- Installing: /home/robohan-ros2-5/test_gui/install/gakurobo_msgs/include/gakurobo_msgs/msg/detail/pid__functions.h
-- Installing: /home/robohan-ros2-5/test_gui/install/gakurobo_msgs/include/gakurobo_msgs/msg/detail/in_sairo__functions.c
-- Installing: /home/robohan-ros2-5/test_gui/install/gakurobo_msgs/include/gakurobo_msgs/msg/detail/aims__struct.h
-- Installing: /home/robohan-ros2-5/test_gui/install/gakurobo_msgs/include/gakurobo_msgs/msg/detail/serch_ball__struct.h
-- Installing: /home/robohan-ros2-5/test_gui/install/gakurobo_msgs/include/gakurobo_msgs/msg/detail/emergency__type_support.h
-- Installing: /home/robohan-ros2-5/test_gui/install/gakurobo_msgs/include/gakurobo_msgs/msg/detail/aims__functions.c
-- Installing: /home/robohan-ros2-5/test_gui/install/gakurobo_msgs/include/gakurobo_msgs/msg/detail/setpower__functions.h
-- Installing: /home/robohan-ros2-5/test_gui/install/gakurobo_msgs/include/gakurobo_msgs/msg/detail/setpower__type_support.h
-- Installing: /home/robohan-ros2-5/test_gui/install/gakurobo_msgs/include/gakurobo_msgs/msg/detail/serch_sairo__struct.h
-- Installing: /home/robohan-ros2-5/test_gui/install/gakurobo_msgs/include/gakurobo_msgs/msg/detail/odom__functions.h
-- Installing: /home/robohan-ros2-5/test_gui/install/gakurobo_msgs/include/gakurobo_msgs/msg/detail/kiki_udp__functions.h
-- Installing: /home/robohan-ros2-5/test_gui/install/gakurobo_msgs/include/gakurobo_msgs/msg/detail/serch_sairo__type_support.h
-- Installing: /home/robohan-ros2-5/test_gui/install/gakurobo_msgs/include/gakurobo_msgs/msg/detail/emergency__struct.h
-- Installing: /home/robohan-ros2-5/test_gui/install/gakurobo_msgs/include/gakurobo_msgs/msg/detail/aims__type_support.h
-- Installing: /home/robohan-ros2-5/test_gui/install/gakurobo_msgs/include/gakurobo_msgs/msg/detail/pid__functions.c
-- Installing: /home/robohan-ros2-5/test_gui/install/gakurobo_msgs/include/gakurobo_msgs/msg/detail/odom__type_support.h
-- Installing: /home/robohan-ros2-5/test_gui/install/gakurobo_msgs/include/gakurobo_msgs/msg/detail/from_f7__functions.h
-- Installing: /home/robohan-ros2-5/test_gui/install/gakurobo_msgs/include/gakurobo_msgs/msg/detail/setpower__functions.c
-- Installing: /home/robohan-ros2-5/test_gui/install/gakurobo_msgs/include/gakurobo_msgs/msg/detail/from_f7__functions.c
-- Installing: /home/robohan-ros2-5/test_gui/install/gakurobo_msgs/include/gakurobo_msgs/msg/detail/from_f7__type_support.h
-- Installing: /home/robohan-ros2-5/test_gui/install/gakurobo_msgs/include/gakurobo_msgs/msg/detail/aims__functions.h
-- Installing: /home/robohan-ros2-5/test_gui/install/gakurobo_msgs/include/gakurobo_msgs/msg/detail/kiki_udp__functions.c
-- Installing: /home/robohan-ros2-5/test_gui/install/gakurobo_msgs/include/gakurobo_msgs/msg/detail/serch_sairo__functions.h
-- Installing: /home/robohan-ros2-5/test_gui/install/gakurobo_msgs/include/gakurobo_msgs/msg/detail/kiki_udp__type_support.h
-- Installing: /home/robohan-ros2-5/test_gui/install/gakurobo_msgs/include/gakurobo_msgs/msg/detail/from_f7__struct.h
-- Installing: /home/robohan-ros2-5/test_gui/install/gakurobo_msgs/include/gakurobo_msgs/msg/detail/serch_ball__functions.c
-- Installing: /home/robohan-ros2-5/test_gui/install/gakurobo_msgs/include/gakurobo_msgs/msg/detail/in_sairo__struct.h
-- Installing: /home/robohan-ros2-5/test_gui/install/gakurobo_msgs/include/gakurobo_msgs/msg/detail/emergency__functions.c
-- Installing: /home/robohan-ros2-5/test_gui/install/gakurobo_msgs/include/gakurobo_msgs/msg/detail/in_sairo__type_support.h
-- Installing: /home/robohan-ros2-5/test_gui/install/gakurobo_msgs/include/gakurobo_msgs/msg/detail/odom__struct.h
-- Installing: /home/robohan-ros2-5/test_gui/install/gakurobo_msgs/include/gakurobo_msgs/msg/detail/in_sairo__functions.h
-- Installing: /home/robohan-ros2-5/test_gui/install/gakurobo_msgs/include/gakurobo_msgs/msg/detail/emergency__functions.h
-- Installing: /home/robohan-ros2-5/test_gui/install/gakurobo_msgs/include/gakurobo_msgs/msg/detail/pid__struct.h
-- Installing: /home/robohan-ros2-5/test_gui/install/gakurobo_msgs/include/gakurobo_msgs/msg/detail/setpower__struct.h
-- Installing: /home/robohan-ros2-5/test_gui/install/gakurobo_msgs/include/gakurobo_msgs/msg/in_sairo.h
-- Installing: /home/robohan-ros2-5/test_gui/install/gakurobo_msgs/include/gakurobo_msgs/msg/emergency.h
-- Installing: /home/robohan-ros2-5/test_gui/install/gakurobo_msgs/share/gakurobo_msgs/environment/library_path.sh
-- Installing: /home/robohan-ros2-5/test_gui/install/gakurobo_msgs/share/gakurobo_msgs/environment/library_path.dsv
-- Installing: /home/robohan-ros2-5/test_gui/install/gakurobo_msgs/lib/libgakurobo_msgs__rosidl_generator_c.so
-- Set non-toolchain portion of runtime path of "/home/robohan-ros2-5/test_gui/install/gakurobo_msgs/lib/libgakurobo_msgs__rosidl_generator_c.so" to ""
-- Up-to-date: /home/robohan-ros2-5/test_gui/install/gakurobo_msgs/include/gakurobo_msgs
-- Up-to-date: /home/robohan-ros2-5/test_gui/install/gakurobo_msgs/include/gakurobo_msgs/msg
-- Installing: /home/robohan-ros2-5/test_gui/install/gakurobo_msgs/include/gakurobo_msgs/msg/rosidl_typesupport_fastrtps_c__visibility_control.h
-- Up-to-date: /home/robohan-ros2-5/test_gui/install/gakurobo_msgs/include/gakurobo_msgs/msg/detail
-- Installing: /home/robohan-ros2-5/test_gui/install/gakurobo_msgs/include/gakurobo_msgs/msg/detail/serch_ball__rosidl_typesupport_fastrtps_c.h
-- Installing: /home/robohan-ros2-5/test_gui/install/gakurobo_msgs/include/gakurobo_msgs/msg/detail/kiki_udp__rosidl_typesupport_fastrtps_c.h
-- Installing: /home/robohan-ros2-5/test_gui/install/gakurobo_msgs/include/gakurobo_msgs/msg/detail/aims__rosidl_typesupport_fastrtps_c.h
-- Installing: /home/robohan-ros2-5/test_gui/install/gakurobo_msgs/include/gakurobo_msgs/msg/detail/in_sairo__rosidl_typesupport_fastrtps_c.h
-- Installing: /home/robohan-ros2-5/test_gui/install/gakurobo_msgs/include/gakurobo_msgs/msg/detail/setpower__rosidl_typesupport_fastrtps_c.h
-- Installing: /home/robohan-ros2-5/test_gui/install/gakurobo_msgs/include/gakurobo_msgs/msg/detail/serch_sairo__rosidl_typesupport_fastrtps_c.h
-- Installing: /home/robohan-ros2-5/test_gui/install/gakurobo_msgs/include/gakurobo_msgs/msg/detail/from_f7__rosidl_typesupport_fastrtps_c.h
-- Installing: /home/robohan-ros2-5/test_gui/install/gakurobo_msgs/include/gakurobo_msgs/msg/detail/emergency__rosidl_typesupport_fastrtps_c.h
-- Installing: /home/robohan-ros2-5/test_gui/install/gakurobo_msgs/include/gakurobo_msgs/msg/detail/pid__rosidl_typesupport_fastrtps_c.h
-- Installing: /home/robohan-ros2-5/test_gui/install/gakurobo_msgs/include/gakurobo_msgs/msg/detail/odom__rosidl_typesupport_fastrtps_c.h
-- Installing: /home/robohan-ros2-5/test_gui/install/gakurobo_msgs/lib/libgakurobo_msgs__rosidl_typesupport_fastrtps_c.so
-- Set non-toolchain portion of runtime path of "/home/robohan-ros2-5/test_gui/install/gakurobo_msgs/lib/libgakurobo_msgs__rosidl_typesupport_fastrtps_c.so" to ""
-- Up-to-date: /home/robohan-ros2-5/test_gui/install/gakurobo_msgs/include/gakurobo_msgs
-- Up-to-date: /home/robohan-ros2-5/test_gui/install/gakurobo_msgs/include/gakurobo_msgs/msg
-- Installing: /home/robohan-ros2-5/test_gui/install/gakurobo_msgs/include/gakurobo_msgs/msg/rosidl_typesupport_fastrtps_cpp__visibility_control.h
-- Up-to-date: /home/robohan-ros2-5/test_gui/install/gakurobo_msgs/include/gakurobo_msgs/msg/detail
-- Installing: /home/robohan-ros2-5/test_gui/install/gakurobo_msgs/include/gakurobo_msgs/msg/detail/odom__rosidl_typesupport_fastrtps_cpp.hpp
-- Installing: /home/robohan-ros2-5/test_gui/install/gakurobo_msgs/include/gakurobo_msgs/msg/detail/emergency__rosidl_typesupport_fastrtps_cpp.hpp
-- Installing: /home/robohan-ros2-5/test_gui/install/gakurobo_msgs/include/gakurobo_msgs/msg/detail/pid__rosidl_typesupport_fastrtps_cpp.hpp
-- Installing: /home/robohan-ros2-5/test_gui/install/gakurobo_msgs/include/gakurobo_msgs/msg/detail/dds_fastrtps
-- Installing: /home/robohan-ros2-5/test_gui/install/gakurobo_msgs/include/gakurobo_msgs/msg/detail/setpower__rosidl_typesupport_fastrtps_cpp.hpp
-- Installing: /home/robohan-ros2-5/test_gui/install/gakurobo_msgs/include/gakurobo_msgs/msg/detail/aims__rosidl_typesupport_fastrtps_cpp.hpp
-- Installing: /home/robohan-ros2-5/test_gui/install/gakurobo_msgs/include/gakurobo_msgs/msg/detail/in_sairo__rosidl_typesupport_fastrtps_cpp.hpp
-- Installing: /home/robohan-ros2-5/test_gui/install/gakurobo_msgs/include/gakurobo_msgs/msg/detail/from_f7__rosidl_typesupport_fastrtps_cpp.hpp
-- Installing: /home/robohan-ros2-5/test_gui/install/gakurobo_msgs/include/gakurobo_msgs/msg/detail/serch_ball__rosidl_typesupport_fastrtps_cpp.hpp
-- Installing: /home/robohan-ros2-5/test_gui/install/gakurobo_msgs/include/gakurobo_msgs/msg/detail/kiki_udp__rosidl_typesupport_fastrtps_cpp.hpp
-- Installing: /home/robohan-ros2-5/test_gui/install/gakurobo_msgs/include/gakurobo_msgs/msg/detail/serch_sairo__rosidl_typesupport_fastrtps_cpp.hpp
-- Installing: /home/robohan-ros2-5/test_gui/install/gakurobo_msgs/lib/libgakurobo_msgs__rosidl_typesupport_fastrtps_cpp.so
-- Set non-toolchain portion of runtime path of "/home/robohan-ros2-5/test_gui/install/gakurobo_msgs/lib/libgakurobo_msgs__rosidl_typesupport_fastrtps_cpp.so" to ""
-- Up-to-date: /home/robohan-ros2-5/test_gui/install/gakurobo_msgs/include/gakurobo_msgs
-- Up-to-date: /home/robohan-ros2-5/test_gui/install/gakurobo_msgs/include/gakurobo_msgs/msg
-- Up-to-date: /home/robohan-ros2-5/test_gui/install/gakurobo_msgs/include/gakurobo_msgs/msg/detail
-- Installing: /home/robohan-ros2-5/test_gui/install/gakurobo_msgs/include/gakurobo_msgs/msg/detail/kiki_udp__rosidl_typesupport_introspection_c.h
-- Installing: /home/robohan-ros2-5/test_gui/install/gakurobo_msgs/include/gakurobo_msgs/msg/detail/serch_ball__type_support.c
-- Installing: /home/robohan-ros2-5/test_gui/install/gakurobo_msgs/include/gakurobo_msgs/msg/detail/aims__rosidl_typesupport_introspection_c.h
-- Installing: /home/robohan-ros2-5/test_gui/install/gakurobo_msgs/include/gakurobo_msgs/msg/detail/pid__rosidl_typesupport_introspection_c.h
-- Installing: /home/robohan-ros2-5/test_gui/install/gakurobo_msgs/include/gakurobo_msgs/msg/detail/aims__type_support.c
-- Installing: /home/robohan-ros2-5/test_gui/install/gakurobo_msgs/include/gakurobo_msgs/msg/detail/in_sairo__rosidl_typesupport_introspection_c.h
-- Installing: /home/robohan-ros2-5/test_gui/install/gakurobo_msgs/include/gakurobo_msgs/msg/detail/emergency__rosidl_typesupport_introspection_c.h
-- Installing: /home/robohan-ros2-5/test_gui/install/gakurobo_msgs/include/gakurobo_msgs/msg/detail/in_sairo__type_support.c
-- Installing: /home/robohan-ros2-5/test_gui/install/gakurobo_msgs/include/gakurobo_msgs/msg/detail/emergency__type_support.c
-- Installing: /home/robohan-ros2-5/test_gui/install/gakurobo_msgs/include/gakurobo_msgs/msg/detail/odom__rosidl_typesupport_introspection_c.h
-- Installing: /home/robohan-ros2-5/test_gui/install/gakurobo_msgs/include/gakurobo_msgs/msg/detail/serch_sairo__rosidl_typesupport_introspection_c.h
-- Installing: /home/robohan-ros2-5/test_gui/install/gakurobo_msgs/include/gakurobo_msgs/msg/detail/from_f7__rosidl_typesupport_introspection_c.h
-- Installing: /home/robohan-ros2-5/test_gui/install/gakurobo_msgs/include/gakurobo_msgs/msg/detail/serch_sairo__type_support.c
-- Installing: /home/robohan-ros2-5/test_gui/install/gakurobo_msgs/include/gakurobo_msgs/msg/detail/pid__type_support.c
-- Installing: /home/robohan-ros2-5/test_gui/install/gakurobo_msgs/include/gakurobo_msgs/msg/detail/serch_ball__rosidl_typesupport_introspection_c.h
-- Installing: /home/robohan-ros2-5/test_gui/install/gakurobo_msgs/include/gakurobo_msgs/msg/detail/setpower__type_support.c
-- Installing: /home/robohan-ros2-5/test_gui/install/gakurobo_msgs/include/gakurobo_msgs/msg/detail/odom__type_support.c
-- Installing: /home/robohan-ros2-5/test_gui/install/gakurobo_msgs/include/gakurobo_msgs/msg/detail/setpower__rosidl_typesupport_introspection_c.h
-- Installing: /home/robohan-ros2-5/test_gui/install/gakurobo_msgs/include/gakurobo_msgs/msg/detail/from_f7__type_support.c
-- Installing: /home/robohan-ros2-5/test_gui/install/gakurobo_msgs/include/gakurobo_msgs/msg/detail/kiki_udp__type_support.c
-- Installing: /home/robohan-ros2-5/test_gui/install/gakurobo_msgs/include/gakurobo_msgs/msg/rosidl_typesupport_introspection_c__visibility_control.h
-- Installing: /home/robohan-ros2-5/test_gui/install/gakurobo_msgs/lib/libgakurobo_msgs__rosidl_typesupport_introspection_c.so
-- Set non-toolchain portion of runtime path of "/home/robohan-ros2-5/test_gui/install/gakurobo_msgs/lib/libgakurobo_msgs__rosidl_typesupport_introspection_c.so" to ""
-- Installing: /home/robohan-ros2-5/test_gui/install/gakurobo_msgs/lib/libgakurobo_msgs__rosidl_typesupport_c.so
-- Set non-toolchain portion of runtime path of "/home/robohan-ros2-5/test_gui/install/gakurobo_msgs/lib/libgakurobo_msgs__rosidl_typesupport_c.so" to ""
-- Up-to-date: /home/robohan-ros2-5/test_gui/install/gakurobo_msgs/include/gakurobo_msgs
-- Up-to-date: /home/robohan-ros2-5/test_gui/install/gakurobo_msgs/include/gakurobo_msgs/msg
-- Installing: /home/robohan-ros2-5/test_gui/install/gakurobo_msgs/include/gakurobo_msgs/msg/odom.hpp
-- Installing: /home/robohan-ros2-5/test_gui/install/gakurobo_msgs/include/gakurobo_msgs/msg/serch_sairo.hpp
-- Installing: /home/robohan-ros2-5/test_gui/install/gakurobo_msgs/include/gakurobo_msgs/msg/from_f7.hpp
-- Installing: /home/robohan-ros2-5/test_gui/install/gakurobo_msgs/include/gakurobo_msgs/msg/rosidl_generator_cpp__visibility_control.hpp
-- Installing: /home/robohan-ros2-5/test_gui/install/gakurobo_msgs/include/gakurobo_msgs/msg/in_sairo.hpp
-- Installing: /home/robohan-ros2-5/test_gui/install/gakurobo_msgs/include/gakurobo_msgs/msg/setpower.hpp
-- Installing: /home/robohan-ros2-5/test_gui/install/gakurobo_msgs/include/gakurobo_msgs/msg/aims.hpp
-- Installing: /home/robohan-ros2-5/test_gui/install/gakurobo_msgs/include/gakurobo_msgs/msg/serch_ball.hpp
-- Installing: /home/robohan-ros2-5/test_gui/install/gakurobo_msgs/include/gakurobo_msgs/msg/pid.hpp
-- Installing: /home/robohan-ros2-5/test_gui/install/gakurobo_msgs/include/gakurobo_msgs/msg/kiki_udp.hpp
-- Up-to-date: /home/robohan-ros2-5/test_gui/install/gakurobo_msgs/include/gakurobo_msgs/msg/detail
-- Installing: /home/robohan-ros2-5/test_gui/install/gakurobo_msgs/include/gakurobo_msgs/msg/detail/aims__builder.hpp
-- Installing: /home/robohan-ros2-5/test_gui/install/gakurobo_msgs/include/gakurobo_msgs/msg/detail/from_f7__builder.hpp
-- Installing: /home/robohan-ros2-5/test_gui/install/gakurobo_msgs/include/gakurobo_msgs/msg/detail/serch_sairo__builder.hpp
-- Installing: /home/robohan-ros2-5/test_gui/install/gakurobo_msgs/include/gakurobo_msgs/msg/detail/in_sairo__struct.hpp
-- Installing: /home/robohan-ros2-5/test_gui/install/gakurobo_msgs/include/gakurobo_msgs/msg/detail/kiki_udp__struct.hpp
-- Installing: /home/robohan-ros2-5/test_gui/install/gakurobo_msgs/include/gakurobo_msgs/msg/detail/setpower__builder.hpp
-- Installing: /home/robohan-ros2-5/test_gui/install/gakurobo_msgs/include/gakurobo_msgs/msg/detail/pid__traits.hpp
-- Installing: /home/robohan-ros2-5/test_gui/install/gakurobo_msgs/include/gakurobo_msgs/msg/detail/aims__type_support.hpp
-- Installing: /home/robohan-ros2-5/test_gui/install/gakurobo_msgs/include/gakurobo_msgs/msg/detail/odom__struct.hpp
-- Installing: /home/robohan-ros2-5/test_gui/install/gakurobo_msgs/include/gakurobo_msgs/msg/detail/serch_sairo__struct.hpp
-- Installing: /home/robohan-ros2-5/test_gui/install/gakurobo_msgs/include/gakurobo_msgs/msg/detail/in_sairo__traits.hpp
-- Installing: /home/robohan-ros2-5/test_gui/install/gakurobo_msgs/include/gakurobo_msgs/msg/detail/pid__struct.hpp
-- Installing: /home/robohan-ros2-5/test_gui/install/gakurobo_msgs/include/gakurobo_msgs/msg/detail/kiki_udp__traits.hpp
-- Installing: /home/robohan-ros2-5/test_gui/install/gakurobo_msgs/include/gakurobo_msgs/msg/detail/serch_ball__struct.hpp
-- Installing: /home/robohan-ros2-5/test_gui/install/gakurobo_msgs/include/gakurobo_msgs/msg/detail/serch_ball__builder.hpp
-- Installing: /home/robohan-ros2-5/test_gui/install/gakurobo_msgs/include/gakurobo_msgs/msg/detail/odom__builder.hpp
-- Installing: /home/robohan-ros2-5/test_gui/install/gakurobo_msgs/include/gakurobo_msgs/msg/detail/setpower__traits.hpp
-- Installing: /home/robohan-ros2-5/test_gui/install/gakurobo_msgs/include/gakurobo_msgs/msg/detail/kiki_udp__type_support.hpp
-- Installing: /home/robohan-ros2-5/test_gui/install/gakurobo_msgs/include/gakurobo_msgs/msg/detail/odom__traits.hpp
-- Installing: /home/robohan-ros2-5/test_gui/install/gakurobo_msgs/include/gakurobo_msgs/msg/detail/serch_ball__type_support.hpp
-- Installing: /home/robohan-ros2-5/test_gui/install/gakurobo_msgs/include/gakurobo_msgs/msg/detail/aims__struct.hpp
-- Installing: /home/robohan-ros2-5/test_gui/install/gakurobo_msgs/include/gakurobo_msgs/msg/detail/emergency__builder.hpp
-- Installing: /home/robohan-ros2-5/test_gui/install/gakurobo_msgs/include/gakurobo_msgs/msg/detail/setpower__struct.hpp
-- Installing: /home/robohan-ros2-5/test_gui/install/gakurobo_msgs/include/gakurobo_msgs/msg/detail/pid__builder.hpp
-- Installing: /home/robohan-ros2-5/test_gui/install/gakurobo_msgs/include/gakurobo_msgs/msg/detail/from_f7__traits.hpp
-- Installing: /home/robohan-ros2-5/test_gui/install/gakurobo_msgs/include/gakurobo_msgs/msg/detail/aims__traits.hpp
-- Installing: /home/robohan-ros2-5/test_gui/install/gakurobo_msgs/include/gakurobo_msgs/msg/detail/from_f7__struct.hpp
-- Installing: /home/robohan-ros2-5/test_gui/install/gakurobo_msgs/include/gakurobo_msgs/msg/detail/pid__type_support.hpp
-- Installing: /home/robohan-ros2-5/test_gui/install/gakurobo_msgs/include/gakurobo_msgs/msg/detail/from_f7__type_support.hpp
-- Installing: /home/robohan-ros2-5/test_gui/install/gakurobo_msgs/include/gakurobo_msgs/msg/detail/odom__type_support.hpp
-- Installing: /home/robohan-ros2-5/test_gui/install/gakurobo_msgs/include/gakurobo_msgs/msg/detail/emergency__traits.hpp
-- Installing: /home/robohan-ros2-5/test_gui/install/gakurobo_msgs/include/gakurobo_msgs/msg/detail/in_sairo__builder.hpp
-- Installing: /home/robohan-ros2-5/test_gui/install/gakurobo_msgs/include/gakurobo_msgs/msg/detail/serch_sairo__traits.hpp
-- Installing: /home/robohan-ros2-5/test_gui/install/gakurobo_msgs/include/gakurobo_msgs/msg/detail/in_sairo__type_support.hpp
-- Installing: /home/robohan-ros2-5/test_gui/install/gakurobo_msgs/include/gakurobo_msgs/msg/detail/serch_ball__traits.hpp
-- Installing: /home/robohan-ros2-5/test_gui/install/gakurobo_msgs/include/gakurobo_msgs/msg/detail/setpower__type_support.hpp
-- Installing: /home/robohan-ros2-5/test_gui/install/gakurobo_msgs/include/gakurobo_msgs/msg/detail/kiki_udp__builder.hpp
-- Installing: /home/robohan-ros2-5/test_gui/install/gakurobo_msgs/include/gakurobo_msgs/msg/detail/serch_sairo__type_support.hpp
-- Installing: /home/robohan-ros2-5/test_gui/install/gakurobo_msgs/include/gakurobo_msgs/msg/detail/emergency__struct.hpp
-- Installing: /home/robohan-ros2-5/test_gui/install/gakurobo_msgs/include/gakurobo_msgs/msg/detail/emergency__type_support.hpp
-- Installing: /home/robohan-ros2-5/test_gui/install/gakurobo_msgs/include/gakurobo_msgs/msg/emergency.hpp
-- Up-to-date: /home/robohan-ros2-5/test_gui/install/gakurobo_msgs/include/gakurobo_msgs
-- Up-to-date: /home/robohan-ros2-5/test_gui/install/gakurobo_msgs/include/gakurobo_msgs/msg
-- Up-to-date: /home/robohan-ros2-5/test_gui/install/gakurobo_msgs/include/gakurobo_msgs/msg/detail
-- Installing: /home/robohan-ros2-5/test_gui/install/gakurobo_msgs/include/gakurobo_msgs/msg/detail/in_sairo__type_support.cpp
-- Installing: /home/robohan-ros2-5/test_gui/install/gakurobo_msgs/include/gakurobo_msgs/msg/detail/aims__type_support.cpp
-- Installing: /home/robohan-ros2-5/test_gui/install/gakurobo_msgs/include/gakurobo_msgs/msg/detail/odom__rosidl_typesupport_introspection_cpp.hpp
-- Installing: /home/robohan-ros2-5/test_gui/install/gakurobo_msgs/include/gakurobo_msgs/msg/detail/serch_sairo__type_support.cpp
-- Installing: /home/robohan-ros2-5/test_gui/install/gakurobo_msgs/include/gakurobo_msgs/msg/detail/in_sairo__rosidl_typesupport_introspection_cpp.hpp
-- Installing: /home/robohan-ros2-5/test_gui/install/gakurobo_msgs/include/gakurobo_msgs/msg/detail/emergency__rosidl_typesupport_introspection_cpp.hpp
-- Installing: /home/robohan-ros2-5/test_gui/install/gakurobo_msgs/include/gakurobo_msgs/msg/detail/serch_sairo__rosidl_typesupport_introspection_cpp.hpp
-- Installing: /home/robohan-ros2-5/test_gui/install/gakurobo_msgs/include/gakurobo_msgs/msg/detail/emergency__type_support.cpp
-- Installing: /home/robohan-ros2-5/test_gui/install/gakurobo_msgs/include/gakurobo_msgs/msg/detail/pid__rosidl_typesupport_introspection_cpp.hpp
-- Installing: /home/robohan-ros2-5/test_gui/install/gakurobo_msgs/include/gakurobo_msgs/msg/detail/from_f7__type_support.cpp
-- Installing: /home/robohan-ros2-5/test_gui/install/gakurobo_msgs/include/gakurobo_msgs/msg/detail/aims__rosidl_typesupport_introspection_cpp.hpp
-- Installing: /home/robohan-ros2-5/test_gui/install/gakurobo_msgs/include/gakurobo_msgs/msg/detail/from_f7__rosidl_typesupport_introspection_cpp.hpp
-- Installing: /home/robohan-ros2-5/test_gui/install/gakurobo_msgs/include/gakurobo_msgs/msg/detail/kiki_udp__type_support.cpp
-- Installing: /home/robohan-ros2-5/test_gui/install/gakurobo_msgs/include/gakurobo_msgs/msg/detail/kiki_udp__rosidl_typesupport_introspection_cpp.hpp
-- Installing: /home/robohan-ros2-5/test_gui/install/gakurobo_msgs/include/gakurobo_msgs/msg/detail/pid__type_support.cpp
-- Installing: /home/robohan-ros2-5/test_gui/install/gakurobo_msgs/include/gakurobo_msgs/msg/detail/serch_ball__type_support.cpp
-- Installing: /home/robohan-ros2-5/test_gui/install/gakurobo_msgs/include/gakurobo_msgs/msg/detail/odom__type_support.cpp
-- Installing: /home/robohan-ros2-5/test_gui/install/gakurobo_msgs/include/gakurobo_msgs/msg/detail/setpower__type_support.cpp
-- Installing: /home/robohan-ros2-5/test_gui/install/gakurobo_msgs/include/gakurobo_msgs/msg/detail/setpower__rosidl_typesupport_introspection_cpp.hpp
-- Installing: /home/robohan-ros2-5/test_gui/install/gakurobo_msgs/include/gakurobo_msgs/msg/detail/serch_ball__rosidl_typesupport_introspection_cpp.hpp
-- Installing: /home/robohan-ros2-5/test_gui/install/gakurobo_msgs/lib/libgakurobo_msgs__rosidl_typesupport_introspection_cpp.so
-- Set non-toolchain portion of runtime path of "/home/robohan-ros2-5/test_gui/install/gakurobo_msgs/lib/libgakurobo_msgs__rosidl_typesupport_introspection_cpp.so" to ""
-- Installing: /home/robohan-ros2-5/test_gui/install/gakurobo_msgs/lib/libgakurobo_msgs__rosidl_typesupport_cpp.so
-- Set non-toolchain portion of runtime path of "/home/robohan-ros2-5/test_gui/install/gakurobo_msgs/lib/libgakurobo_msgs__rosidl_typesupport_cpp.so" to ""
-- Installing: /home/robohan-ros2-5/test_gui/install/gakurobo_msgs/share/gakurobo_msgs/environment/pythonpath.sh
-- Installing: /home/robohan-ros2-5/test_gui/install/gakurobo_msgs/share/gakurobo_msgs/environment/pythonpath.dsv
-- Installing: /home/robohan-ros2-5/test_gui/install/gakurobo_msgs/lib/python3.8/site-packages/gakurobo_msgs/__init__.py
Compiling '/home/robohan-ros2-5/test_gui/install/gakurobo_msgs/lib/python3.8/site-packages/gakurobo_msgs/__init__.py'...
-- Installing: /home/robohan-ros2-5/test_gui/install/gakurobo_msgs/lib/python3.8/site-packages/gakurobo_msgs/msg
-- Installing: /home/robohan-ros2-5/test_gui/install/gakurobo_msgs/lib/python3.8/site-packages/gakurobo_msgs/msg/_pid_s.c
-- Installing: /home/robohan-ros2-5/test_gui/install/gakurobo_msgs/lib/python3.8/site-packages/gakurobo_msgs/msg/_setpower.py
-- Installing: /home/robohan-ros2-5/test_gui/install/gakurobo_msgs/lib/python3.8/site-packages/gakurobo_msgs/msg/_aims.py
-- Installing: /home/robohan-ros2-5/test_gui/install/gakurobo_msgs/lib/python3.8/site-packages/gakurobo_msgs/msg/_serch_sairo_s.c
-- Installing: /home/robohan-ros2-5/test_gui/install/gakurobo_msgs/lib/python3.8/site-packages/gakurobo_msgs/msg/_in_sairo.py
-- Installing: /home/robohan-ros2-5/test_gui/install/gakurobo_msgs/lib/python3.8/site-packages/gakurobo_msgs/msg/_kiki_udp_s.c
-- Installing: /home/robohan-ros2-5/test_gui/install/gakurobo_msgs/lib/python3.8/site-packages/gakurobo_msgs/msg/_serch_ball_s.c
-- Installing: /home/robohan-ros2-5/test_gui/install/gakurobo_msgs/lib/python3.8/site-packages/gakurobo_msgs/msg/_aims_s.c
-- Installing: /home/robohan-ros2-5/test_gui/install/gakurobo_msgs/lib/python3.8/site-packages/gakurobo_msgs/msg/_pid.py
-- Installing: /home/robohan-ros2-5/test_gui/install/gakurobo_msgs/lib/python3.8/site-packages/gakurobo_msgs/msg/_from_f7.py
-- Installing: /home/robohan-ros2-5/test_gui/install/gakurobo_msgs/lib/python3.8/site-packages/gakurobo_msgs/msg/_serch_sairo.py
-- Installing: /home/robohan-ros2-5/test_gui/install/gakurobo_msgs/lib/python3.8/site-packages/gakurobo_msgs/msg/_in_sairo_s.c
-- Installing: /home/robohan-ros2-5/test_gui/install/gakurobo_msgs/lib/python3.8/site-packages/gakurobo_msgs/msg/_kiki_udp.py
-- Installing: /home/robohan-ros2-5/test_gui/install/gakurobo_msgs/lib/python3.8/site-packages/gakurobo_msgs/msg/__init__.py
-- Installing: /home/robohan-ros2-5/test_gui/install/gakurobo_msgs/lib/python3.8/site-packages/gakurobo_msgs/msg/_from_f7_s.c
-- Installing: /home/robohan-ros2-5/test_gui/install/gakurobo_msgs/lib/python3.8/site-packages/gakurobo_msgs/msg/_serch_ball.py
-- Installing: /home/robohan-ros2-5/test_gui/install/gakurobo_msgs/lib/python3.8/site-packages/gakurobo_msgs/msg/_emergency_s.c
-- Installing: /home/robohan-ros2-5/test_gui/install/gakurobo_msgs/lib/python3.8/site-packages/gakurobo_msgs/msg/_setpower_s.c
-- Installing: /home/robohan-ros2-5/test_gui/install/gakurobo_msgs/lib/python3.8/site-packages/gakurobo_msgs/msg/_odom_s.c
-- Installing: /home/robohan-ros2-5/test_gui/install/gakurobo_msgs/lib/python3.8/site-packages/gakurobo_msgs/msg/_emergency.py
-- Installing: /home/robohan-ros2-5/test_gui/install/gakurobo_msgs/lib/python3.8/site-packages/gakurobo_msgs/msg/_odom.py
-- Installing: /home/robohan-ros2-5/test_gui/install/gakurobo_msgs/lib/python3.8/site-packages/gakurobo_msgs/gakurobo_msgs_s__rosidl_typesupport_fastrtps_c.cpython-38-x86_64-linux-gnu.so
-- Set non-toolchain portion of runtime path of "/home/robohan-ros2-5/test_gui/install/gakurobo_msgs/lib/python3.8/site-packages/gakurobo_msgs/gakurobo_msgs_s__rosidl_typesupport_fastrtps_c.cpython-38-x86_64-linux-gnu.so" to ""
-- Installing: /home/robohan-ros2-5/test_gui/install/gakurobo_msgs/lib/python3.8/site-packages/gakurobo_msgs/gakurobo_msgs_s__rosidl_typesupport_introspection_c.cpython-38-x86_64-linux-gnu.so
-- Set non-toolchain portion of runtime path of "/home/robohan-ros2-5/test_gui/install/gakurobo_msgs/lib/python3.8/site-packages/gakurobo_msgs/gakurobo_msgs_s__rosidl_typesupport_introspection_c.cpython-38-x86_64-linux-gnu.so" to ""
-- Installing: /home/robohan-ros2-5/test_gui/install/gakurobo_msgs/lib/python3.8/site-packages/gakurobo_msgs/gakurobo_msgs_s__rosidl_typesupport_c.cpython-38-x86_64-linux-gnu.so
-- Set non-toolchain portion of runtime path of "/home/robohan-ros2-5/test_gui/install/gakurobo_msgs/lib/python3.8/site-packages/gakurobo_msgs/gakurobo_msgs_s__rosidl_typesupport_c.cpython-38-x86_64-linux-gnu.so" to ""
-- Installing: /home/robohan-ros2-5/test_gui/install/gakurobo_msgs/lib/libgakurobo_msgs__python.so
-- Set non-toolchain portion of runtime path of "/home/robohan-ros2-5/test_gui/install/gakurobo_msgs/lib/libgakurobo_msgs__python.so" to ""
-- Installing: /home/robohan-ros2-5/test_gui/install/gakurobo_msgs/share/gakurobo_msgs/msg/SerchBall.idl
-- Installing: /home/robohan-ros2-5/test_gui/install/gakurobo_msgs/share/gakurobo_msgs/msg/SerchSairo.idl
-- Installing: /home/robohan-ros2-5/test_gui/install/gakurobo_msgs/share/gakurobo_msgs/msg/FromF7.idl
-- Installing: /home/robohan-ros2-5/test_gui/install/gakurobo_msgs/share/gakurobo_msgs/msg/Aims.idl
-- Installing: /home/robohan-ros2-5/test_gui/install/gakurobo_msgs/share/gakurobo_msgs/msg/Setpower.idl
-- Installing: /home/robohan-ros2-5/test_gui/install/gakurobo_msgs/share/gakurobo_msgs/msg/Pid.idl
-- Installing: /home/robohan-ros2-5/test_gui/install/gakurobo_msgs/share/gakurobo_msgs/msg/Emergency.idl
-- Installing: /home/robohan-ros2-5/test_gui/install/gakurobo_msgs/share/gakurobo_msgs/msg/InSairo.idl
-- Installing: /home/robohan-ros2-5/test_gui/install/gakurobo_msgs/share/gakurobo_msgs/msg/KikiUdp.idl
-- Installing: /home/robohan-ros2-5/test_gui/install/gakurobo_msgs/share/gakurobo_msgs/msg/Odom.idl
-- Installing: /home/robohan-ros2-5/test_gui/install/gakurobo_msgs/share/gakurobo_msgs/msg/SerchBall.msg
-- Installing: /home/robohan-ros2-5/test_gui/install/gakurobo_msgs/share/gakurobo_msgs/msg/SerchSairo.msg
-- Installing: /home/robohan-ros2-5/test_gui/install/gakurobo_msgs/share/gakurobo_msgs/msg/FromF7.msg
-- Installing: /home/robohan-ros2-5/test_gui/install/gakurobo_msgs/share/gakurobo_msgs/msg/Aims.msg
-- Installing: /home/robohan-ros2-5/test_gui/install/gakurobo_msgs/share/gakurobo_msgs/msg/Setpower.msg
-- Installing: /home/robohan-ros2-5/test_gui/install/gakurobo_msgs/share/gakurobo_msgs/msg/Pid.msg
-- Installing: /home/robohan-ros2-5/test_gui/install/gakurobo_msgs/share/gakurobo_msgs/msg/Emergency.msg
-- Installing: /home/robohan-ros2-5/test_gui/install/gakurobo_msgs/share/gakurobo_msgs/msg/InSairo.msg
-- Installing: /home/robohan-ros2-5/test_gui/install/gakurobo_msgs/share/gakurobo_msgs/msg/KikiUdp.msg
-- Installing: /home/robohan-ros2-5/test_gui/install/gakurobo_msgs/share/gakurobo_msgs/msg/Odom.msg
-- Installing: /home/robohan-ros2-5/test_gui/install/gakurobo_msgs/share/ament_index/resource_index/package_run_dependencies/gakurobo_msgs
-- Installing: /home/robohan-ros2-5/test_gui/install/gakurobo_msgs/share/ament_index/resource_index/parent_prefix_path/gakurobo_msgs
-- Installing: /home/robohan-ros2-5/test_gui/install/gakurobo_msgs/share/gakurobo_msgs/environment/ament_prefix_path.sh
-- Installing: /home/robohan-ros2-5/test_gui/install/gakurobo_msgs/share/gakurobo_msgs/environment/ament_prefix_path.dsv
-- Installing: /home/robohan-ros2-5/test_gui/install/gakurobo_msgs/share/gakurobo_msgs/environment/path.sh
-- Installing: /home/robohan-ros2-5/test_gui/install/gakurobo_msgs/share/gakurobo_msgs/environment/path.dsv
-- Installing: /home/robohan-ros2-5/test_gui/install/gakurobo_msgs/share/gakurobo_msgs/local_setup.bash
-- Installing: /home/robohan-ros2-5/test_gui/install/gakurobo_msgs/share/gakurobo_msgs/local_setup.sh
-- Installing: /home/robohan-ros2-5/test_gui/install/gakurobo_msgs/share/gakurobo_msgs/local_setup.zsh
-- Installing: /home/robohan-ros2-5/test_gui/install/gakurobo_msgs/share/gakurobo_msgs/local_setup.dsv
-- Installing: /home/robohan-ros2-5/test_gui/install/gakurobo_msgs/share/gakurobo_msgs/package.dsv
-- Installing: /home/robohan-ros2-5/test_gui/install/gakurobo_msgs/share/ament_index/resource_index/packages/gakurobo_msgs
-- Installing: /home/robohan-ros2-5/test_gui/install/gakurobo_msgs/share/gakurobo_msgs/cmake/gakurobo_msgs__rosidl_generator_cExport.cmake
-- Installing: /home/robohan-ros2-5/test_gui/install/gakurobo_msgs/share/gakurobo_msgs/cmake/gakurobo_msgs__rosidl_generator_cExport-noconfig.cmake
-- Installing: /home/robohan-ros2-5/test_gui/install/gakurobo_msgs/share/gakurobo_msgs/cmake/gakurobo_msgs__rosidl_typesupport_introspection_cExport.cmake
-- Installing: /home/robohan-ros2-5/test_gui/install/gakurobo_msgs/share/gakurobo_msgs/cmake/gakurobo_msgs__rosidl_typesupport_introspection_cExport-noconfig.cmake
-- Installing: /home/robohan-ros2-5/test_gui/install/gakurobo_msgs/share/gakurobo_msgs/cmake/gakurobo_msgs__rosidl_typesupport_cExport.cmake
-- Installing: /home/robohan-ros2-5/test_gui/install/gakurobo_msgs/share/gakurobo_msgs/cmake/gakurobo_msgs__rosidl_typesupport_cExport-noconfig.cmake
-- Installing: /home/robohan-ros2-5/test_gui/install/gakurobo_msgs/share/gakurobo_msgs/cmake/gakurobo_msgs__rosidl_generator_cppExport.cmake
-- Installing: /home/robohan-ros2-5/test_gui/install/gakurobo_msgs/share/gakurobo_msgs/cmake/gakurobo_msgs__rosidl_typesupport_introspection_cppExport.cmake
-- Installing: /home/robohan-ros2-5/test_gui/install/gakurobo_msgs/share/gakurobo_msgs/cmake/gakurobo_msgs__rosidl_typesupport_introspection_cppExport-noconfig.cmake
-- Installing: /home/robohan-ros2-5/test_gui/install/gakurobo_msgs/share/gakurobo_msgs/cmake/gakurobo_msgs__rosidl_typesupport_cppExport.cmake
-- Installing: /home/robohan-ros2-5/test_gui/install/gakurobo_msgs/share/gakurobo_msgs/cmake/gakurobo_msgs__rosidl_typesupport_cppExport-noconfig.cmake
-- Installing: /home/robohan-ros2-5/test_gui/install/gakurobo_msgs/share/gakurobo_msgs/cmake/rosidl_cmake-extras.cmake
-- Installing: /home/robohan-ros2-5/test_gui/install/gakurobo_msgs/share/gakurobo_msgs/cmake/ament_cmake_export_dependencies-extras.cmake
-- Installing: /home/robohan-ros2-5/test_gui/install/gakurobo_msgs/share/gakurobo_msgs/cmake/ament_cmake_export_libraries-extras.cmake
-- Installing: /home/robohan-ros2-5/test_gui/install/gakurobo_msgs/share/gakurobo_msgs/cmake/ament_cmake_export_targets-extras.cmake
-- Installing: /home/robohan-ros2-5/test_gui/install/gakurobo_msgs/share/gakurobo_msgs/cmake/ament_cmake_export_include_directories-extras.cmake
-- Installing: /home/robohan-ros2-5/test_gui/install/gakurobo_msgs/share/gakurobo_msgs/cmake/rosidl_cmake_export_typesupport_libraries-extras.cmake
-- Installing: /home/robohan-ros2-5/test_gui/install/gakurobo_msgs/share/gakurobo_msgs/cmake/rosidl_cmake_export_typesupport_targets-extras.cmake
-- Installing: /home/robohan-ros2-5/test_gui/install/gakurobo_msgs/share/gakurobo_msgs/cmake/gakurobo_msgsConfig.cmake
-- Installing: /home/robohan-ros2-5/test_gui/install/gakurobo_msgs/share/gakurobo_msgs/cmake/gakurobo_msgsConfig-version.cmake
-- Installing: /home/robohan-ros2-5/test_gui/install/gakurobo_msgs/share/gakurobo_msgs/package.xml
