[0.009s] Invoking command in '/home/robohan-ros2-5/test_gui/build/gakurobo_msgs': CMAKE_PREFIX_PATH=/opt/ros/foxy /usr/local/bin/cmake --build /home/robohan-ros2-5/test_gui/build/gakurobo_msgs -- -j8 -l8
[0.023s] [  1%] [34m[1mGenerating C code for ROS interfaces[0m
[0.027s] [  1%] [34m[1mGenerating C++ code for ROS interfaces[0m
[0.402s] [  1%] Built target gakurobo_msgs__cpp
[0.406s] [  4%] [34m[1mGenerating C++ introspection for ROS interfaces[0m
[0.406s] [  4%] [34m[1mGenerating C++ type support dispatch for ROS interfaces[0m
[0.406s] [  4%] [34m[1mGenerating C++ type support for eProsima Fast-RTPS[0m
[0.489s] [  6%] [32mBuilding C object CMakeFiles/gakurobo_msgs__rosidl_generator_c.dir/rosidl_generator_c/gakurobo_msgs/msg/detail/setpower__functions.c.o[0m
[0.489s] [  7%] [32mBuilding C object CMakeFiles/gakurobo_msgs__rosidl_generator_c.dir/rosidl_generator_c/gakurobo_msgs/msg/detail/aims__functions.c.o[0m
[0.489s] [  8%] [32mBuilding C object CMakeFiles/gakurobo_msgs__rosidl_generator_c.dir/rosidl_generator_c/gakurobo_msgs/msg/detail/serch_ball__functions.c.o[0m
[0.489s] [  9%] [32mBuilding C object CMakeFiles/gakurobo_msgs__rosidl_generator_c.dir/rosidl_generator_c/gakurobo_msgs/msg/detail/from_f7__functions.c.o[0m
[0.492s] [  9%] [32mBuilding C object CMakeFiles/gakurobo_msgs__rosidl_generator_c.dir/rosidl_generator_c/gakurobo_msgs/msg/detail/serch_sairo__functions.c.o[0m
[0.533s] [ 10%] [32mBuilding C object CMakeFiles/gakurobo_msgs__rosidl_generator_c.dir/rosidl_generator_c/gakurobo_msgs/msg/detail/pid__functions.c.o[0m
[0.534s] [ 11%] [32mBuilding C object CMakeFiles/gakurobo_msgs__rosidl_generator_c.dir/rosidl_generator_c/gakurobo_msgs/msg/detail/emergency__functions.c.o[0m
[0.536s] [ 12%] [32mBuilding C object CMakeFiles/gakurobo_msgs__rosidl_generator_c.dir/rosidl_generator_c/gakurobo_msgs/msg/detail/in_sairo__functions.c.o[0m
[0.536s] [ 13%] [32mBuilding C object CMakeFiles/gakurobo_msgs__rosidl_generator_c.dir/rosidl_generator_c/gakurobo_msgs/msg/detail/kiki_udp__functions.c.o[0m
[0.539s] [ 14%] [32mBuilding C object CMakeFiles/gakurobo_msgs__rosidl_generator_c.dir/rosidl_generator_c/gakurobo_msgs/msg/detail/odom__functions.c.o[0m
[0.584s] [ 15%] [32m[1mLinking C shared library libgakurobo_msgs__rosidl_generator_c.so[0m
[0.601s] [ 15%] Built target gakurobo_msgs__rosidl_generator_c
[0.605s] [ 16%] [34m[1mGenerating C type support dispatch for ROS interfaces[0m
[0.605s] [ 17%] [34m[1mGenerating C introspection for ROS interfaces[0m
[0.822s] [ 19%] [32mBuilding CXX object CMakeFiles/gakurobo_msgs__rosidl_typesupport_cpp.dir/rosidl_typesupport_cpp/gakurobo_msgs/msg/aims__type_support.cpp.o[0m
[0.822s] [ 19%] [32mBuilding CXX object CMakeFiles/gakurobo_msgs__rosidl_typesupport_cpp.dir/rosidl_typesupport_cpp/gakurobo_msgs/msg/serch_sairo__type_support.cpp.o[0m
[0.822s] [ 20%] [32mBuilding CXX object CMakeFiles/gakurobo_msgs__rosidl_typesupport_cpp.dir/rosidl_typesupport_cpp/gakurobo_msgs/msg/from_f7__type_support.cpp.o[0m
[0.824s] [ 21%] [32mBuilding CXX object CMakeFiles/gakurobo_msgs__rosidl_typesupport_cpp.dir/rosidl_typesupport_cpp/gakurobo_msgs/msg/serch_ball__type_support.cpp.o[0m
[0.997s] [ 22%] [32mBuilding CXX object CMakeFiles/gakurobo_msgs__rosidl_typesupport_fastrtps_cpp.dir/rosidl_typesupport_fastrtps_cpp/gakurobo_msgs/msg/detail/dds_fastrtps/serch_ball__type_support.cpp.o[0m
[1.023s] [ 23%] [32mBuilding CXX object CMakeFiles/gakurobo_msgs__rosidl_typesupport_introspection_cpp.dir/rosidl_typesupport_introspection_cpp/gakurobo_msgs/msg/detail/serch_ball__type_support.cpp.o[0m
[1.072s] [ 24%] [32mBuilding CXX object CMakeFiles/gakurobo_msgs__rosidl_typesupport_c.dir/rosidl_typesupport_c/gakurobo_msgs/msg/serch_ball__type_support.cpp.o[0m
[1.111s] [ 25%] [32mBuilding CXX object CMakeFiles/gakurobo_msgs__rosidl_typesupport_c.dir/rosidl_typesupport_c/gakurobo_msgs/msg/serch_sairo__type_support.cpp.o[0m
[1.144s] [ 26%] [32mBuilding CXX object CMakeFiles/gakurobo_msgs__rosidl_typesupport_c.dir/rosidl_typesupport_c/gakurobo_msgs/msg/from_f7__type_support.cpp.o[0m
[1.145s] [ 27%] [32mBuilding CXX object CMakeFiles/gakurobo_msgs__rosidl_typesupport_cpp.dir/rosidl_typesupport_cpp/gakurobo_msgs/msg/setpower__type_support.cpp.o[0m
[1.164s] [ 28%] [32mBuilding CXX object CMakeFiles/gakurobo_msgs__rosidl_typesupport_cpp.dir/rosidl_typesupport_cpp/gakurobo_msgs/msg/pid__type_support.cpp.o[0m
[1.169s] [ 29%] [32mBuilding CXX object CMakeFiles/gakurobo_msgs__rosidl_typesupport_cpp.dir/rosidl_typesupport_cpp/gakurobo_msgs/msg/emergency__type_support.cpp.o[0m
[1.174s] [ 30%] [32mBuilding CXX object CMakeFiles/gakurobo_msgs__rosidl_typesupport_c.dir/rosidl_typesupport_c/gakurobo_msgs/msg/aims__type_support.cpp.o[0m
[1.192s] [ 31%] [32mBuilding CXX object CMakeFiles/gakurobo_msgs__rosidl_typesupport_introspection_cpp.dir/rosidl_typesupport_introspection_cpp/gakurobo_msgs/msg/detail/serch_sairo__type_support.cpp.o[0m
[1.207s] [ 32%] [32mBuilding CXX object CMakeFiles/gakurobo_msgs__rosidl_typesupport_c.dir/rosidl_typesupport_c/gakurobo_msgs/msg/setpower__type_support.cpp.o[0m
[1.248s] [ 33%] [32mBuilding CXX object CMakeFiles/gakurobo_msgs__rosidl_typesupport_c.dir/rosidl_typesupport_c/gakurobo_msgs/msg/pid__type_support.cpp.o[0m
[1.281s] [ 34%] [32mBuilding CXX object CMakeFiles/gakurobo_msgs__rosidl_typesupport_c.dir/rosidl_typesupport_c/gakurobo_msgs/msg/emergency__type_support.cpp.o[0m
[1.297s] [ 35%] [32mBuilding C object CMakeFiles/gakurobo_msgs__rosidl_typesupport_introspection_c.dir/rosidl_typesupport_introspection_c/gakurobo_msgs/msg/detail/serch_ball__type_support.c.o[0m
[1.326s] [ 36%] [32mBuilding CXX object CMakeFiles/gakurobo_msgs__rosidl_typesupport_c.dir/rosidl_typesupport_c/gakurobo_msgs/msg/in_sairo__type_support.cpp.o[0m
[1.331s] [ 37%] [32mBuilding C object CMakeFiles/gakurobo_msgs__rosidl_typesupport_introspection_c.dir/rosidl_typesupport_introspection_c/gakurobo_msgs/msg/detail/serch_sairo__type_support.c.o[0m
[1.363s] [ 38%] [32mBuilding C object CMakeFiles/gakurobo_msgs__rosidl_typesupport_introspection_c.dir/rosidl_typesupport_introspection_c/gakurobo_msgs/msg/detail/from_f7__type_support.c.o[0m
[1.368s] [ 39%] [32mBuilding C object CMakeFiles/gakurobo_msgs__rosidl_typesupport_introspection_c.dir/rosidl_typesupport_introspection_c/gakurobo_msgs/msg/detail/aims__type_support.c.o[0m
[1.373s] [ 39%] [32mBuilding CXX object CMakeFiles/gakurobo_msgs__rosidl_typesupport_c.dir/rosidl_typesupport_c/gakurobo_msgs/msg/kiki_udp__type_support.cpp.o[0m
[1.398s] [ 40%] [32mBuilding CXX object CMakeFiles/gakurobo_msgs__rosidl_typesupport_fastrtps_cpp.dir/rosidl_typesupport_fastrtps_cpp/gakurobo_msgs/msg/detail/dds_fastrtps/serch_sairo__type_support.cpp.o[0m
[1.399s] [ 41%] [32mBuilding C object CMakeFiles/gakurobo_msgs__rosidl_typesupport_introspection_c.dir/rosidl_typesupport_introspection_c/gakurobo_msgs/msg/detail/setpower__type_support.c.o[0m
[1.403s] [ 42%] [32mBuilding CXX object CMakeFiles/gakurobo_msgs__rosidl_typesupport_c.dir/rosidl_typesupport_c/gakurobo_msgs/msg/odom__type_support.cpp.o[0m
[1.430s] [ 43%] [32mBuilding C object CMakeFiles/gakurobo_msgs__rosidl_typesupport_introspection_c.dir/rosidl_typesupport_introspection_c/gakurobo_msgs/msg/detail/pid__type_support.c.o[0m
[1.435s] [ 44%] [32m[1mLinking CXX shared library libgakurobo_msgs__rosidl_typesupport_c.so[0m
[1.471s] [ 45%] [32mBuilding C object CMakeFiles/gakurobo_msgs__rosidl_typesupport_introspection_c.dir/rosidl_typesupport_introspection_c/gakurobo_msgs/msg/detail/emergency__type_support.c.o[0m
[1.479s] [ 45%] Built target gakurobo_msgs__rosidl_typesupport_c
[1.484s] [ 46%] [32mBuilding C object CMakeFiles/gakurobo_msgs__rosidl_typesupport_introspection_c.dir/rosidl_typesupport_introspection_c/gakurobo_msgs/msg/detail/in_sairo__type_support.c.o[0m
[1.504s] [ 47%] [32mBuilding C object CMakeFiles/gakurobo_msgs__rosidl_typesupport_introspection_c.dir/rosidl_typesupport_introspection_c/gakurobo_msgs/msg/detail/kiki_udp__type_support.c.o[0m
[1.508s] [ 47%] [32mBuilding CXX object CMakeFiles/gakurobo_msgs__rosidl_typesupport_fastrtps_cpp.dir/rosidl_typesupport_fastrtps_cpp/gakurobo_msgs/msg/detail/dds_fastrtps/from_f7__type_support.cpp.o[0m
[1.509s] [ 48%] [32mBuilding CXX object CMakeFiles/gakurobo_msgs__rosidl_typesupport_cpp.dir/rosidl_typesupport_cpp/gakurobo_msgs/msg/kiki_udp__type_support.cpp.o[0m
[1.510s] [ 49%] [32mBuilding CXX object CMakeFiles/gakurobo_msgs__rosidl_typesupport_cpp.dir/rosidl_typesupport_cpp/gakurobo_msgs/msg/in_sairo__type_support.cpp.o[0m
[1.514s] [ 50%] [32mBuilding CXX object CMakeFiles/gakurobo_msgs__rosidl_typesupport_cpp.dir/rosidl_typesupport_cpp/gakurobo_msgs/msg/odom__type_support.cpp.o[0m
[1.530s] [ 51%] [32mBuilding CXX object CMakeFiles/gakurobo_msgs__rosidl_typesupport_introspection_cpp.dir/rosidl_typesupport_introspection_cpp/gakurobo_msgs/msg/detail/from_f7__type_support.cpp.o[0m
[1.536s] [ 52%] [32mBuilding CXX object CMakeFiles/gakurobo_msgs__rosidl_typesupport_introspection_cpp.dir/rosidl_typesupport_introspection_cpp/gakurobo_msgs/msg/detail/aims__type_support.cpp.o[0m
[1.550s] [ 53%] [32mBuilding C object CMakeFiles/gakurobo_msgs__rosidl_typesupport_introspection_c.dir/rosidl_typesupport_introspection_c/gakurobo_msgs/msg/detail/odom__type_support.c.o[0m
[1.580s] [ 54%] [32m[1mLinking C shared library libgakurobo_msgs__rosidl_typesupport_introspection_c.so[0m
[1.604s] [ 54%] Built target gakurobo_msgs__rosidl_typesupport_introspection_c
[1.609s] [ 55%] [32mBuilding CXX object CMakeFiles/gakurobo_msgs__rosidl_typesupport_introspection_cpp.dir/rosidl_typesupport_introspection_cpp/gakurobo_msgs/msg/detail/setpower__type_support.cpp.o[0m
[1.860s] [ 56%] [32mBuilding CXX object CMakeFiles/gakurobo_msgs__rosidl_typesupport_introspection_cpp.dir/rosidl_typesupport_introspection_cpp/gakurobo_msgs/msg/detail/pid__type_support.cpp.o[0m
[1.862s] [ 57%] [32mBuilding CXX object CMakeFiles/gakurobo_msgs__rosidl_typesupport_introspection_cpp.dir/rosidl_typesupport_introspection_cpp/gakurobo_msgs/msg/detail/emergency__type_support.cpp.o[0m
[1.894s] [ 58%] [32mBuilding CXX object CMakeFiles/gakurobo_msgs__rosidl_typesupport_introspection_cpp.dir/rosidl_typesupport_introspection_cpp/gakurobo_msgs/msg/detail/in_sairo__type_support.cpp.o[0m
[1.901s] [ 59%] [32mBuilding CXX object CMakeFiles/gakurobo_msgs__rosidl_typesupport_fastrtps_cpp.dir/rosidl_typesupport_fastrtps_cpp/gakurobo_msgs/msg/detail/dds_fastrtps/aims__type_support.cpp.o[0m
[1.912s] [ 60%] [32m[1mLinking CXX shared library libgakurobo_msgs__rosidl_typesupport_cpp.so[0m
[1.946s] [ 60%] Built target gakurobo_msgs__rosidl_typesupport_cpp
[1.950s] [ 61%] [32mBuilding CXX object CMakeFiles/gakurobo_msgs__rosidl_typesupport_fastrtps_cpp.dir/rosidl_typesupport_fastrtps_cpp/gakurobo_msgs/msg/detail/dds_fastrtps/setpower__type_support.cpp.o[0m
[1.951s] [ 62%] [32mBuilding CXX object CMakeFiles/gakurobo_msgs__rosidl_typesupport_fastrtps_cpp.dir/rosidl_typesupport_fastrtps_cpp/gakurobo_msgs/msg/detail/dds_fastrtps/pid__type_support.cpp.o[0m
[1.952s] [ 63%] [32mBuilding CXX object CMakeFiles/gakurobo_msgs__rosidl_typesupport_introspection_cpp.dir/rosidl_typesupport_introspection_cpp/gakurobo_msgs/msg/detail/kiki_udp__type_support.cpp.o[0m
[2.041s] [ 64%] [32mBuilding CXX object CMakeFiles/gakurobo_msgs__rosidl_typesupport_fastrtps_cpp.dir/rosidl_typesupport_fastrtps_cpp/gakurobo_msgs/msg/detail/dds_fastrtps/emergency__type_support.cpp.o[0m
[2.198s] [ 65%] [32mBuilding CXX object CMakeFiles/gakurobo_msgs__rosidl_typesupport_introspection_cpp.dir/rosidl_typesupport_introspection_cpp/gakurobo_msgs/msg/detail/odom__type_support.cpp.o[0m
[2.236s] [ 66%] [32mBuilding CXX object CMakeFiles/gakurobo_msgs__rosidl_typesupport_fastrtps_cpp.dir/rosidl_typesupport_fastrtps_cpp/gakurobo_msgs/msg/detail/dds_fastrtps/in_sairo__type_support.cpp.o[0m
[2.237s] [ 67%] [32mBuilding CXX object CMakeFiles/gakurobo_msgs__rosidl_typesupport_fastrtps_cpp.dir/rosidl_typesupport_fastrtps_cpp/gakurobo_msgs/msg/detail/dds_fastrtps/kiki_udp__type_support.cpp.o[0m
[2.314s] [ 68%] [32mBuilding CXX object CMakeFiles/gakurobo_msgs__rosidl_typesupport_fastrtps_cpp.dir/rosidl_typesupport_fastrtps_cpp/gakurobo_msgs/msg/detail/dds_fastrtps/odom__type_support.cpp.o[0m
[2.508s] [ 69%] [32m[1mLinking CXX shared library libgakurobo_msgs__rosidl_typesupport_introspection_cpp.so[0m
[2.553s] [ 69%] Built target gakurobo_msgs__rosidl_typesupport_introspection_cpp
[2.646s] [ 70%] [32m[1mLinking CXX shared library libgakurobo_msgs__rosidl_typesupport_fastrtps_cpp.so[0m
[2.695s] [ 70%] Built target gakurobo_msgs__rosidl_typesupport_fastrtps_cpp
[2.698s] [ 71%] [34m[1mGenerating C type support for eProsima Fast-RTPS[0m
[3.043s] [ 73%] [32mBuilding CXX object CMakeFiles/gakurobo_msgs__rosidl_typesupport_fastrtps_c.dir/rosidl_typesupport_fastrtps_c/gakurobo_msgs/msg/detail/serch_sairo__type_support_c.cpp.o[0m
[3.043s] [ 74%] [32mBuilding CXX object CMakeFiles/gakurobo_msgs__rosidl_typesupport_fastrtps_c.dir/rosidl_typesupport_fastrtps_c/gakurobo_msgs/msg/detail/from_f7__type_support_c.cpp.o[0m
[3.043s] [ 75%] [32mBuilding CXX object CMakeFiles/gakurobo_msgs__rosidl_typesupport_fastrtps_c.dir/rosidl_typesupport_fastrtps_c/gakurobo_msgs/msg/detail/aims__type_support_c.cpp.o[0m
[3.043s] [ 76%] [32mBuilding CXX object CMakeFiles/gakurobo_msgs__rosidl_typesupport_fastrtps_c.dir/rosidl_typesupport_fastrtps_c/gakurobo_msgs/msg/detail/setpower__type_support_c.cpp.o[0m
[3.043s] [ 77%] [32mBuilding CXX object CMakeFiles/gakurobo_msgs__rosidl_typesupport_fastrtps_c.dir/rosidl_typesupport_fastrtps_c/gakurobo_msgs/msg/detail/pid__type_support_c.cpp.o[0m
[3.043s] [ 78%] [32mBuilding CXX object CMakeFiles/gakurobo_msgs__rosidl_typesupport_fastrtps_c.dir/rosidl_typesupport_fastrtps_c/gakurobo_msgs/msg/detail/emergency__type_support_c.cpp.o[0m
[3.043s] [ 79%] [32mBuilding CXX object CMakeFiles/gakurobo_msgs__rosidl_typesupport_fastrtps_c.dir/rosidl_typesupport_fastrtps_c/gakurobo_msgs/msg/detail/in_sairo__type_support_c.cpp.o[0m
[3.043s] [ 79%] [32mBuilding CXX object CMakeFiles/gakurobo_msgs__rosidl_typesupport_fastrtps_c.dir/rosidl_typesupport_fastrtps_c/gakurobo_msgs/msg/detail/serch_ball__type_support_c.cpp.o[0m
[3.436s] [ 80%] [32mBuilding CXX object CMakeFiles/gakurobo_msgs__rosidl_typesupport_fastrtps_c.dir/rosidl_typesupport_fastrtps_c/gakurobo_msgs/msg/detail/kiki_udp__type_support_c.cpp.o[0m
[3.438s] [ 81%] [32mBuilding CXX object CMakeFiles/gakurobo_msgs__rosidl_typesupport_fastrtps_c.dir/rosidl_typesupport_fastrtps_c/gakurobo_msgs/msg/detail/odom__type_support_c.cpp.o[0m
[3.683s] [ 82%] [32m[1mLinking CXX shared library libgakurobo_msgs__rosidl_typesupport_fastrtps_c.so[0m
[3.731s] [ 82%] Built target gakurobo_msgs__rosidl_typesupport_fastrtps_c
[3.738s] [ 82%] Built target gakurobo_msgs
[3.745s] [ 83%] [34m[1mGenerating Python code for ROS interfaces[0m
[4.483s] [ 83%] Built target gakurobo_msgs__py
[4.491s] [ 85%] [32mBuilding C object CMakeFiles/gakurobo_msgs__python.dir/rosidl_generator_py/gakurobo_msgs/msg/_serch_sairo_s.c.o[0m
[4.491s] [ 86%] [32mBuilding C object CMakeFiles/gakurobo_msgs__python.dir/rosidl_generator_py/gakurobo_msgs/msg/_from_f7_s.c.o[0m
[4.491s] [ 87%] [32mBuilding C object CMakeFiles/gakurobo_msgs__python.dir/rosidl_generator_py/gakurobo_msgs/msg/_setpower_s.c.o[0m
[4.491s] [ 88%] [32mBuilding C object CMakeFiles/gakurobo_msgs__python.dir/rosidl_generator_py/gakurobo_msgs/msg/_pid_s.c.o[0m
[4.491s] [ 89%] [32mBuilding C object CMakeFiles/gakurobo_msgs__python.dir/rosidl_generator_py/gakurobo_msgs/msg/_aims_s.c.o[0m
[4.491s] [ 90%] [32mBuilding C object CMakeFiles/gakurobo_msgs__python.dir/rosidl_generator_py/gakurobo_msgs/msg/_emergency_s.c.o[0m
[4.491s] [ 91%] [32mBuilding C object CMakeFiles/gakurobo_msgs__python.dir/rosidl_generator_py/gakurobo_msgs/msg/_in_sairo_s.c.o[0m
[4.491s] [ 91%] [32mBuilding C object CMakeFiles/gakurobo_msgs__python.dir/rosidl_generator_py/gakurobo_msgs/msg/_serch_ball_s.c.o[0m
[4.591s] [ 92%] [32mBuilding C object CMakeFiles/gakurobo_msgs__python.dir/rosidl_generator_py/gakurobo_msgs/msg/_kiki_udp_s.c.o[0m
[4.594s] [ 93%] [32mBuilding C object CMakeFiles/gakurobo_msgs__python.dir/rosidl_generator_py/gakurobo_msgs/msg/_odom_s.c.o[0m
[4.656s] [ 94%] [32m[1mLinking C shared library rosidl_generator_py/gakurobo_msgs/libgakurobo_msgs__python.so[0m
[4.676s] [ 94%] Built target gakurobo_msgs__python
[4.683s] [ 95%] [32mBuilding C object CMakeFiles/gakurobo_msgs__rosidl_typesupport_c__pyext.dir/rosidl_generator_py/gakurobo_msgs/_gakurobo_msgs_s.ep.rosidl_typesupport_c.c.o[0m
[4.683s] [ 96%] [32mBuilding C object CMakeFiles/gakurobo_msgs__rosidl_typesupport_introspection_c__pyext.dir/rosidl_generator_py/gakurobo_msgs/_gakurobo_msgs_s.ep.rosidl_typesupport_introspection_c.c.o[0m
[4.683s] [ 97%] [32mBuilding C object CMakeFiles/gakurobo_msgs__rosidl_typesupport_fastrtps_c__pyext.dir/rosidl_generator_py/gakurobo_msgs/_gakurobo_msgs_s.ep.rosidl_typesupport_fastrtps_c.c.o[0m
[4.754s] [ 98%] [32m[1mLinking C shared library rosidl_generator_py/gakurobo_msgs/gakurobo_msgs_s__rosidl_typesupport_introspection_c.cpython-38-x86_64-linux-gnu.so[0m
[4.755s] [ 99%] [32m[1mLinking CXX shared library rosidl_generator_py/gakurobo_msgs/gakurobo_msgs_s__rosidl_typesupport_fastrtps_c.cpython-38-x86_64-linux-gnu.so[0m
[4.757s] [100%] [32m[1mLinking C shared library rosidl_generator_py/gakurobo_msgs/gakurobo_msgs_s__rosidl_typesupport_c.cpython-38-x86_64-linux-gnu.so[0m
[4.770s] [100%] Built target gakurobo_msgs__rosidl_typesupport_introspection_c__pyext
[4.773s] [100%] Built target gakurobo_msgs__rosidl_typesupport_c__pyext
[4.790s] [100%] Built target gakurobo_msgs__rosidl_typesupport_fastrtps_c__pyext
[4.794s] Invoked command in '/home/robohan-ros2-5/test_gui/build/gakurobo_msgs' returned '0': CMAKE_PREFIX_PATH=/opt/ros/foxy /usr/local/bin/cmake --build /home/robohan-ros2-5/test_gui/build/gakurobo_msgs -- -j8 -l8
[4.893s] Invoking command in '/home/robohan-ros2-5/test_gui/build/gakurobo_msgs': CMAKE_PREFIX_PATH=/opt/ros/foxy /usr/local/bin/cmake --install /home/robohan-ros2-5/test_gui/build/gakurobo_msgs
[4.897s] -- Install configuration: ""
[4.897s] -- Installing: /home/robohan-ros2-5/test_gui/install/gakurobo_msgs/share/ament_index/resource_index/rosidl_interfaces/gakurobo_msgs
[4.897s] -- Installing: /home/robohan-ros2-5/test_gui/install/gakurobo_msgs/include/gakurobo_msgs
[4.897s] -- Installing: /home/robohan-ros2-5/test_gui/install/gakurobo_msgs/include/gakurobo_msgs/msg
[4.897s] -- Installing: /home/robohan-ros2-5/test_gui/install/gakurobo_msgs/include/gakurobo_msgs/msg/pid.h
[4.897s] -- Installing: /home/robohan-ros2-5/test_gui/install/gakurobo_msgs/include/gakurobo_msgs/msg/serch_ball.h
[4.897s] -- Installing: /home/robohan-ros2-5/test_gui/install/gakurobo_msgs/include/gakurobo_msgs/msg/aims.h
[4.897s] -- Installing: /home/robohan-ros2-5/test_gui/install/gakurobo_msgs/include/gakurobo_msgs/msg/rosidl_generator_c__visibility_control.h
[4.897s] -- Installing: /home/robohan-ros2-5/test_gui/install/gakurobo_msgs/include/gakurobo_msgs/msg/setpower.h
[4.897s] -- Installing: /home/robohan-ros2-5/test_gui/install/gakurobo_msgs/include/gakurobo_msgs/msg/odom.h
[4.897s] -- Installing: /home/robohan-ros2-5/test_gui/install/gakurobo_msgs/include/gakurobo_msgs/msg/kiki_udp.h
[4.897s] -- Installing: /home/robohan-ros2-5/test_gui/install/gakurobo_msgs/include/gakurobo_msgs/msg/serch_sairo.h
[4.897s] -- Installing: /home/robohan-ros2-5/test_gui/install/gakurobo_msgs/include/gakurobo_msgs/msg/from_f7.h
[4.897s] -- Installing: /home/robohan-ros2-5/test_gui/install/gakurobo_msgs/include/gakurobo_msgs/msg/detail
[4.897s] -- Installing: /home/robohan-ros2-5/test_gui/install/gakurobo_msgs/include/gakurobo_msgs/msg/detail/serch_ball__functions.h
[4.897s] -- Installing: /home/robohan-ros2-5/test_gui/install/gakurobo_msgs/include/gakurobo_msgs/msg/detail/kiki_udp__struct.h
[4.897s] -- Installing: /home/robohan-ros2-5/test_gui/install/gakurobo_msgs/include/gakurobo_msgs/msg/detail/serch_sairo__functions.c
[4.897s] -- Installing: /home/robohan-ros2-5/test_gui/install/gakurobo_msgs/include/gakurobo_msgs/msg/detail/serch_ball__type_support.h
[4.897s] -- Installing: /home/robohan-ros2-5/test_gui/install/gakurobo_msgs/include/gakurobo_msgs/msg/detail/pid__type_support.h
[4.898s] -- Installing: /home/robohan-ros2-5/test_gui/install/gakurobo_msgs/include/gakurobo_msgs/msg/detail/odom__functions.c
[4.898s] -- Installing: /home/robohan-ros2-5/test_gui/install/gakurobo_msgs/include/gakurobo_msgs/msg/detail/pid__functions.h
[4.898s] -- Installing: /home/robohan-ros2-5/test_gui/install/gakurobo_msgs/include/gakurobo_msgs/msg/detail/in_sairo__functions.c
[4.898s] -- Installing: /home/robohan-ros2-5/test_gui/install/gakurobo_msgs/include/gakurobo_msgs/msg/detail/aims__struct.h
[4.898s] -- Installing: /home/robohan-ros2-5/test_gui/install/gakurobo_msgs/include/gakurobo_msgs/msg/detail/serch_ball__struct.h
[4.898s] -- Installing: /home/robohan-ros2-5/test_gui/install/gakurobo_msgs/include/gakurobo_msgs/msg/detail/emergency__type_support.h
[4.898s] -- Installing: /home/robohan-ros2-5/test_gui/install/gakurobo_msgs/include/gakurobo_msgs/msg/detail/aims__functions.c
[4.898s] -- Installing: /home/robohan-ros2-5/test_gui/install/gakurobo_msgs/include/gakurobo_msgs/msg/detail/setpower__functions.h
[4.898s] -- Installing: /home/robohan-ros2-5/test_gui/install/gakurobo_msgs/include/gakurobo_msgs/msg/detail/setpower__type_support.h
[4.898s] -- Installing: /home/robohan-ros2-5/test_gui/install/gakurobo_msgs/include/gakurobo_msgs/msg/detail/serch_sairo__struct.h
[4.898s] -- Installing: /home/robohan-ros2-5/test_gui/install/gakurobo_msgs/include/gakurobo_msgs/msg/detail/odom__functions.h
[4.898s] -- Installing: /home/robohan-ros2-5/test_gui/install/gakurobo_msgs/include/gakurobo_msgs/msg/detail/kiki_udp__functions.h
[4.898s] -- Installing: /home/robohan-ros2-5/test_gui/install/gakurobo_msgs/include/gakurobo_msgs/msg/detail/serch_sairo__type_support.h
[4.898s] -- Installing: /home/robohan-ros2-5/test_gui/install/gakurobo_msgs/include/gakurobo_msgs/msg/detail/emergency__struct.h
[4.898s] -- Installing: /home/robohan-ros2-5/test_gui/install/gakurobo_msgs/include/gakurobo_msgs/msg/detail/aims__type_support.h
[4.898s] -- Installing: /home/robohan-ros2-5/test_gui/install/gakurobo_msgs/include/gakurobo_msgs/msg/detail/pid__functions.c
[4.898s] -- Installing: /home/robohan-ros2-5/test_gui/install/gakurobo_msgs/include/gakurobo_msgs/msg/detail/odom__type_support.h
[4.898s] -- Installing: /home/robohan-ros2-5/test_gui/install/gakurobo_msgs/include/gakurobo_msgs/msg/detail/from_f7__functions.h
[4.898s] -- Installing: /home/robohan-ros2-5/test_gui/install/gakurobo_msgs/include/gakurobo_msgs/msg/detail/setpower__functions.c
[4.898s] -- Installing: /home/robohan-ros2-5/test_gui/install/gakurobo_msgs/include/gakurobo_msgs/msg/detail/from_f7__functions.c
[4.898s] -- Installing: /home/robohan-ros2-5/test_gui/install/gakurobo_msgs/include/gakurobo_msgs/msg/detail/from_f7__type_support.h
[4.898s] -- Installing: /home/robohan-ros2-5/test_gui/install/gakurobo_msgs/include/gakurobo_msgs/msg/detail/aims__functions.h
[4.898s] -- Installing: /home/robohan-ros2-5/test_gui/install/gakurobo_msgs/include/gakurobo_msgs/msg/detail/kiki_udp__functions.c
[4.899s] -- Installing: /home/robohan-ros2-5/test_gui/install/gakurobo_msgs/include/gakurobo_msgs/msg/detail/serch_sairo__functions.h
[4.899s] -- Installing: /home/robohan-ros2-5/test_gui/install/gakurobo_msgs/include/gakurobo_msgs/msg/detail/kiki_udp__type_support.h
[4.899s] -- Installing: /home/robohan-ros2-5/test_gui/install/gakurobo_msgs/include/gakurobo_msgs/msg/detail/from_f7__struct.h
[4.899s] -- Installing: /home/robohan-ros2-5/test_gui/install/gakurobo_msgs/include/gakurobo_msgs/msg/detail/serch_ball__functions.c
[4.899s] -- Installing: /home/robohan-ros2-5/test_gui/install/gakurobo_msgs/include/gakurobo_msgs/msg/detail/in_sairo__struct.h
[4.899s] -- Installing: /home/robohan-ros2-5/test_gui/install/gakurobo_msgs/include/gakurobo_msgs/msg/detail/emergency__functions.c
[4.899s] -- Installing: /home/robohan-ros2-5/test_gui/install/gakurobo_msgs/include/gakurobo_msgs/msg/detail/in_sairo__type_support.h
[4.899s] -- Installing: /home/robohan-ros2-5/test_gui/install/gakurobo_msgs/include/gakurobo_msgs/msg/detail/odom__struct.h
[4.899s] -- Installing: /home/robohan-ros2-5/test_gui/install/gakurobo_msgs/include/gakurobo_msgs/msg/detail/in_sairo__functions.h
[4.899s] -- Installing: /home/robohan-ros2-5/test_gui/install/gakurobo_msgs/include/gakurobo_msgs/msg/detail/emergency__functions.h
[4.899s] -- Installing: /home/robohan-ros2-5/test_gui/install/gakurobo_msgs/include/gakurobo_msgs/msg/detail/pid__struct.h
[4.899s] -- Installing: /home/robohan-ros2-5/test_gui/install/gakurobo_msgs/include/gakurobo_msgs/msg/detail/setpower__struct.h
[4.899s] -- Installing: /home/robohan-ros2-5/test_gui/install/gakurobo_msgs/include/gakurobo_msgs/msg/in_sairo.h
[4.899s] -- Installing: /home/robohan-ros2-5/test_gui/install/gakurobo_msgs/include/gakurobo_msgs/msg/emergency.h
[4.899s] -- Installing: /home/robohan-ros2-5/test_gui/install/gakurobo_msgs/share/gakurobo_msgs/environment/library_path.sh
[4.899s] -- Installing: /home/robohan-ros2-5/test_gui/install/gakurobo_msgs/share/gakurobo_msgs/environment/library_path.dsv
[4.899s] -- Installing: /home/robohan-ros2-5/test_gui/install/gakurobo_msgs/lib/libgakurobo_msgs__rosidl_generator_c.so
[4.899s] -- Set non-toolchain portion of runtime path of "/home/robohan-ros2-5/test_gui/install/gakurobo_msgs/lib/libgakurobo_msgs__rosidl_generator_c.so" to ""
[4.899s] -- Up-to-date: /home/robohan-ros2-5/test_gui/install/gakurobo_msgs/include/gakurobo_msgs
[4.899s] -- Up-to-date: /home/robohan-ros2-5/test_gui/install/gakurobo_msgs/include/gakurobo_msgs/msg
[4.899s] -- Installing: /home/robohan-ros2-5/test_gui/install/gakurobo_msgs/include/gakurobo_msgs/msg/rosidl_typesupport_fastrtps_c__visibility_control.h
[4.899s] -- Up-to-date: /home/robohan-ros2-5/test_gui/install/gakurobo_msgs/include/gakurobo_msgs/msg/detail
[4.900s] -- Installing: /home/robohan-ros2-5/test_gui/install/gakurobo_msgs/include/gakurobo_msgs/msg/detail/serch_ball__rosidl_typesupport_fastrtps_c.h
[4.900s] -- Installing: /home/robohan-ros2-5/test_gui/install/gakurobo_msgs/include/gakurobo_msgs/msg/detail/kiki_udp__rosidl_typesupport_fastrtps_c.h
[4.900s] -- Installing: /home/robohan-ros2-5/test_gui/install/gakurobo_msgs/include/gakurobo_msgs/msg/detail/aims__rosidl_typesupport_fastrtps_c.h
[4.900s] -- Installing: /home/robohan-ros2-5/test_gui/install/gakurobo_msgs/include/gakurobo_msgs/msg/detail/in_sairo__rosidl_typesupport_fastrtps_c.h
[4.900s] -- Installing: /home/robohan-ros2-5/test_gui/install/gakurobo_msgs/include/gakurobo_msgs/msg/detail/setpower__rosidl_typesupport_fastrtps_c.h
[4.900s] -- Installing: /home/robohan-ros2-5/test_gui/install/gakurobo_msgs/include/gakurobo_msgs/msg/detail/serch_sairo__rosidl_typesupport_fastrtps_c.h
[4.900s] -- Installing: /home/robohan-ros2-5/test_gui/install/gakurobo_msgs/include/gakurobo_msgs/msg/detail/from_f7__rosidl_typesupport_fastrtps_c.h
[4.900s] -- Installing: /home/robohan-ros2-5/test_gui/install/gakurobo_msgs/include/gakurobo_msgs/msg/detail/emergency__rosidl_typesupport_fastrtps_c.h
[4.900s] -- Installing: /home/robohan-ros2-5/test_gui/install/gakurobo_msgs/include/gakurobo_msgs/msg/detail/pid__rosidl_typesupport_fastrtps_c.h
[4.900s] -- Installing: /home/robohan-ros2-5/test_gui/install/gakurobo_msgs/include/gakurobo_msgs/msg/detail/odom__rosidl_typesupport_fastrtps_c.h
[4.900s] -- Installing: /home/robohan-ros2-5/test_gui/install/gakurobo_msgs/lib/libgakurobo_msgs__rosidl_typesupport_fastrtps_c.so
[4.900s] -- Set non-toolchain portion of runtime path of "/home/robohan-ros2-5/test_gui/install/gakurobo_msgs/lib/libgakurobo_msgs__rosidl_typesupport_fastrtps_c.so" to ""
[4.900s] -- Up-to-date: /home/robohan-ros2-5/test_gui/install/gakurobo_msgs/include/gakurobo_msgs
[4.900s] -- Up-to-date: /home/robohan-ros2-5/test_gui/install/gakurobo_msgs/include/gakurobo_msgs/msg
[4.900s] -- Installing: /home/robohan-ros2-5/test_gui/install/gakurobo_msgs/include/gakurobo_msgs/msg/rosidl_typesupport_fastrtps_cpp__visibility_control.h
[4.900s] -- Up-to-date: /home/robohan-ros2-5/test_gui/install/gakurobo_msgs/include/gakurobo_msgs/msg/detail
[4.900s] -- Installing: /home/robohan-ros2-5/test_gui/install/gakurobo_msgs/include/gakurobo_msgs/msg/detail/odom__rosidl_typesupport_fastrtps_cpp.hpp
[4.900s] -- Installing: /home/robohan-ros2-5/test_gui/install/gakurobo_msgs/include/gakurobo_msgs/msg/detail/emergency__rosidl_typesupport_fastrtps_cpp.hpp
[4.900s] -- Installing: /home/robohan-ros2-5/test_gui/install/gakurobo_msgs/include/gakurobo_msgs/msg/detail/pid__rosidl_typesupport_fastrtps_cpp.hpp
[4.900s] -- Installing: /home/robohan-ros2-5/test_gui/install/gakurobo_msgs/include/gakurobo_msgs/msg/detail/dds_fastrtps
[4.900s] -- Installing: /home/robohan-ros2-5/test_gui/install/gakurobo_msgs/include/gakurobo_msgs/msg/detail/setpower__rosidl_typesupport_fastrtps_cpp.hpp
[4.900s] -- Installing: /home/robohan-ros2-5/test_gui/install/gakurobo_msgs/include/gakurobo_msgs/msg/detail/aims__rosidl_typesupport_fastrtps_cpp.hpp
[4.901s] -- Installing: /home/robohan-ros2-5/test_gui/install/gakurobo_msgs/include/gakurobo_msgs/msg/detail/in_sairo__rosidl_typesupport_fastrtps_cpp.hpp
[4.901s] -- Installing: /home/robohan-ros2-5/test_gui/install/gakurobo_msgs/include/gakurobo_msgs/msg/detail/from_f7__rosidl_typesupport_fastrtps_cpp.hpp
[4.901s] -- Installing: /home/robohan-ros2-5/test_gui/install/gakurobo_msgs/include/gakurobo_msgs/msg/detail/serch_ball__rosidl_typesupport_fastrtps_cpp.hpp
[4.901s] -- Installing: /home/robohan-ros2-5/test_gui/install/gakurobo_msgs/include/gakurobo_msgs/msg/detail/kiki_udp__rosidl_typesupport_fastrtps_cpp.hpp
[4.901s] -- Installing: /home/robohan-ros2-5/test_gui/install/gakurobo_msgs/include/gakurobo_msgs/msg/detail/serch_sairo__rosidl_typesupport_fastrtps_cpp.hpp
[4.901s] -- Installing: /home/robohan-ros2-5/test_gui/install/gakurobo_msgs/lib/libgakurobo_msgs__rosidl_typesupport_fastrtps_cpp.so
[4.901s] -- Set non-toolchain portion of runtime path of "/home/robohan-ros2-5/test_gui/install/gakurobo_msgs/lib/libgakurobo_msgs__rosidl_typesupport_fastrtps_cpp.so" to ""
[4.901s] -- Up-to-date: /home/robohan-ros2-5/test_gui/install/gakurobo_msgs/include/gakurobo_msgs
[4.901s] -- Up-to-date: /home/robohan-ros2-5/test_gui/install/gakurobo_msgs/include/gakurobo_msgs/msg
[4.901s] -- Up-to-date: /home/robohan-ros2-5/test_gui/install/gakurobo_msgs/include/gakurobo_msgs/msg/detail
[4.901s] -- Installing: /home/robohan-ros2-5/test_gui/install/gakurobo_msgs/include/gakurobo_msgs/msg/detail/kiki_udp__rosidl_typesupport_introspection_c.h
[4.901s] -- Installing: /home/robohan-ros2-5/test_gui/install/gakurobo_msgs/include/gakurobo_msgs/msg/detail/serch_ball__type_support.c
[4.901s] -- Installing: /home/robohan-ros2-5/test_gui/install/gakurobo_msgs/include/gakurobo_msgs/msg/detail/aims__rosidl_typesupport_introspection_c.h
[4.901s] -- Installing: /home/robohan-ros2-5/test_gui/install/gakurobo_msgs/include/gakurobo_msgs/msg/detail/pid__rosidl_typesupport_introspection_c.h
[4.901s] -- Installing: /home/robohan-ros2-5/test_gui/install/gakurobo_msgs/include/gakurobo_msgs/msg/detail/aims__type_support.c
[4.901s] -- Installing: /home/robohan-ros2-5/test_gui/install/gakurobo_msgs/include/gakurobo_msgs/msg/detail/in_sairo__rosidl_typesupport_introspection_c.h
[4.901s] -- Installing: /home/robohan-ros2-5/test_gui/install/gakurobo_msgs/include/gakurobo_msgs/msg/detail/emergency__rosidl_typesupport_introspection_c.h
[4.901s] -- Installing: /home/robohan-ros2-5/test_gui/install/gakurobo_msgs/include/gakurobo_msgs/msg/detail/in_sairo__type_support.c
[4.901s] -- Installing: /home/robohan-ros2-5/test_gui/install/gakurobo_msgs/include/gakurobo_msgs/msg/detail/emergency__type_support.c
[4.901s] -- Installing: /home/robohan-ros2-5/test_gui/install/gakurobo_msgs/include/gakurobo_msgs/msg/detail/odom__rosidl_typesupport_introspection_c.h
[4.902s] -- Installing: /home/robohan-ros2-5/test_gui/install/gakurobo_msgs/include/gakurobo_msgs/msg/detail/serch_sairo__rosidl_typesupport_introspection_c.h
[4.902s] -- Installing: /home/robohan-ros2-5/test_gui/install/gakurobo_msgs/include/gakurobo_msgs/msg/detail/from_f7__rosidl_typesupport_introspection_c.h
[4.902s] -- Installing: /home/robohan-ros2-5/test_gui/install/gakurobo_msgs/include/gakurobo_msgs/msg/detail/serch_sairo__type_support.c
[4.902s] -- Installing: /home/robohan-ros2-5/test_gui/install/gakurobo_msgs/include/gakurobo_msgs/msg/detail/pid__type_support.c
[4.902s] -- Installing: /home/robohan-ros2-5/test_gui/install/gakurobo_msgs/include/gakurobo_msgs/msg/detail/serch_ball__rosidl_typesupport_introspection_c.h
[4.902s] -- Installing: /home/robohan-ros2-5/test_gui/install/gakurobo_msgs/include/gakurobo_msgs/msg/detail/setpower__type_support.c
[4.902s] -- Installing: /home/robohan-ros2-5/test_gui/install/gakurobo_msgs/include/gakurobo_msgs/msg/detail/odom__type_support.c
[4.902s] -- Installing: /home/robohan-ros2-5/test_gui/install/gakurobo_msgs/include/gakurobo_msgs/msg/detail/setpower__rosidl_typesupport_introspection_c.h
[4.902s] -- Installing: /home/robohan-ros2-5/test_gui/install/gakurobo_msgs/include/gakurobo_msgs/msg/detail/from_f7__type_support.c
[4.902s] -- Installing: /home/robohan-ros2-5/test_gui/install/gakurobo_msgs/include/gakurobo_msgs/msg/detail/kiki_udp__type_support.c
[4.902s] -- Installing: /home/robohan-ros2-5/test_gui/install/gakurobo_msgs/include/gakurobo_msgs/msg/rosidl_typesupport_introspection_c__visibility_control.h
[4.902s] -- Installing: /home/robohan-ros2-5/test_gui/install/gakurobo_msgs/lib/libgakurobo_msgs__rosidl_typesupport_introspection_c.so
[4.902s] -- Set non-toolchain portion of runtime path of "/home/robohan-ros2-5/test_gui/install/gakurobo_msgs/lib/libgakurobo_msgs__rosidl_typesupport_introspection_c.so" to ""
[4.902s] -- Installing: /home/robohan-ros2-5/test_gui/install/gakurobo_msgs/lib/libgakurobo_msgs__rosidl_typesupport_c.so
[4.902s] -- Set non-toolchain portion of runtime path of "/home/robohan-ros2-5/test_gui/install/gakurobo_msgs/lib/libgakurobo_msgs__rosidl_typesupport_c.so" to ""
[4.902s] -- Up-to-date: /home/robohan-ros2-5/test_gui/install/gakurobo_msgs/include/gakurobo_msgs
[4.902s] -- Up-to-date: /home/robohan-ros2-5/test_gui/install/gakurobo_msgs/include/gakurobo_msgs/msg
[4.902s] -- Installing: /home/robohan-ros2-5/test_gui/install/gakurobo_msgs/include/gakurobo_msgs/msg/odom.hpp
[4.903s] -- Installing: /home/robohan-ros2-5/test_gui/install/gakurobo_msgs/include/gakurobo_msgs/msg/serch_sairo.hpp
[4.903s] -- Installing: /home/robohan-ros2-5/test_gui/install/gakurobo_msgs/include/gakurobo_msgs/msg/from_f7.hpp
[4.903s] -- Installing: /home/robohan-ros2-5/test_gui/install/gakurobo_msgs/include/gakurobo_msgs/msg/rosidl_generator_cpp__visibility_control.hpp
[4.903s] -- Installing: /home/robohan-ros2-5/test_gui/install/gakurobo_msgs/include/gakurobo_msgs/msg/in_sairo.hpp
[4.903s] -- Installing: /home/robohan-ros2-5/test_gui/install/gakurobo_msgs/include/gakurobo_msgs/msg/setpower.hpp
[4.903s] -- Installing: /home/robohan-ros2-5/test_gui/install/gakurobo_msgs/include/gakurobo_msgs/msg/aims.hpp
[4.903s] -- Installing: /home/robohan-ros2-5/test_gui/install/gakurobo_msgs/include/gakurobo_msgs/msg/serch_ball.hpp
[4.903s] -- Installing: /home/robohan-ros2-5/test_gui/install/gakurobo_msgs/include/gakurobo_msgs/msg/pid.hpp
[4.903s] -- Installing: /home/robohan-ros2-5/test_gui/install/gakurobo_msgs/include/gakurobo_msgs/msg/kiki_udp.hpp
[4.903s] -- Up-to-date: /home/robohan-ros2-5/test_gui/install/gakurobo_msgs/include/gakurobo_msgs/msg/detail
[4.903s] -- Installing: /home/robohan-ros2-5/test_gui/install/gakurobo_msgs/include/gakurobo_msgs/msg/detail/aims__builder.hpp
[4.903s] -- Installing: /home/robohan-ros2-5/test_gui/install/gakurobo_msgs/include/gakurobo_msgs/msg/detail/from_f7__builder.hpp
[4.903s] -- Installing: /home/robohan-ros2-5/test_gui/install/gakurobo_msgs/include/gakurobo_msgs/msg/detail/serch_sairo__builder.hpp
[4.903s] -- Installing: /home/robohan-ros2-5/test_gui/install/gakurobo_msgs/include/gakurobo_msgs/msg/detail/in_sairo__struct.hpp
[4.903s] -- Installing: /home/robohan-ros2-5/test_gui/install/gakurobo_msgs/include/gakurobo_msgs/msg/detail/kiki_udp__struct.hpp
[4.903s] -- Installing: /home/robohan-ros2-5/test_gui/install/gakurobo_msgs/include/gakurobo_msgs/msg/detail/setpower__builder.hpp
[4.903s] -- Installing: /home/robohan-ros2-5/test_gui/install/gakurobo_msgs/include/gakurobo_msgs/msg/detail/pid__traits.hpp
[4.903s] -- Installing: /home/robohan-ros2-5/test_gui/install/gakurobo_msgs/include/gakurobo_msgs/msg/detail/aims__type_support.hpp
[4.903s] -- Installing: /home/robohan-ros2-5/test_gui/install/gakurobo_msgs/include/gakurobo_msgs/msg/detail/odom__struct.hpp
[4.904s] -- Installing: /home/robohan-ros2-5/test_gui/install/gakurobo_msgs/include/gakurobo_msgs/msg/detail/serch_sairo__struct.hpp
[4.904s] -- Installing: /home/robohan-ros2-5/test_gui/install/gakurobo_msgs/include/gakurobo_msgs/msg/detail/in_sairo__traits.hpp
[4.904s] -- Installing: /home/robohan-ros2-5/test_gui/install/gakurobo_msgs/include/gakurobo_msgs/msg/detail/pid__struct.hpp
[4.904s] -- Installing: /home/robohan-ros2-5/test_gui/install/gakurobo_msgs/include/gakurobo_msgs/msg/detail/kiki_udp__traits.hpp
[4.904s] -- Installing: /home/robohan-ros2-5/test_gui/install/gakurobo_msgs/include/gakurobo_msgs/msg/detail/serch_ball__struct.hpp
[4.904s] -- Installing: /home/robohan-ros2-5/test_gui/install/gakurobo_msgs/include/gakurobo_msgs/msg/detail/serch_ball__builder.hpp
[4.904s] -- Installing: /home/robohan-ros2-5/test_gui/install/gakurobo_msgs/include/gakurobo_msgs/msg/detail/odom__builder.hpp
[4.904s] -- Installing: /home/robohan-ros2-5/test_gui/install/gakurobo_msgs/include/gakurobo_msgs/msg/detail/setpower__traits.hpp
[4.904s] -- Installing: /home/robohan-ros2-5/test_gui/install/gakurobo_msgs/include/gakurobo_msgs/msg/detail/kiki_udp__type_support.hpp
[4.904s] -- Installing: /home/robohan-ros2-5/test_gui/install/gakurobo_msgs/include/gakurobo_msgs/msg/detail/odom__traits.hpp
[4.904s] -- Installing: /home/robohan-ros2-5/test_gui/install/gakurobo_msgs/include/gakurobo_msgs/msg/detail/serch_ball__type_support.hpp
[4.904s] -- Installing: /home/robohan-ros2-5/test_gui/install/gakurobo_msgs/include/gakurobo_msgs/msg/detail/aims__struct.hpp
[4.904s] -- Installing: /home/robohan-ros2-5/test_gui/install/gakurobo_msgs/include/gakurobo_msgs/msg/detail/emergency__builder.hpp
[4.904s] -- Installing: /home/robohan-ros2-5/test_gui/install/gakurobo_msgs/include/gakurobo_msgs/msg/detail/setpower__struct.hpp
[4.904s] -- Installing: /home/robohan-ros2-5/test_gui/install/gakurobo_msgs/include/gakurobo_msgs/msg/detail/pid__builder.hpp
[4.904s] -- Installing: /home/robohan-ros2-5/test_gui/install/gakurobo_msgs/include/gakurobo_msgs/msg/detail/from_f7__traits.hpp
[4.907s] -- Installing: /home/robohan-ros2-5/test_gui/install/gakurobo_msgs/include/gakurobo_msgs/msg/detail/aims__traits.hpp
[4.907s] -- Installing: /home/robohan-ros2-5/test_gui/install/gakurobo_msgs/include/gakurobo_msgs/msg/detail/from_f7__struct.hpp
[4.908s] -- Installing: /home/robohan-ros2-5/test_gui/install/gakurobo_msgs/include/gakurobo_msgs/msg/detail/pid__type_support.hpp
[4.908s] -- Installing: /home/robohan-ros2-5/test_gui/install/gakurobo_msgs/include/gakurobo_msgs/msg/detail/from_f7__type_support.hpp
[4.908s] -- Installing: /home/robohan-ros2-5/test_gui/install/gakurobo_msgs/include/gakurobo_msgs/msg/detail/odom__type_support.hpp
[4.908s] -- Installing: /home/robohan-ros2-5/test_gui/install/gakurobo_msgs/include/gakurobo_msgs/msg/detail/emergency__traits.hpp
[4.908s] -- Installing: /home/robohan-ros2-5/test_gui/install/gakurobo_msgs/include/gakurobo_msgs/msg/detail/in_sairo__builder.hpp
[4.908s] -- Installing: /home/robohan-ros2-5/test_gui/install/gakurobo_msgs/include/gakurobo_msgs/msg/detail/serch_sairo__traits.hpp
[4.908s] -- Installing: /home/robohan-ros2-5/test_gui/install/gakurobo_msgs/include/gakurobo_msgs/msg/detail/in_sairo__type_support.hpp
[4.908s] -- Installing: /home/robohan-ros2-5/test_gui/install/gakurobo_msgs/include/gakurobo_msgs/msg/detail/serch_ball__traits.hpp
[4.908s] -- Installing: /home/robohan-ros2-5/test_gui/install/gakurobo_msgs/include/gakurobo_msgs/msg/detail/setpower__type_support.hpp
[4.909s] -- Installing: /home/robohan-ros2-5/test_gui/install/gakurobo_msgs/include/gakurobo_msgs/msg/detail/kiki_udp__builder.hpp
[4.909s] -- Installing: /home/robohan-ros2-5/test_gui/install/gakurobo_msgs/include/gakurobo_msgs/msg/detail/serch_sairo__type_support.hpp
[4.909s] -- Installing: /home/robohan-ros2-5/test_gui/install/gakurobo_msgs/include/gakurobo_msgs/msg/detail/emergency__struct.hpp
[4.909s] -- Installing: /home/robohan-ros2-5/test_gui/install/gakurobo_msgs/include/gakurobo_msgs/msg/detail/emergency__type_support.hpp
[4.909s] -- Installing: /home/robohan-ros2-5/test_gui/install/gakurobo_msgs/include/gakurobo_msgs/msg/emergency.hpp
[4.909s] -- Up-to-date: /home/robohan-ros2-5/test_gui/install/gakurobo_msgs/include/gakurobo_msgs
[4.909s] -- Up-to-date: /home/robohan-ros2-5/test_gui/install/gakurobo_msgs/include/gakurobo_msgs/msg
[4.909s] -- Up-to-date: /home/robohan-ros2-5/test_gui/install/gakurobo_msgs/include/gakurobo_msgs/msg/detail
[4.909s] -- Installing: /home/robohan-ros2-5/test_gui/install/gakurobo_msgs/include/gakurobo_msgs/msg/detail/in_sairo__type_support.cpp
[4.909s] -- Installing: /home/robohan-ros2-5/test_gui/install/gakurobo_msgs/include/gakurobo_msgs/msg/detail/aims__type_support.cpp
[4.909s] -- Installing: /home/robohan-ros2-5/test_gui/install/gakurobo_msgs/include/gakurobo_msgs/msg/detail/odom__rosidl_typesupport_introspection_cpp.hpp
[4.909s] -- Installing: /home/robohan-ros2-5/test_gui/install/gakurobo_msgs/include/gakurobo_msgs/msg/detail/serch_sairo__type_support.cpp
[4.909s] -- Installing: /home/robohan-ros2-5/test_gui/install/gakurobo_msgs/include/gakurobo_msgs/msg/detail/in_sairo__rosidl_typesupport_introspection_cpp.hpp
[4.909s] -- Installing: /home/robohan-ros2-5/test_gui/install/gakurobo_msgs/include/gakurobo_msgs/msg/detail/emergency__rosidl_typesupport_introspection_cpp.hpp
[4.909s] -- Installing: /home/robohan-ros2-5/test_gui/install/gakurobo_msgs/include/gakurobo_msgs/msg/detail/serch_sairo__rosidl_typesupport_introspection_cpp.hpp
[4.909s] -- Installing: /home/robohan-ros2-5/test_gui/install/gakurobo_msgs/include/gakurobo_msgs/msg/detail/emergency__type_support.cpp
[4.910s] -- Installing: /home/robohan-ros2-5/test_gui/install/gakurobo_msgs/include/gakurobo_msgs/msg/detail/pid__rosidl_typesupport_introspection_cpp.hpp
[4.910s] -- Installing: /home/robohan-ros2-5/test_gui/install/gakurobo_msgs/include/gakurobo_msgs/msg/detail/from_f7__type_support.cpp
[4.910s] -- Installing: /home/robohan-ros2-5/test_gui/install/gakurobo_msgs/include/gakurobo_msgs/msg/detail/aims__rosidl_typesupport_introspection_cpp.hpp
[4.910s] -- Installing: /home/robohan-ros2-5/test_gui/install/gakurobo_msgs/include/gakurobo_msgs/msg/detail/from_f7__rosidl_typesupport_introspection_cpp.hpp
[4.910s] -- Installing: /home/robohan-ros2-5/test_gui/install/gakurobo_msgs/include/gakurobo_msgs/msg/detail/kiki_udp__type_support.cpp
[4.910s] -- Installing: /home/robohan-ros2-5/test_gui/install/gakurobo_msgs/include/gakurobo_msgs/msg/detail/kiki_udp__rosidl_typesupport_introspection_cpp.hpp
[4.910s] -- Installing: /home/robohan-ros2-5/test_gui/install/gakurobo_msgs/include/gakurobo_msgs/msg/detail/pid__type_support.cpp
[4.910s] -- Installing: /home/robohan-ros2-5/test_gui/install/gakurobo_msgs/include/gakurobo_msgs/msg/detail/serch_ball__type_support.cpp
[4.910s] -- Installing: /home/robohan-ros2-5/test_gui/install/gakurobo_msgs/include/gakurobo_msgs/msg/detail/odom__type_support.cpp
[4.910s] -- Installing: /home/robohan-ros2-5/test_gui/install/gakurobo_msgs/include/gakurobo_msgs/msg/detail/setpower__type_support.cpp
[4.910s] -- Installing: /home/robohan-ros2-5/test_gui/install/gakurobo_msgs/include/gakurobo_msgs/msg/detail/setpower__rosidl_typesupport_introspection_cpp.hpp
[4.910s] -- Installing: /home/robohan-ros2-5/test_gui/install/gakurobo_msgs/include/gakurobo_msgs/msg/detail/serch_ball__rosidl_typesupport_introspection_cpp.hpp
[4.910s] -- Installing: /home/robohan-ros2-5/test_gui/install/gakurobo_msgs/lib/libgakurobo_msgs__rosidl_typesupport_introspection_cpp.so
[4.910s] -- Set non-toolchain portion of runtime path of "/home/robohan-ros2-5/test_gui/install/gakurobo_msgs/lib/libgakurobo_msgs__rosidl_typesupport_introspection_cpp.so" to ""
[4.910s] -- Installing: /home/robohan-ros2-5/test_gui/install/gakurobo_msgs/lib/libgakurobo_msgs__rosidl_typesupport_cpp.so
[4.911s] -- Set non-toolchain portion of runtime path of "/home/robohan-ros2-5/test_gui/install/gakurobo_msgs/lib/libgakurobo_msgs__rosidl_typesupport_cpp.so" to ""
[4.911s] -- Installing: /home/robohan-ros2-5/test_gui/install/gakurobo_msgs/share/gakurobo_msgs/environment/pythonpath.sh
[4.911s] -- Installing: /home/robohan-ros2-5/test_gui/install/gakurobo_msgs/share/gakurobo_msgs/environment/pythonpath.dsv
[4.912s] -- Installing: /home/robohan-ros2-5/test_gui/install/gakurobo_msgs/lib/python3.8/site-packages/gakurobo_msgs/__init__.py
[4.931s] Compiling '/home/robohan-ros2-5/test_gui/install/gakurobo_msgs/lib/python3.8/site-packages/gakurobo_msgs/__init__.py'...
[4.934s] -- Installing: /home/robohan-ros2-5/test_gui/install/gakurobo_msgs/lib/python3.8/site-packages/gakurobo_msgs/msg
[4.934s] -- Installing: /home/robohan-ros2-5/test_gui/install/gakurobo_msgs/lib/python3.8/site-packages/gakurobo_msgs/msg/_pid_s.c
[4.935s] -- Installing: /home/robohan-ros2-5/test_gui/install/gakurobo_msgs/lib/python3.8/site-packages/gakurobo_msgs/msg/_setpower.py
[4.935s] -- Installing: /home/robohan-ros2-5/test_gui/install/gakurobo_msgs/lib/python3.8/site-packages/gakurobo_msgs/msg/_aims.py
[4.935s] -- Installing: /home/robohan-ros2-5/test_gui/install/gakurobo_msgs/lib/python3.8/site-packages/gakurobo_msgs/msg/_serch_sairo_s.c
[4.935s] -- Installing: /home/robohan-ros2-5/test_gui/install/gakurobo_msgs/lib/python3.8/site-packages/gakurobo_msgs/msg/_in_sairo.py
[4.935s] -- Installing: /home/robohan-ros2-5/test_gui/install/gakurobo_msgs/lib/python3.8/site-packages/gakurobo_msgs/msg/_kiki_udp_s.c
[4.935s] -- Installing: /home/robohan-ros2-5/test_gui/install/gakurobo_msgs/lib/python3.8/site-packages/gakurobo_msgs/msg/_serch_ball_s.c
[4.935s] -- Installing: /home/robohan-ros2-5/test_gui/install/gakurobo_msgs/lib/python3.8/site-packages/gakurobo_msgs/msg/_aims_s.c
[4.935s] -- Installing: /home/robohan-ros2-5/test_gui/install/gakurobo_msgs/lib/python3.8/site-packages/gakurobo_msgs/msg/_pid.py
[4.935s] -- Installing: /home/robohan-ros2-5/test_gui/install/gakurobo_msgs/lib/python3.8/site-packages/gakurobo_msgs/msg/_from_f7.py
[4.935s] -- Installing: /home/robohan-ros2-5/test_gui/install/gakurobo_msgs/lib/python3.8/site-packages/gakurobo_msgs/msg/_serch_sairo.py
[4.935s] -- Installing: /home/robohan-ros2-5/test_gui/install/gakurobo_msgs/lib/python3.8/site-packages/gakurobo_msgs/msg/_in_sairo_s.c
[4.935s] -- Installing: /home/robohan-ros2-5/test_gui/install/gakurobo_msgs/lib/python3.8/site-packages/gakurobo_msgs/msg/_kiki_udp.py
[4.935s] -- Installing: /home/robohan-ros2-5/test_gui/install/gakurobo_msgs/lib/python3.8/site-packages/gakurobo_msgs/msg/__init__.py
[4.936s] -- Installing: /home/robohan-ros2-5/test_gui/install/gakurobo_msgs/lib/python3.8/site-packages/gakurobo_msgs/msg/_from_f7_s.c
[4.936s] -- Installing: /home/robohan-ros2-5/test_gui/install/gakurobo_msgs/lib/python3.8/site-packages/gakurobo_msgs/msg/_serch_ball.py
[4.936s] -- Installing: /home/robohan-ros2-5/test_gui/install/gakurobo_msgs/lib/python3.8/site-packages/gakurobo_msgs/msg/_emergency_s.c
[4.936s] -- Installing: /home/robohan-ros2-5/test_gui/install/gakurobo_msgs/lib/python3.8/site-packages/gakurobo_msgs/msg/_setpower_s.c
[4.936s] -- Installing: /home/robohan-ros2-5/test_gui/install/gakurobo_msgs/lib/python3.8/site-packages/gakurobo_msgs/msg/_odom_s.c
[4.936s] -- Installing: /home/robohan-ros2-5/test_gui/install/gakurobo_msgs/lib/python3.8/site-packages/gakurobo_msgs/msg/_emergency.py
[4.936s] -- Installing: /home/robohan-ros2-5/test_gui/install/gakurobo_msgs/lib/python3.8/site-packages/gakurobo_msgs/msg/_odom.py
[4.936s] -- Installing: /home/robohan-ros2-5/test_gui/install/gakurobo_msgs/lib/python3.8/site-packages/gakurobo_msgs/gakurobo_msgs_s__rosidl_typesupport_fastrtps_c.cpython-38-x86_64-linux-gnu.so
[4.936s] -- Set non-toolchain portion of runtime path of "/home/robohan-ros2-5/test_gui/install/gakurobo_msgs/lib/python3.8/site-packages/gakurobo_msgs/gakurobo_msgs_s__rosidl_typesupport_fastrtps_c.cpython-38-x86_64-linux-gnu.so" to ""
[4.936s] -- Installing: /home/robohan-ros2-5/test_gui/install/gakurobo_msgs/lib/python3.8/site-packages/gakurobo_msgs/gakurobo_msgs_s__rosidl_typesupport_introspection_c.cpython-38-x86_64-linux-gnu.so
[4.936s] -- Set non-toolchain portion of runtime path of "/home/robohan-ros2-5/test_gui/install/gakurobo_msgs/lib/python3.8/site-packages/gakurobo_msgs/gakurobo_msgs_s__rosidl_typesupport_introspection_c.cpython-38-x86_64-linux-gnu.so" to ""
[4.936s] -- Installing: /home/robohan-ros2-5/test_gui/install/gakurobo_msgs/lib/python3.8/site-packages/gakurobo_msgs/gakurobo_msgs_s__rosidl_typesupport_c.cpython-38-x86_64-linux-gnu.so
[4.936s] -- Set non-toolchain portion of runtime path of "/home/robohan-ros2-5/test_gui/install/gakurobo_msgs/lib/python3.8/site-packages/gakurobo_msgs/gakurobo_msgs_s__rosidl_typesupport_c.cpython-38-x86_64-linux-gnu.so" to ""
[4.936s] -- Installing: /home/robohan-ros2-5/test_gui/install/gakurobo_msgs/lib/libgakurobo_msgs__python.so
[4.937s] -- Set non-toolchain portion of runtime path of "/home/robohan-ros2-5/test_gui/install/gakurobo_msgs/lib/libgakurobo_msgs__python.so" to ""
[4.937s] -- Installing: /home/robohan-ros2-5/test_gui/install/gakurobo_msgs/share/gakurobo_msgs/msg/SerchBall.idl
[4.937s] -- Installing: /home/robohan-ros2-5/test_gui/install/gakurobo_msgs/share/gakurobo_msgs/msg/SerchSairo.idl
[4.937s] -- Installing: /home/robohan-ros2-5/test_gui/install/gakurobo_msgs/share/gakurobo_msgs/msg/FromF7.idl
[4.937s] -- Installing: /home/robohan-ros2-5/test_gui/install/gakurobo_msgs/share/gakurobo_msgs/msg/Aims.idl
[4.937s] -- Installing: /home/robohan-ros2-5/test_gui/install/gakurobo_msgs/share/gakurobo_msgs/msg/Setpower.idl
[4.937s] -- Installing: /home/robohan-ros2-5/test_gui/install/gakurobo_msgs/share/gakurobo_msgs/msg/Pid.idl
[4.937s] -- Installing: /home/robohan-ros2-5/test_gui/install/gakurobo_msgs/share/gakurobo_msgs/msg/Emergency.idl
[4.937s] -- Installing: /home/robohan-ros2-5/test_gui/install/gakurobo_msgs/share/gakurobo_msgs/msg/InSairo.idl
[4.937s] -- Installing: /home/robohan-ros2-5/test_gui/install/gakurobo_msgs/share/gakurobo_msgs/msg/KikiUdp.idl
[4.937s] -- Installing: /home/robohan-ros2-5/test_gui/install/gakurobo_msgs/share/gakurobo_msgs/msg/Odom.idl
[4.937s] -- Installing: /home/robohan-ros2-5/test_gui/install/gakurobo_msgs/share/gakurobo_msgs/msg/SerchBall.msg
[4.937s] -- Installing: /home/robohan-ros2-5/test_gui/install/gakurobo_msgs/share/gakurobo_msgs/msg/SerchSairo.msg
[4.937s] -- Installing: /home/robohan-ros2-5/test_gui/install/gakurobo_msgs/share/gakurobo_msgs/msg/FromF7.msg
[4.937s] -- Installing: /home/robohan-ros2-5/test_gui/install/gakurobo_msgs/share/gakurobo_msgs/msg/Aims.msg
[4.937s] -- Installing: /home/robohan-ros2-5/test_gui/install/gakurobo_msgs/share/gakurobo_msgs/msg/Setpower.msg
[4.937s] -- Installing: /home/robohan-ros2-5/test_gui/install/gakurobo_msgs/share/gakurobo_msgs/msg/Pid.msg
[4.938s] -- Installing: /home/robohan-ros2-5/test_gui/install/gakurobo_msgs/share/gakurobo_msgs/msg/Emergency.msg
[4.938s] -- Installing: /home/robohan-ros2-5/test_gui/install/gakurobo_msgs/share/gakurobo_msgs/msg/InSairo.msg
[4.938s] -- Installing: /home/robohan-ros2-5/test_gui/install/gakurobo_msgs/share/gakurobo_msgs/msg/KikiUdp.msg
[4.938s] -- Installing: /home/robohan-ros2-5/test_gui/install/gakurobo_msgs/share/gakurobo_msgs/msg/Odom.msg
[4.938s] -- Installing: /home/robohan-ros2-5/test_gui/install/gakurobo_msgs/share/ament_index/resource_index/package_run_dependencies/gakurobo_msgs
[4.938s] -- Installing: /home/robohan-ros2-5/test_gui/install/gakurobo_msgs/share/ament_index/resource_index/parent_prefix_path/gakurobo_msgs
[4.938s] -- Installing: /home/robohan-ros2-5/test_gui/install/gakurobo_msgs/share/gakurobo_msgs/environment/ament_prefix_path.sh
[4.938s] -- Installing: /home/robohan-ros2-5/test_gui/install/gakurobo_msgs/share/gakurobo_msgs/environment/ament_prefix_path.dsv
[4.938s] -- Installing: /home/robohan-ros2-5/test_gui/install/gakurobo_msgs/share/gakurobo_msgs/environment/path.sh
[4.938s] -- Installing: /home/robohan-ros2-5/test_gui/install/gakurobo_msgs/share/gakurobo_msgs/environment/path.dsv
[4.938s] -- Installing: /home/robohan-ros2-5/test_gui/install/gakurobo_msgs/share/gakurobo_msgs/local_setup.bash
[4.938s] -- Installing: /home/robohan-ros2-5/test_gui/install/gakurobo_msgs/share/gakurobo_msgs/local_setup.sh
[4.938s] -- Installing: /home/robohan-ros2-5/test_gui/install/gakurobo_msgs/share/gakurobo_msgs/local_setup.zsh
[4.938s] -- Installing: /home/robohan-ros2-5/test_gui/install/gakurobo_msgs/share/gakurobo_msgs/local_setup.dsv
[4.938s] -- Installing: /home/robohan-ros2-5/test_gui/install/gakurobo_msgs/share/gakurobo_msgs/package.dsv
[4.939s] -- Installing: /home/robohan-ros2-5/test_gui/install/gakurobo_msgs/share/ament_index/resource_index/packages/gakurobo_msgs
[4.939s] -- Installing: /home/robohan-ros2-5/test_gui/install/gakurobo_msgs/share/gakurobo_msgs/cmake/gakurobo_msgs__rosidl_generator_cExport.cmake
[4.939s] -- Installing: /home/robohan-ros2-5/test_gui/install/gakurobo_msgs/share/gakurobo_msgs/cmake/gakurobo_msgs__rosidl_generator_cExport-noconfig.cmake
[4.939s] -- Installing: /home/robohan-ros2-5/test_gui/install/gakurobo_msgs/share/gakurobo_msgs/cmake/gakurobo_msgs__rosidl_typesupport_introspection_cExport.cmake
[4.939s] -- Installing: /home/robohan-ros2-5/test_gui/install/gakurobo_msgs/share/gakurobo_msgs/cmake/gakurobo_msgs__rosidl_typesupport_introspection_cExport-noconfig.cmake
[4.939s] -- Installing: /home/robohan-ros2-5/test_gui/install/gakurobo_msgs/share/gakurobo_msgs/cmake/gakurobo_msgs__rosidl_typesupport_cExport.cmake
[4.939s] -- Installing: /home/robohan-ros2-5/test_gui/install/gakurobo_msgs/share/gakurobo_msgs/cmake/gakurobo_msgs__rosidl_typesupport_cExport-noconfig.cmake
[4.939s] -- Installing: /home/robohan-ros2-5/test_gui/install/gakurobo_msgs/share/gakurobo_msgs/cmake/gakurobo_msgs__rosidl_generator_cppExport.cmake
[4.939s] -- Installing: /home/robohan-ros2-5/test_gui/install/gakurobo_msgs/share/gakurobo_msgs/cmake/gakurobo_msgs__rosidl_typesupport_introspection_cppExport.cmake
[4.939s] -- Installing: /home/robohan-ros2-5/test_gui/install/gakurobo_msgs/share/gakurobo_msgs/cmake/gakurobo_msgs__rosidl_typesupport_introspection_cppExport-noconfig.cmake
[4.939s] -- Installing: /home/robohan-ros2-5/test_gui/install/gakurobo_msgs/share/gakurobo_msgs/cmake/gakurobo_msgs__rosidl_typesupport_cppExport.cmake
[4.939s] -- Installing: /home/robohan-ros2-5/test_gui/install/gakurobo_msgs/share/gakurobo_msgs/cmake/gakurobo_msgs__rosidl_typesupport_cppExport-noconfig.cmake
[4.939s] -- Installing: /home/robohan-ros2-5/test_gui/install/gakurobo_msgs/share/gakurobo_msgs/cmake/rosidl_cmake-extras.cmake
[4.940s] -- Installing: /home/robohan-ros2-5/test_gui/install/gakurobo_msgs/share/gakurobo_msgs/cmake/ament_cmake_export_dependencies-extras.cmake
[4.940s] -- Installing: /home/robohan-ros2-5/test_gui/install/gakurobo_msgs/share/gakurobo_msgs/cmake/ament_cmake_export_libraries-extras.cmake
[4.940s] -- Installing: /home/robohan-ros2-5/test_gui/install/gakurobo_msgs/share/gakurobo_msgs/cmake/ament_cmake_export_targets-extras.cmake
[4.940s] -- Installing: /home/robohan-ros2-5/test_gui/install/gakurobo_msgs/share/gakurobo_msgs/cmake/ament_cmake_export_include_directories-extras.cmake
[4.940s] -- Installing: /home/robohan-ros2-5/test_gui/install/gakurobo_msgs/share/gakurobo_msgs/cmake/rosidl_cmake_export_typesupport_libraries-extras.cmake
[4.940s] -- Installing: /home/robohan-ros2-5/test_gui/install/gakurobo_msgs/share/gakurobo_msgs/cmake/rosidl_cmake_export_typesupport_targets-extras.cmake
[4.940s] -- Installing: /home/robohan-ros2-5/test_gui/install/gakurobo_msgs/share/gakurobo_msgs/cmake/gakurobo_msgsConfig.cmake
[4.940s] -- Installing: /home/robohan-ros2-5/test_gui/install/gakurobo_msgs/share/gakurobo_msgs/cmake/gakurobo_msgsConfig-version.cmake
[4.940s] -- Installing: /home/robohan-ros2-5/test_gui/install/gakurobo_msgs/share/gakurobo_msgs/package.xml
[4.941s] Invoked command in '/home/robohan-ros2-5/test_gui/build/gakurobo_msgs' returned '0': CMAKE_PREFIX_PATH=/opt/ros/foxy /usr/local/bin/cmake --install /home/robohan-ros2-5/test_gui/build/gakurobo_msgs
