[1.162s] DEBUG:colcon:Command line arguments: ['/usr/bin/colcon', 'build', '--packages-select', 'tutorial_interfaces']
[1.162s] DEBUG:colcon:Parsed command line arguments: Namespace(allow_overriding=[], ament_cmake_args=None, base_paths=['.'], build_base='build', catkin_cmake_args=None, catkin_skip_building_tests=False, cmake_args=None, cmake_clean_cache=False, cmake_clean_first=False, cmake_force_configure=False, cmake_target=None, cmake_target_skip_unavailable=False, continue_on_error=False, event_handlers=None, executor='parallel', ignore_user_meta=False, install_base='install', log_base=None, log_level=None, main=<bound method BuildVerb.main of <colcon_core.verb.build.BuildVerb object at 0x7f669e404640>>, merge_install=False, metas=['./colcon.meta'], packages_above=None, packages_above_and_dependencies=None, packages_above_depth=None, packages_end=None, packages_ignore=None, packages_ignore_regex=None, packages_select=['tutorial_interfaces'], packages_select_build_failed=False, packages_select_by_dep=None, packages_select_regex=None, packages_select_test_failures=False, packages_skip=None, packages_skip_build_finished=False, packages_skip_by_dep=None, packages_skip_regex=None, packages_skip_test_passed=False, packages_skip_up_to=None, packages_start=None, packages_up_to=None, packages_up_to_regex=None, parallel_workers=8, paths=None, symlink_install=False, test_result_base=None, verb_extension=<colcon_core.verb.build.BuildVerb object at 0x7f669e404640>, verb_name='build', verb_parser=<colcon_defaults.argument_parser.defaults.DefaultArgumentsDecorator object at 0x7f669e051910>)
[1.213s] Level 1:colcon.colcon_core.package_discovery:discover_packages(colcon_meta) check parameters
[1.213s] Level 1:colcon.colcon_core.package_discovery:discover_packages(recursive) check parameters
[1.213s] Level 1:colcon.colcon_core.package_discovery:discover_packages(ignore) check parameters
[1.213s] Level 1:colcon.colcon_core.package_discovery:discover_packages(path) check parameters
[1.213s] Level 1:colcon.colcon_core.package_discovery:discover_packages(colcon_meta) discover
[1.213s] Level 1:colcon.colcon_core.package_discovery:discover_packages(recursive) discover
[1.213s] INFO:colcon.colcon_core.package_discovery:Crawling recursively for packages in '/home/robohan-ros2-5/colcon_ws/src/tutorial_interfaces'
[1.213s] Level 1:colcon.colcon_core.package_identification:_identify(.) by extensions ['ignore', 'ignore_ament_install']
[1.213s] Level 1:colcon.colcon_core.package_identification:_identify(.) by extension 'ignore'
[1.213s] Level 1:colcon.colcon_core.package_identification:_identify(.) by extension 'ignore_ament_install'
[1.213s] Level 1:colcon.colcon_core.package_identification:_identify(.) by extensions ['colcon_pkg']
[1.213s] Level 1:colcon.colcon_core.package_identification:_identify(.) by extension 'colcon_pkg'
[1.213s] Level 1:colcon.colcon_core.package_identification:_identify(.) by extensions ['colcon_meta']
[1.213s] Level 1:colcon.colcon_core.package_identification:_identify(.) by extension 'colcon_meta'
[1.213s] Level 1:colcon.colcon_core.package_identification:_identify(.) by extensions ['ros']
[1.213s] Level 1:colcon.colcon_core.package_identification:_identify(.) by extension 'ros'
[1.221s] DEBUG:colcon.colcon_core.package_identification:Package '.' with type 'ros.ament_cmake' and name 'tutorial_interfaces'
[1.221s] Level 1:colcon.colcon_core.package_discovery:discover_packages(recursive) using defaults
[1.221s] Level 1:colcon.colcon_core.package_discovery:discover_packages(ignore) discover
[1.221s] Level 1:colcon.colcon_core.package_discovery:discover_packages(ignore) using defaults
[1.221s] Level 1:colcon.colcon_core.package_discovery:discover_packages(path) discover
[1.221s] Level 1:colcon.colcon_core.package_discovery:discover_packages(path) using defaults
[1.335s] Level 1:colcon.colcon_core.package_discovery:discover_packages(prefix_path) check parameters
[1.335s] Level 1:colcon.colcon_core.package_discovery:discover_packages(prefix_path) discover
[1.375s] DEBUG:colcon.colcon_installed_package_information.package_discovery:Found 269 installed packages in /opt/ros/foxy
[1.375s] Level 1:colcon.colcon_core.package_discovery:discover_packages(prefix_path) using defaults
[1.452s] Level 5:colcon.colcon_core.verb:set package 'tutorial_interfaces' build argument 'cmake_args' from command line to 'None'
[1.452s] Level 5:colcon.colcon_core.verb:set package 'tutorial_interfaces' build argument 'cmake_target' from command line to 'None'
[1.452s] Level 5:colcon.colcon_core.verb:set package 'tutorial_interfaces' build argument 'cmake_target_skip_unavailable' from command line to 'False'
[1.452s] Level 5:colcon.colcon_core.verb:set package 'tutorial_interfaces' build argument 'cmake_clean_cache' from command line to 'False'
[1.452s] Level 5:colcon.colcon_core.verb:set package 'tutorial_interfaces' build argument 'cmake_clean_first' from command line to 'False'
[1.452s] Level 5:colcon.colcon_core.verb:set package 'tutorial_interfaces' build argument 'cmake_force_configure' from command line to 'False'
[1.452s] Level 5:colcon.colcon_core.verb:set package 'tutorial_interfaces' build argument 'ament_cmake_args' from command line to 'None'
[1.452s] Level 5:colcon.colcon_core.verb:set package 'tutorial_interfaces' build argument 'catkin_cmake_args' from command line to 'None'
[1.452s] Level 5:colcon.colcon_core.verb:set package 'tutorial_interfaces' build argument 'catkin_skip_building_tests' from command line to 'False'
[1.452s] DEBUG:colcon.colcon_core.verb:Building package 'tutorial_interfaces' with the following arguments: {'ament_cmake_args': None, 'build_base': '/home/robohan-ros2-5/colcon_ws/src/tutorial_interfaces/build/tutorial_interfaces', 'catkin_cmake_args': None, 'catkin_skip_building_tests': False, 'cmake_args': None, 'cmake_clean_cache': False, 'cmake_clean_first': False, 'cmake_force_configure': False, 'cmake_target': None, 'cmake_target_skip_unavailable': False, 'install_base': '/home/robohan-ros2-5/colcon_ws/src/tutorial_interfaces/install/tutorial_interfaces', 'merge_install': False, 'path': '/home/robohan-ros2-5/colcon_ws/src/tutorial_interfaces', 'symlink_install': False, 'test_result_base': None}
[1.471s] INFO:colcon.colcon_core.executor:Executing jobs using 'parallel' executor
[1.491s] DEBUG:colcon.colcon_parallel_executor.executor.parallel:run_until_complete
[1.491s] INFO:colcon.colcon_ros.task.ament_cmake.build:Building ROS package in '/home/robohan-ros2-5/colcon_ws/src/tutorial_interfaces' with build type 'ament_cmake'
[1.491s] INFO:colcon.colcon_cmake.task.cmake.build:Building CMake package in '/home/robohan-ros2-5/colcon_ws/src/tutorial_interfaces'
[1.513s] INFO:colcon.colcon_core.plugin_system:Skipping extension 'colcon_core.shell.bat': Not used on non-Windows systems
[1.513s] INFO:colcon.colcon_core.shell:Skip shell extension 'powershell' for command environment: Not usable outside of PowerShell
[1.513s] DEBUG:colcon.colcon_core.shell:Skip shell extension 'dsv' for command environment
[1.566s] DEBUG:colcon.colcon_core.event_handler.log_command:Invoking command in '/home/robohan-ros2-5/colcon_ws/src/tutorial_interfaces/build/tutorial_interfaces': CMAKE_PREFIX_PATH=/opt/ros/foxy /usr/local/bin/cmake /home/robohan-ros2-5/colcon_ws/src/tutorial_interfaces -DCMAKE_INSTALL_PREFIX=/home/robohan-ros2-5/colcon_ws/src/tutorial_interfaces/install/tutorial_interfaces
[2.541s] DEBUG:colcon.colcon_core.event_handler.log_command:Invoked command in '/home/robohan-ros2-5/colcon_ws/src/tutorial_interfaces/build/tutorial_interfaces' returned '0': CMAKE_PREFIX_PATH=/opt/ros/foxy /usr/local/bin/cmake /home/robohan-ros2-5/colcon_ws/src/tutorial_interfaces -DCMAKE_INSTALL_PREFIX=/home/robohan-ros2-5/colcon_ws/src/tutorial_interfaces/install/tutorial_interfaces
[2.543s] DEBUG:colcon.colcon_core.event_handler.log_command:Invoking command in '/home/robohan-ros2-5/colcon_ws/src/tutorial_interfaces/build/tutorial_interfaces': CMAKE_PREFIX_PATH=/opt/ros/foxy /usr/local/bin/cmake --build /home/robohan-ros2-5/colcon_ws/src/tutorial_interfaces/build/tutorial_interfaces -- -j8 -l8
[4.148s] DEBUG:colcon.colcon_core.event_handler.log_command:Invoked command in '/home/robohan-ros2-5/colcon_ws/src/tutorial_interfaces/build/tutorial_interfaces' returned '0': CMAKE_PREFIX_PATH=/opt/ros/foxy /usr/local/bin/cmake --build /home/robohan-ros2-5/colcon_ws/src/tutorial_interfaces/build/tutorial_interfaces -- -j8 -l8
[4.176s] DEBUG:colcon.colcon_core.event_handler.log_command:Invoking command in '/home/robohan-ros2-5/colcon_ws/src/tutorial_interfaces/build/tutorial_interfaces': CMAKE_PREFIX_PATH=/opt/ros/foxy /usr/local/bin/cmake --install /home/robohan-ros2-5/colcon_ws/src/tutorial_interfaces/build/tutorial_interfaces
[4.212s] Level 1:colcon.colcon_core.environment:create_environment_scripts_only(tutorial_interfaces)
[4.212s] DEBUG:colcon.colcon_core.event_handler.log_command:Invoked command in '/home/robohan-ros2-5/colcon_ws/src/tutorial_interfaces/build/tutorial_interfaces' returned '0': CMAKE_PREFIX_PATH=/opt/ros/foxy /usr/local/bin/cmake --install /home/robohan-ros2-5/colcon_ws/src/tutorial_interfaces/build/tutorial_interfaces
[4.234s] Level 1:colcon.colcon_core.environment:checking '/home/robohan-ros2-5/colcon_ws/src/tutorial_interfaces/install/tutorial_interfaces' for CMake module files
[4.235s] Level 1:colcon.colcon_core.environment:checking '/home/robohan-ros2-5/colcon_ws/src/tutorial_interfaces/install/tutorial_interfaces' for CMake config files
[4.235s] Level 1:colcon.colcon_core.shell:create_environment_hook('tutorial_interfaces', 'cmake_prefix_path')
[4.255s] INFO:colcon.colcon_core.shell:Creating environment hook '/home/robohan-ros2-5/colcon_ws/src/tutorial_interfaces/install/tutorial_interfaces/share/tutorial_interfaces/hook/cmake_prefix_path.ps1'
[4.255s] INFO:colcon.colcon_core.shell:Creating environment descriptor '/home/robohan-ros2-5/colcon_ws/src/tutorial_interfaces/install/tutorial_interfaces/share/tutorial_interfaces/hook/cmake_prefix_path.dsv'
[4.256s] INFO:colcon.colcon_core.shell:Creating environment hook '/home/robohan-ros2-5/colcon_ws/src/tutorial_interfaces/install/tutorial_interfaces/share/tutorial_interfaces/hook/cmake_prefix_path.sh'
[4.256s] Level 1:colcon.colcon_core.environment:checking '/home/robohan-ros2-5/colcon_ws/src/tutorial_interfaces/install/tutorial_interfaces/lib'
[4.256s] Level 1:colcon.colcon_core.shell:create_environment_hook('tutorial_interfaces', 'ld_library_path_lib')
[4.276s] INFO:colcon.colcon_core.shell:Creating environment hook '/home/robohan-ros2-5/colcon_ws/src/tutorial_interfaces/install/tutorial_interfaces/share/tutorial_interfaces/hook/ld_library_path_lib.ps1'
[4.277s] INFO:colcon.colcon_core.shell:Creating environment descriptor '/home/robohan-ros2-5/colcon_ws/src/tutorial_interfaces/install/tutorial_interfaces/share/tutorial_interfaces/hook/ld_library_path_lib.dsv'
[4.277s] INFO:colcon.colcon_core.shell:Creating environment hook '/home/robohan-ros2-5/colcon_ws/src/tutorial_interfaces/install/tutorial_interfaces/share/tutorial_interfaces/hook/ld_library_path_lib.sh'
[4.277s] Level 1:colcon.colcon_core.environment:checking '/home/robohan-ros2-5/colcon_ws/src/tutorial_interfaces/install/tutorial_interfaces/bin'
[4.277s] Level 1:colcon.colcon_core.environment:checking '/home/robohan-ros2-5/colcon_ws/src/tutorial_interfaces/install/tutorial_interfaces/lib/pkgconfig/tutorial_interfaces.pc'
[4.277s] Level 1:colcon.colcon_core.environment:checking '/home/robohan-ros2-5/colcon_ws/src/tutorial_interfaces/install/tutorial_interfaces/lib/python3.8/site-packages'
[4.277s] Level 1:colcon.colcon_core.shell:create_environment_hook('tutorial_interfaces', 'pythonpath')
[4.297s] INFO:colcon.colcon_core.shell:Creating environment hook '/home/robohan-ros2-5/colcon_ws/src/tutorial_interfaces/install/tutorial_interfaces/share/tutorial_interfaces/hook/pythonpath.ps1'
[4.298s] INFO:colcon.colcon_core.shell:Creating environment descriptor '/home/robohan-ros2-5/colcon_ws/src/tutorial_interfaces/install/tutorial_interfaces/share/tutorial_interfaces/hook/pythonpath.dsv'
[4.298s] INFO:colcon.colcon_core.shell:Creating environment hook '/home/robohan-ros2-5/colcon_ws/src/tutorial_interfaces/install/tutorial_interfaces/share/tutorial_interfaces/hook/pythonpath.sh'
[4.298s] Level 1:colcon.colcon_core.environment:checking '/home/robohan-ros2-5/colcon_ws/src/tutorial_interfaces/install/tutorial_interfaces/bin'
[4.318s] INFO:colcon.colcon_core.shell:Creating package script '/home/robohan-ros2-5/colcon_ws/src/tutorial_interfaces/install/tutorial_interfaces/share/tutorial_interfaces/package.ps1'
[4.318s] INFO:colcon.colcon_core.shell:Creating package descriptor '/home/robohan-ros2-5/colcon_ws/src/tutorial_interfaces/install/tutorial_interfaces/share/tutorial_interfaces/package.dsv'
[4.319s] INFO:colcon.colcon_core.shell:Creating package script '/home/robohan-ros2-5/colcon_ws/src/tutorial_interfaces/install/tutorial_interfaces/share/tutorial_interfaces/package.sh'
[4.319s] INFO:colcon.colcon_core.shell:Creating package script '/home/robohan-ros2-5/colcon_ws/src/tutorial_interfaces/install/tutorial_interfaces/share/tutorial_interfaces/package.bash'
[4.319s] INFO:colcon.colcon_core.shell:Creating package script '/home/robohan-ros2-5/colcon_ws/src/tutorial_interfaces/install/tutorial_interfaces/share/tutorial_interfaces/package.zsh'
[4.320s] Level 1:colcon.colcon_core.environment:create_file_with_runtime_dependencies(/home/robohan-ros2-5/colcon_ws/src/tutorial_interfaces/install/tutorial_interfaces/share/colcon-core/packages/tutorial_interfaces)
[4.365s] Level 1:colcon.colcon_core.environment:create_environment_scripts_only(tutorial_interfaces)
[4.385s] Level 1:colcon.colcon_core.environment:checking '/home/robohan-ros2-5/colcon_ws/src/tutorial_interfaces/install/tutorial_interfaces' for CMake module files
[4.386s] Level 1:colcon.colcon_core.environment:checking '/home/robohan-ros2-5/colcon_ws/src/tutorial_interfaces/install/tutorial_interfaces' for CMake config files
[4.386s] Level 1:colcon.colcon_core.shell:create_environment_hook('tutorial_interfaces', 'cmake_prefix_path')
[4.406s] INFO:colcon.colcon_core.shell:Creating environment hook '/home/robohan-ros2-5/colcon_ws/src/tutorial_interfaces/install/tutorial_interfaces/share/tutorial_interfaces/hook/cmake_prefix_path.ps1'
[4.406s] INFO:colcon.colcon_core.shell:Creating environment descriptor '/home/robohan-ros2-5/colcon_ws/src/tutorial_interfaces/install/tutorial_interfaces/share/tutorial_interfaces/hook/cmake_prefix_path.dsv'
[4.406s] INFO:colcon.colcon_core.shell:Creating environment hook '/home/robohan-ros2-5/colcon_ws/src/tutorial_interfaces/install/tutorial_interfaces/share/tutorial_interfaces/hook/cmake_prefix_path.sh'
[4.407s] Level 1:colcon.colcon_core.environment:checking '/home/robohan-ros2-5/colcon_ws/src/tutorial_interfaces/install/tutorial_interfaces/lib'
[4.407s] Level 1:colcon.colcon_core.shell:create_environment_hook('tutorial_interfaces', 'ld_library_path_lib')
[4.427s] INFO:colcon.colcon_core.shell:Creating environment hook '/home/robohan-ros2-5/colcon_ws/src/tutorial_interfaces/install/tutorial_interfaces/share/tutorial_interfaces/hook/ld_library_path_lib.ps1'
[4.427s] INFO:colcon.colcon_core.shell:Creating environment descriptor '/home/robohan-ros2-5/colcon_ws/src/tutorial_interfaces/install/tutorial_interfaces/share/tutorial_interfaces/hook/ld_library_path_lib.dsv'
[4.427s] INFO:colcon.colcon_core.shell:Creating environment hook '/home/robohan-ros2-5/colcon_ws/src/tutorial_interfaces/install/tutorial_interfaces/share/tutorial_interfaces/hook/ld_library_path_lib.sh'
[4.428s] Level 1:colcon.colcon_core.environment:checking '/home/robohan-ros2-5/colcon_ws/src/tutorial_interfaces/install/tutorial_interfaces/bin'
[4.428s] Level 1:colcon.colcon_core.environment:checking '/home/robohan-ros2-5/colcon_ws/src/tutorial_interfaces/install/tutorial_interfaces/lib/pkgconfig/tutorial_interfaces.pc'
[4.428s] Level 1:colcon.colcon_core.environment:checking '/home/robohan-ros2-5/colcon_ws/src/tutorial_interfaces/install/tutorial_interfaces/lib/python3.8/site-packages'
[4.428s] Level 1:colcon.colcon_core.shell:create_environment_hook('tutorial_interfaces', 'pythonpath')
[4.448s] INFO:colcon.colcon_core.shell:Creating environment hook '/home/robohan-ros2-5/colcon_ws/src/tutorial_interfaces/install/tutorial_interfaces/share/tutorial_interfaces/hook/pythonpath.ps1'
[4.448s] INFO:colcon.colcon_core.shell:Creating environment descriptor '/home/robohan-ros2-5/colcon_ws/src/tutorial_interfaces/install/tutorial_interfaces/share/tutorial_interfaces/hook/pythonpath.dsv'
[4.448s] INFO:colcon.colcon_core.shell:Creating environment hook '/home/robohan-ros2-5/colcon_ws/src/tutorial_interfaces/install/tutorial_interfaces/share/tutorial_interfaces/hook/pythonpath.sh'
[4.449s] Level 1:colcon.colcon_core.environment:checking '/home/robohan-ros2-5/colcon_ws/src/tutorial_interfaces/install/tutorial_interfaces/bin'
[4.471s] INFO:colcon.colcon_core.shell:Creating package script '/home/robohan-ros2-5/colcon_ws/src/tutorial_interfaces/install/tutorial_interfaces/share/tutorial_interfaces/package.ps1'
[4.472s] INFO:colcon.colcon_core.shell:Creating package descriptor '/home/robohan-ros2-5/colcon_ws/src/tutorial_interfaces/install/tutorial_interfaces/share/tutorial_interfaces/package.dsv'
[4.472s] INFO:colcon.colcon_core.shell:Creating package script '/home/robohan-ros2-5/colcon_ws/src/tutorial_interfaces/install/tutorial_interfaces/share/tutorial_interfaces/package.sh'
[4.472s] INFO:colcon.colcon_core.shell:Creating package script '/home/robohan-ros2-5/colcon_ws/src/tutorial_interfaces/install/tutorial_interfaces/share/tutorial_interfaces/package.bash'
[4.472s] INFO:colcon.colcon_core.shell:Creating package script '/home/robohan-ros2-5/colcon_ws/src/tutorial_interfaces/install/tutorial_interfaces/share/tutorial_interfaces/package.zsh'
[4.473s] Level 1:colcon.colcon_core.environment:create_file_with_runtime_dependencies(/home/robohan-ros2-5/colcon_ws/src/tutorial_interfaces/install/tutorial_interfaces/share/colcon-core/packages/tutorial_interfaces)
[4.473s] DEBUG:colcon.colcon_parallel_executor.executor.parallel:closing loop
[4.473s] DEBUG:colcon.colcon_parallel_executor.executor.parallel:loop closed
[4.473s] DEBUG:colcon.colcon_parallel_executor.executor.parallel:run_until_complete finished with '0'
[4.473s] DEBUG:colcon.colcon_core.event_reactor:joining thread
[4.499s] INFO:colcon.colcon_core.plugin_system:Skipping extension 'colcon_notification.desktop_notification.terminal_notifier': Not used on non-Darwin systems
[4.499s] INFO:colcon.colcon_core.plugin_system:Skipping extension 'colcon_notification.desktop_notification.win32': Not used on non-Windows systems
[4.499s] INFO:colcon.colcon_notification.desktop_notification:Sending desktop notification using 'notify2'
[4.508s] DEBUG:colcon.colcon_core.event_reactor:joined thread
[4.529s] INFO:colcon.colcon_core.shell:Creating prefix script '/home/robohan-ros2-5/colcon_ws/src/tutorial_interfaces/install/local_setup.ps1'
[4.530s] INFO:colcon.colcon_core.shell:Creating prefix util module '/home/robohan-ros2-5/colcon_ws/src/tutorial_interfaces/install/_local_setup_util_ps1.py'
[4.531s] INFO:colcon.colcon_core.shell:Creating prefix chain script '/home/robohan-ros2-5/colcon_ws/src/tutorial_interfaces/install/setup.ps1'
[4.551s] INFO:colcon.colcon_core.shell:Creating prefix script '/home/robohan-ros2-5/colcon_ws/src/tutorial_interfaces/install/local_setup.sh'
[4.552s] INFO:colcon.colcon_core.shell:Creating prefix util module '/home/robohan-ros2-5/colcon_ws/src/tutorial_interfaces/install/_local_setup_util_sh.py'
[4.552s] INFO:colcon.colcon_core.shell:Creating prefix chain script '/home/robohan-ros2-5/colcon_ws/src/tutorial_interfaces/install/setup.sh'
[4.573s] INFO:colcon.colcon_core.shell:Creating prefix script '/home/robohan-ros2-5/colcon_ws/src/tutorial_interfaces/install/local_setup.bash'
[4.573s] INFO:colcon.colcon_core.shell:Creating prefix chain script '/home/robohan-ros2-5/colcon_ws/src/tutorial_interfaces/install/setup.bash'
[4.593s] INFO:colcon.colcon_core.shell:Creating prefix script '/home/robohan-ros2-5/colcon_ws/src/tutorial_interfaces/install/local_setup.zsh'
[4.593s] INFO:colcon.colcon_core.shell:Creating prefix chain script '/home/robohan-ros2-5/colcon_ws/src/tutorial_interfaces/install/setup.zsh'
